[15:41:36] DEBUG::Game Window : Alde-Ocard
[15:41:36] DEBUG::Game Panel Resolution : 563x411
[15:41:36] DEBUG::Move UP Point : 281x0
[15:41:36] DEBUG::Move RIGHT Point : 531x205
[15:41:36] DEBUG::Move DOWN Point : 281x348
[15:41:36] DEBUG::Move LEFT Point : 28x205
[15:41:36] DEBUG::Map Pixel To Check [1] ( X: 70 Y: 3)
[15:41:36] DEBUG::Map Pixel To Check [2] ( X: 457 Y: 3)
[15:41:36] DEBUG::Map Pixel To Check [3] ( X: 457 Y: 344)
[15:41:36] DEBUG::Map Pixel To Check [4] ( X: 70 Y: 344)
[15:41:40] DEBUG::Run Bot
[15:41:40] Trajet : Trajet_13-06-16_18-40-10
[15:41:40] DEBUG::Trajet File E:\Pixus\Pixus\bin\Debug\Trajet_13-06-16_18-40-10.txt
[15:41:40] Action : Aucune
[15:41:44] DEBUG::Closing PopUps
[15:41:47] DEBUG::Step UP::380

----------------------------------------------------------------------------------------------------
-----------------------------------------WaitForMapToChange-----------------------------------------
----------------------------------------------------------------------------------------------------
[15:41:47] DEBUG::Map Pixel (X: 70 Y: 3) Color (R: 212 G: 198 B: 69)
[15:41:47] DEBUG::Map Pixel (X: 457 Y: 3) Color (R: 218 G: 204 B: 109)
[15:41:47] DEBUG::Map Pixel (X: 457 Y: 344) Color (R: 244 G: 202 B: 73)
[15:41:47] DEBUG::Map Pixel (X: 70 Y: 344) Color (R: 173 G: 133 B: 40)
----------------------------------------------------------------------------------------------------
[15:41:49] DEBUG::Stop Bot
[15:42:17] DEBUG::Game Window : Alde-Ocard
[15:42:17] DEBUG::Game Panel Resolution : 563x411
[15:42:17] DEBUG::Move UP Point : 281x0
[15:42:17] DEBUG::Move RIGHT Point : 531x205
[15:42:17] DEBUG::Move DOWN Point : 281x348
[15:42:17] DEBUG::Move LEFT Point : 28x205
[15:42:17] DEBUG::Map Pixel To Check [1] ( X: 70 Y: 3)
[15:42:17] DEBUG::Map Pixel To Check [2] ( X: 457 Y: 3)
[15:42:17] DEBUG::Map Pixel To Check [3] ( X: 457 Y: 344)
[15:42:17] DEBUG::Map Pixel To Check [4] ( X: 70 Y: 344)
[15:42:20] DEBUG::Run Bot
[15:42:20] Trajet : Trajet_13-06-16_18-40-10
[15:42:20] DEBUG::Trajet File E:\Pixus\Pixus\bin\Debug\Trajet_13-06-16_18-40-10.txt
[15:42:20] Action : Aucune
[15:42:22] DEBUG::Step UP::380

----------------------------------------------------------------------------------------------------
-----------------------------------------WaitForMapToChange-----------------------------------------
----------------------------------------------------------------------------------------------------
[15:42:22] DEBUG::Map Pixel (X: 70 Y: 3) Color (R: 232 G: 200 B: 125)
[15:42:22] DEBUG::Map Pixel (X: 457 Y: 3) Color (R: 241 G: 191 B: 61)
[15:42:22] DEBUG::Map Pixel (X: 457 Y: 344) Color (R: 36 G: 31 B: 28)
[15:42:22] DEBUG::Map Pixel (X: 70 Y: 344) Color (R: 36 G: 31 B: 28)
----------------------------------------------------------------------------------------------------
[15:42:27] DEBUG::Stop Bot
[15:44:02] DEBUG::Game Window : Alde-Ocard
[15:44:02] DEBUG::Game Panel Resolution : 563x411
[15:44:02] DEBUG::Move UP Point : 281x0
[15:44:02] DEBUG::Move RIGHT Point : 531x205
[15:44:02] DEBUG::Move DOWN Point : 281x348
[15:44:02] DEBUG::Move LEFT Point : 28x205
[15:44:02] DEBUG::Map Pixel To Check [1] ( X: 70 Y: 3)
[15:44:02] DEBUG::Map Pixel To Check [2] ( X: 457 Y: 3)
[15:44:02] DEBUG::Map Pixel To Check [3] ( X: 457 Y: 344)
[15:44:02] DEBUG::Map Pixel To Check [4] ( X: 70 Y: 344)
[15:44:05] DEBUG::Run Bot
[15:44:05] Trajet : Trajet_13-06-16_18-40-10
[15:44:05] DEBUG::Trajet File E:\Pixus\Pixus\bin\Debug\Trajet_13-06-16_18-40-10.txt
[15:44:05] Action : Aucune
[15:44:06] DEBUG::Step UP::380

----------------------------------------------------------------------------------------------------
-----------------------------------------WaitForMapToChange-----------------------------------------
----------------------------------------------------------------------------------------------------
[15:44:06] DEBUG::Map Pixel (X: 70 Y: 3) Color (R: 212 G: 198 B: 69)
[15:44:06] DEBUG::Map Pixel (X: 457 Y: 3) Color (R: 219 G: 205 B: 106)
[15:44:06] DEBUG::Map Pixel (X: 457 Y: 344) Color (R: 36 G: 31 B: 28)
[15:44:06] DEBUG::Map Pixel (X: 70 Y: 344) Color (R: 36 G: 31 B: 28)
----------------------------------------------------------------------------------------------------
[15:44:08] DEBUG::Stop Bot
[15:47:15] DEBUG::Game Window : Alde-Ocard
[15:47:15] DEBUG::Game Panel Resolution : 563x411
[15:47:15] DEBUG::Move UP Point : 281x0
[15:47:15] DEBUG::Move RIGHT Point : 531x205
[15:47:15] DEBUG::Move DOWN Point : 281x348
[15:47:15] DEBUG::Move LEFT Point : 28x205
[15:47:15] DEBUG::Map Pixel To Check [1] ( X: 70 Y: 3)
[15:47:15] DEBUG::Map Pixel To Check [2] ( X: 457 Y: 3)
[15:47:15] DEBUG::Map Pixel To Check [3] ( X: 457 Y: 344)
[15:47:15] DEBUG::Map Pixel To Check [4] ( X: 70 Y: 344)
[15:47:18] DEBUG::Run Bot
[15:47:18] Trajet : Trajet_13-06-16_18-40-10
[15:47:18] DEBUG::Trajet File E:\Pixus\Pixus\bin\Debug\Trajet_13-06-16_18-40-10.txt
[15:47:18] Action : Aucune
[15:47:18] DEBUG::Closing PopUps
[15:47:18] DEBUG::Closing PopUps
[15:47:19] DEBUG::Step UP::380

----------------------------------------------------------------------------------------------------
-----------------------------------------WaitForMapToChange-----------------------------------------
----------------------------------------------------------------------------------------------------
[15:47:19] DEBUG::Map Pixel (X: 70 Y: 3) Color (R: 182 G: 165 B: 48)
[15:47:19] DEBUG::Map Pixel (X: 457 Y: 3) Color (R: 40 G: 54 B: 80)
[15:47:19] DEBUG::Map Pixel (X: 457 Y: 344) Color (R: 255 G: 249 B: 146)
[15:47:19] DEBUG::Map Pixel (X: 70 Y: 344) Color (R: 215 G: 179 B: 76)
----------------------------------------------------------------------------------------------------
[15:47:20] DEBUG::Stop Bot
[15:50:36] DEBUG::Game Window : Alde-Ocard
[15:50:36] DEBUG::Game Panel Resolution : 563x411
[15:50:36] DEBUG::Move UP Point : 281x0
[15:50:36] DEBUG::Move RIGHT Point : 531x205
[15:50:36] DEBUG::Move DOWN Point : 281x348
[15:50:36] DEBUG::Move LEFT Point : 28x205
[15:50:36] DEBUG::Map Pixel To Check [1] ( X: 70 Y: 3)
[15:50:36] DEBUG::Map Pixel To Check [2] ( X: 457 Y: 3)
[15:50:36] DEBUG::Map Pixel To Check [3] ( X: 457 Y: 344)
[15:50:36] DEBUG::Map Pixel To Check [4] ( X: 70 Y: 344)
[15:50:43] DEBUG::Game Window : Alde-Ocard
[15:50:43] DEBUG::Game Panel Resolution : 563x411
[15:50:43] DEBUG::Move UP Point : 281x0
[15:50:43] DEBUG::Move RIGHT Point : 531x205
[15:50:43] DEBUG::Move DOWN Point : 281x348
[15:50:43] DEBUG::Move LEFT Point : 28x205
[15:50:43] DEBUG::Map Pixel To Check [1] ( X: 70 Y: 3)
[15:50:43] DEBUG::Map Pixel To Check [2] ( X: 457 Y: 3)
[15:50:43] DEBUG::Map Pixel To Check [3] ( X: 457 Y: 344)
[15:50:43] DEBUG::Map Pixel To Check [4] ( X: 70 Y: 344)
[15:50:47] DEBUG::Run Bot
[15:50:47] Trajet : Trajet_13-06-16_18-40-10
[15:50:47] DEBUG::Trajet File E:\Pixus\Pixus\bin\Debug\Trajet_13-06-16_18-40-10.txt
[15:50:47] Action : Aucune
[15:50:47] DEBUG::Closing PopUps
[15:50:48] DEBUG::Closing PopUps
[15:50:49] DEBUG::Step UP::380

----------------------------------------------------------------------------------------------------
-----------------------------------------WaitForMapToChange-----------------------------------------
----------------------------------------------------------------------------------------------------
[15:50:49] DEBUG::Map Pixel (X: 70 Y: 3) Color (R: 212 G: 198 B: 69)
[15:50:49] DEBUG::Map Pixel (X: 457 Y: 3) Color (R: 219 G: 205 B: 106)
[15:50:49] DEBUG::Map Pixel (X: 457 Y: 344) Color (R: 244 G: 202 B: 71)
[15:50:49] DEBUG::Map Pixel (X: 70 Y: 344) Color (R: 173 G: 133 B: 42)
----------------------------------------------------------------------------------------------------
[15:50:53] DEBUG::Closing PopUps
[15:50:54] DEBUG::Step RIGHT::250

----------------------------------------------------------------------------------------------------
-----------------------------------------WaitForMapToChange-----------------------------------------
----------------------------------------------------------------------------------------------------
[15:50:54] DEBUG::Map Pixel (X: 70 Y: 3) Color (R: 235 G: 201 B: 126)
[15:50:54] DEBUG::Map Pixel (X: 457 Y: 3) Color (R: 240 G: 191 B: 68)
[15:50:54] DEBUG::Map Pixel (X: 457 Y: 344) Color (R: 123 G: 89 B: 14)
[15:50:54] DEBUG::Map Pixel (X: 70 Y: 344) Color (R: 216 G: 168 B: 40)
----------------------------------------------------------------------------------------------------
[15:51:00] DEBUG::Step DOWN::380

----------------------------------------------------------------------------------------------------
-----------------------------------------WaitForMapToChange-----------------------------------------
----------------------------------------------------------------------------------------------------
[15:51:00] DEBUG::Map Pixel (X: 70 Y: 3) Color (R: 222 G: 181 B: 101)
[15:51:00] DEBUG::Map Pixel (X: 457 Y: 3) Color (R: 75 G: 97 B: 134)
[15:51:00] DEBUG::Map Pixel (X: 457 Y: 344) Color (R: 104 G: 92 B: 82)
[15:51:00] DEBUG::Map Pixel (X: 70 Y: 344) Color (R: 169 G: 147 B: 96)
----------------------------------------------------------------------------------------------------
[15:51:10] La map ne change pas, veuillez vérifier/modifier le trajet.
[15:51:10] DEBUG::Suspend Bot
[15:52:17] DEBUG::Game Window : Alde-Ocard
[15:52:17] DEBUG::Game Panel Resolution : 563x411
[15:52:17] DEBUG::Move UP Point : 281x0
[15:52:17] DEBUG::Move RIGHT Point : 531x205
[15:52:17] DEBUG::Move DOWN Point : 281x348
[15:52:17] DEBUG::Move LEFT Point : 28x205
[15:52:17] DEBUG::Map Pixel To Check [1] ( X: 70 Y: 3)
[15:52:17] DEBUG::Map Pixel To Check [2] ( X: 457 Y: 3)
[15:52:17] DEBUG::Map Pixel To Check [3] ( X: 457 Y: 344)
[15:52:17] DEBUG::Map Pixel To Check [4] ( X: 70 Y: 344)
[15:52:20] DEBUG::Run Bot
[15:52:20] Trajet : Trajet_13-06-16_18-40-10
[15:52:20] DEBUG::Trajet File E:\Pixus\Pixus\bin\Debug\Trajet_13-06-16_18-40-10.txt
[15:52:20] Action : Aucune
[15:52:21] DEBUG::Closing PopUps
[15:52:22] DEBUG::Step UP::380

----------------------------------------------------------------------------------------------------
-----------------------------------------WaitForMapToChange-----------------------------------------
----------------------------------------------------------------------------------------------------
[15:52:22] DEBUG::Map Pixel (X: 70 Y: 3) Color (R: 165 G: 124 B: 68)
[15:52:22] DEBUG::Map Pixel (X: 457 Y: 3) Color (R: 189 G: 153 B: 71)
[15:52:22] DEBUG::Map Pixel (X: 457 Y: 344) Color (R: 255 G: 255 B: 214)
[15:52:22] DEBUG::Map Pixel (X: 70 Y: 344) Color (R: 167 G: 111 B: 17)
----------------------------------------------------------------------------------------------------
[15:52:29] DEBUG::Step RIGHT::250

----------------------------------------------------------------------------------------------------
-----------------------------------------WaitForMapToChange-----------------------------------------
----------------------------------------------------------------------------------------------------
[15:52:29] DEBUG::Map Pixel (X: 70 Y: 3) Color (R: 222 G: 201 B: 114)
[15:52:29] DEBUG::Map Pixel (X: 457 Y: 3) Color (R: 244 G: 201 B: 81)
[15:52:29] DEBUG::Map Pixel (X: 457 Y: 344) Color (R: 164 G: 131 B: 58)
[15:52:29] DEBUG::Map Pixel (X: 70 Y: 344) Color (R: 97 G: 83 B: 48)
----------------------------------------------------------------------------------------------------
[15:52:35] DEBUG::Step DOWN::380

----------------------------------------------------------------------------------------------------
-----------------------------------------WaitForMapToChange-----------------------------------------
----------------------------------------------------------------------------------------------------
[15:52:35] DEBUG::Map Pixel (X: 70 Y: 3) Color (R: 235 G: 201 B: 126)
[15:52:35] DEBUG::Map Pixel (X: 457 Y: 3) Color (R: 240 G: 191 B: 68)
[15:52:35] DEBUG::Map Pixel (X: 457 Y: 344) Color (R: 123 G: 89 B: 14)
[15:52:35] DEBUG::Map Pixel (X: 70 Y: 344) Color (R: 216 G: 168 B: 40)
----------------------------------------------------------------------------------------------------
[15:52:40] DEBUG::Step LEFT::250

----------------------------------------------------------------------------------------------------
-----------------------------------------WaitForMapToChange-----------------------------------------
----------------------------------------------------------------------------------------------------
[15:52:40] DEBUG::Map Pixel (X: 70 Y: 3) Color (R: 212 G: 198 B: 69)
[15:52:40] DEBUG::Map Pixel (X: 457 Y: 3) Color (R: 219 G: 206 B: 106)
[15:52:40] DEBUG::Map Pixel (X: 457 Y: 344) Color (R: 243 G: 202 B: 71)
[15:52:40] DEBUG::Map Pixel (X: 70 Y: 344) Color (R: 173 G: 134 B: 43)
----------------------------------------------------------------------------------------------------
[15:52:45] Trajet complété !
[15:54:34] DEBUG::Game Window : Alde-Ocard
[15:54:34] DEBUG::Game Panel Resolution : 563x411
[15:54:34] DEBUG::Move UP Point : 281x0
[15:54:34] DEBUG::Move RIGHT Point : 531x205
[15:54:34] DEBUG::Move DOWN Point : 281x348
[15:54:34] DEBUG::Move LEFT Point : 28x205
[15:54:34] DEBUG::Map Pixel To Check [1] ( X: 70 Y: 3)
[15:54:34] DEBUG::Map Pixel To Check [2] ( X: 457 Y: 3)
[15:54:34] DEBUG::Map Pixel To Check [3] ( X: 457 Y: 344)
[15:54:34] DEBUG::Map Pixel To Check [4] ( X: 70 Y: 344)
[15:54:37] DEBUG::Run Bot
[15:54:37] Trajet : Trajet_13-06-16_18-40-10
[15:54:37] DEBUG::Trajet File E:\Pixus\Pixus\bin\Debug\Trajet_13-06-16_18-40-10.txt
[15:54:37] Action : Aucune
[15:54:37] DEBUG::Closing PopUps
[15:54:37] DEBUG::Step UP::380

----------------------------------------------------------------------------------------------------
-----------------------------------------WaitForMapToChange-----------------------------------------
----------------------------------------------------------------------------------------------------
[15:54:37] DEBUG::Map Pixel (X: 70 Y: 3) Color (R: 165 G: 124 B: 68)
[15:54:37] DEBUG::Map Pixel (X: 457 Y: 3) Color (R: 189 G: 154 B: 70)
[15:54:37] DEBUG::Map Pixel (X: 457 Y: 344) Color (R: 255 G: 255 B: 214)
[15:54:37] DEBUG::Map Pixel (X: 70 Y: 344) Color (R: 167 G: 111 B: 17)
----------------------------------------------------------------------------------------------------
[15:54:43] DEBUG::Step RIGHT::250

----------------------------------------------------------------------------------------------------
-----------------------------------------WaitForMapToChange-----------------------------------------
----------------------------------------------------------------------------------------------------
[15:54:43] DEBUG::Map Pixel (X: 70 Y: 3) Color (R: 222 G: 201 B: 114)
[15:54:43] DEBUG::Map Pixel (X: 457 Y: 3) Color (R: 242 G: 200 B: 77)
[15:54:43] DEBUG::Map Pixel (X: 457 Y: 344) Color (R: 165 G: 132 B: 54)
[15:54:43] DEBUG::Map Pixel (X: 70 Y: 344) Color (R: 97 G: 83 B: 48)
----------------------------------------------------------------------------------------------------
[15:54:47] DEBUG::Step DOWN::380

----------------------------------------------------------------------------------------------------
-----------------------------------------WaitForMapToChange-----------------------------------------
----------------------------------------------------------------------------------------------------
[15:54:47] DEBUG::Map Pixel (X: 70 Y: 3) Color (R: 235 G: 201 B: 126)
[15:54:47] DEBUG::Map Pixel (X: 457 Y: 3) Color (R: 240 G: 191 B: 68)
[15:54:47] DEBUG::Map Pixel (X: 457 Y: 344) Color (R: 123 G: 89 B: 14)
[15:54:47] DEBUG::Map Pixel (X: 70 Y: 344) Color (R: 216 G: 168 B: 40)
----------------------------------------------------------------------------------------------------
[15:54:51] DEBUG::Step LEFT::250

----------------------------------------------------------------------------------------------------
-----------------------------------------WaitForMapToChange-----------------------------------------
----------------------------------------------------------------------------------------------------
[15:54:51] DEBUG::Map Pixel (X: 70 Y: 3) Color (R: 212 G: 198 B: 69)
[15:54:51] DEBUG::Map Pixel (X: 457 Y: 3) Color (R: 219 G: 206 B: 106)
[15:54:51] DEBUG::Map Pixel (X: 457 Y: 344) Color (R: 243 G: 202 B: 71)
[15:54:51] DEBUG::Map Pixel (X: 70 Y: 344) Color (R: 173 G: 134 B: 43)
----------------------------------------------------------------------------------------------------
[15:54:56] Trajet complété !
[15:55:40] DEBUG::Game Window : Alde-Ocard
[15:55:40] DEBUG::Game Panel Resolution : 563x411
[15:55:40] DEBUG::Move UP Point : 281x0
[15:55:40] DEBUG::Move RIGHT Point : 531x205
[15:55:40] DEBUG::Move DOWN Point : 281x348
[15:55:40] DEBUG::Move LEFT Point : 28x205
[15:55:40] DEBUG::Map Pixel To Check [1] ( X: 70 Y: 3)
[15:55:40] DEBUG::Map Pixel To Check [2] ( X: 457 Y: 3)
[15:55:40] DEBUG::Map Pixel To Check [3] ( X: 457 Y: 344)
[15:55:40] DEBUG::Map Pixel To Check [4] ( X: 70 Y: 344)
[15:56:09] DEBUG::Game Window : Alde-Ocard
[15:56:09] DEBUG::Game Panel Resolution : 563x411
[15:56:09] DEBUG::Move UP Point : 281x0
[15:56:09] DEBUG::Move RIGHT Point : 531x205
[15:56:09] DEBUG::Move DOWN Point : 281x348
[15:56:09] DEBUG::Move LEFT Point : 28x205
[15:56:09] DEBUG::Map Pixel To Check [1] ( X: 70 Y: 3)
[15:56:09] DEBUG::Map Pixel To Check [2] ( X: 457 Y: 3)
[15:56:09] DEBUG::Map Pixel To Check [3] ( X: 457 Y: 344)
[15:56:09] DEBUG::Map Pixel To Check [4] ( X: 70 Y: 344)
[15:56:12] DEBUG::Run Bot
[15:56:12] Trajet : Trajet_13-06-16_18-40-10
[15:56:12] DEBUG::Trajet File E:\Pixus\Pixus\bin\Debug\Trajet_13-06-16_18-40-10.txt
[15:56:12] Action : Aucune
[15:56:13] DEBUG::Closing PopUps
[15:56:13] DEBUG::Step UP::380

----------------------------------------------------------------------------------------------------
-----------------------------------------WaitForMapToChange-----------------------------------------
----------------------------------------------------------------------------------------------------
[15:56:13] DEBUG::Map Pixel (X: 70 Y: 3) Color (R: 165 G: 124 B: 68)
[15:56:13] DEBUG::Map Pixel (X: 457 Y: 3) Color (R: 189 G: 154 B: 70)
[15:56:13] DEBUG::Map Pixel (X: 457 Y: 344) Color (R: 191 G: 191 B: 172)
[15:56:13] DEBUG::Map Pixel (X: 70 Y: 344) Color (R: 171 G: 153 B: 128)
----------------------------------------------------------------------------------------------------
[15:56:17] DEBUG::Stop Bot
[15:56:46] DEBUG::Game Window : Alde-Ocard
[15:56:46] DEBUG::Game Panel Resolution : 563x411
[15:56:46] DEBUG::Move UP Point : 281x0
[15:56:46] DEBUG::Move RIGHT Point : 531x205
[15:56:46] DEBUG::Move DOWN Point : 281x348
[15:56:46] DEBUG::Move LEFT Point : 28x205
[15:56:46] DEBUG::Map Pixel To Check [1] ( X: 70 Y: 3)
[15:56:46] DEBUG::Map Pixel To Check [2] ( X: 457 Y: 3)
[15:56:46] DEBUG::Map Pixel To Check [3] ( X: 457 Y: 344)
[15:56:46] DEBUG::Map Pixel To Check [4] ( X: 70 Y: 344)
[16:00:07] DEBUG::Game Window : Alde-Ocard
[16:00:07] DEBUG::Game Panel Resolution : 563x411
[16:00:07] DEBUG::Move UP Point : 281x0
[16:00:07] DEBUG::Move RIGHT Point : 531x205
[16:00:07] DEBUG::Move DOWN Point : 281x348
[16:00:07] DEBUG::Move LEFT Point : 28x205
[16:00:07] DEBUG::Map Pixel To Check [1] ( X: 70 Y: 3)
[16:00:07] DEBUG::Map Pixel To Check [2] ( X: 457 Y: 3)
[16:00:07] DEBUG::Map Pixel To Check [3] ( X: 457 Y: 344)
[16:00:07] DEBUG::Map Pixel To Check [4] ( X: 70 Y: 344)
[16:00:15] DEBUG::Run Bot
[16:00:15] Trajet : Trajet_13-06-16_18-40-10
[16:00:15] DEBUG::Trajet File E:\Pixus\Pixus\bin\Debug\Trajet_13-06-16_18-40-10.txt
[16:00:15] Action : Aucune
[16:00:16] DEBUG::Closing PopUps
[16:00:16] DEBUG::Step UP::380

----------------------------------------------------------------------------------------------------
-----------------------------------------WaitForMapToChange-----------------------------------------
----------------------------------------------------------------------------------------------------
[16:00:16] DEBUG::Map Pixel (X: 70 Y: 3) Color (R: 222 G: 201 B: 114)
[16:00:16] DEBUG::Map Pixel (X: 457 Y: 3) Color (R: 241 G: 201 B: 79)
[16:00:16] DEBUG::Map Pixel (X: 457 Y: 344) Color (R: 165 G: 132 B: 53)
[16:00:16] DEBUG::Map Pixel (X: 70 Y: 344) Color (R: 97 G: 83 B: 48)
----------------------------------------------------------------------------------------------------
[16:00:18] DEBUG::Stop Bot
[16:00:38] DEBUG::Game Window : Alde-Ocard
[16:00:38] DEBUG::Game Panel Resolution : 563x411
[16:00:38] DEBUG::Move UP Point : 281x0
[16:00:38] DEBUG::Move RIGHT Point : 531x205
[16:00:38] DEBUG::Move DOWN Point : 281x348
[16:00:38] DEBUG::Move LEFT Point : 28x205
[16:00:38] DEBUG::Map Pixel To Check [1] ( X: 70 Y: 3)
[16:00:38] DEBUG::Map Pixel To Check [2] ( X: 457 Y: 3)
[16:00:38] DEBUG::Map Pixel To Check [3] ( X: 457 Y: 344)
[16:00:38] DEBUG::Map Pixel To Check [4] ( X: 70 Y: 344)
[16:00:41] DEBUG::Run Bot
[16:00:41] Trajet : Trajet_13-06-16_18-40-10
[16:00:41] DEBUG::Trajet File E:\Pixus\Pixus\bin\Debug\Trajet_13-06-16_18-40-10.txt
[16:00:41] Action : Aucune
[16:00:42] DEBUG::Closing PopUps
[16:00:42] DEBUG::Closing PopUps
[16:00:42] DEBUG::Step UP::380

----------------------------------------------------------------------------------------------------
-----------------------------------------WaitForMapToChange-----------------------------------------
----------------------------------------------------------------------------------------------------
[16:00:42] DEBUG::Map Pixel (X: 70 Y: 3) Color (R: 222 G: 201 B: 114)
[16:00:42] DEBUG::Map Pixel (X: 457 Y: 3) Color (R: 241 G: 201 B: 79)
[16:00:42] DEBUG::Map Pixel (X: 457 Y: 344) Color (R: 165 G: 132 B: 53)
[16:00:42] DEBUG::Map Pixel (X: 70 Y: 344) Color (R: 97 G: 83 B: 48)
----------------------------------------------------------------------------------------------------
[16:00:45] DEBUG::Step RIGHT::250

----------------------------------------------------------------------------------------------------
-----------------------------------------WaitForMapToChange-----------------------------------------
----------------------------------------------------------------------------------------------------
[16:00:45] DEBUG::Map Pixel (X: 70 Y: 3) Color (R: 135 G: 115 B: 75)
[16:00:45] DEBUG::Map Pixel (X: 457 Y: 3) Color (R: 162 G: 182 B: 201)
[16:00:45] DEBUG::Map Pixel (X: 457 Y: 344) Color (R: 172 G: 126 B: 42)
[16:00:45] DEBUG::Map Pixel (X: 70 Y: 344) Color (R: 115 G: 99 B: 58)
----------------------------------------------------------------------------------------------------
[16:00:50] DEBUG::Step DOWN::380

----------------------------------------------------------------------------------------------------
-----------------------------------------WaitForMapToChange-----------------------------------------
----------------------------------------------------------------------------------------------------
[16:00:50] DEBUG::Map Pixel (X: 70 Y: 3) Color (R: 149 G: 124 B: 97)
[16:00:50] DEBUG::Map Pixel (X: 457 Y: 3) Color (R: 74 G: 102 B: 135)
[16:00:50] DEBUG::Map Pixel (X: 457 Y: 344) Color (R: 129 G: 68 B: 11)
[16:00:50] DEBUG::Map Pixel (X: 70 Y: 344) Color (R: 195 G: 189 B: 129)
----------------------------------------------------------------------------------------------------
[16:00:54] DEBUG::Step LEFT::250

----------------------------------------------------------------------------------------------------
-----------------------------------------WaitForMapToChange-----------------------------------------
----------------------------------------------------------------------------------------------------
[16:00:54] DEBUG::Map Pixel (X: 70 Y: 3) Color (R: 235 G: 201 B: 126)
[16:00:54] DEBUG::Map Pixel (X: 457 Y: 3) Color (R: 240 G: 191 B: 68)
[16:00:54] DEBUG::Map Pixel (X: 457 Y: 344) Color (R: 123 G: 89 B: 14)
[16:00:54] DEBUG::Map Pixel (X: 70 Y: 344) Color (R: 216 G: 168 B: 40)
----------------------------------------------------------------------------------------------------
[16:01:00] Trajet complété !
[16:01:39] DEBUG::Game Window : Alde-Ocard
[16:01:39] DEBUG::Game Panel Resolution : 563x411
[16:01:39] DEBUG::Move UP Point : 281x0
[16:01:39] DEBUG::Move RIGHT Point : 531x205
[16:01:39] DEBUG::Move DOWN Point : 281x348
[16:01:39] DEBUG::Move LEFT Point : 28x205
[16:01:39] DEBUG::Map Pixel To Check [1] ( X: 70 Y: 3)
[16:01:39] DEBUG::Map Pixel To Check [2] ( X: 457 Y: 3)
[16:01:39] DEBUG::Map Pixel To Check [3] ( X: 457 Y: 344)
[16:01:39] DEBUG::Map Pixel To Check [4] ( X: 70 Y: 344)
[16:01:43] DEBUG::Run Bot
[16:01:43] Trajet : Trajet_13-06-16_18-40-10
[16:01:43] DEBUG::Trajet File E:\Pixus\Pixus\bin\Debug\Trajet_13-06-16_18-40-10.txt
[16:01:43] Action : Aucune
[16:01:44] DEBUG::Closing PopUps
[16:01:44] DEBUG::Step UP::380

----------------------------------------------------------------------------------------------------
-----------------------------------------WaitForMapToChange-----------------------------------------
----------------------------------------------------------------------------------------------------
[16:01:44] DEBUG::Map Pixel (X: 70 Y: 3) Color (R: 222 G: 201 B: 114)
[16:01:44] DEBUG::Map Pixel (X: 457 Y: 3) Color (R: 241 G: 201 B: 79)
[16:01:44] DEBUG::Map Pixel (X: 457 Y: 344) Color (R: 165 G: 132 B: 53)
[16:01:44] DEBUG::Map Pixel (X: 70 Y: 344) Color (R: 97 G: 83 B: 48)
----------------------------------------------------------------------------------------------------
[16:01:45] DEBUG::Stop Bot
