[14:41:35] DEBUG::Game Window : Dofus
[14:41:36] DEBUG::Game Panel Resolution : 563x415
[14:41:36] DEBUG::Move UP Point : 281x0
[14:41:36] DEBUG::Move RIGHT Point : 531x207
[14:41:36] DEBUG::Move DOWN Point : 281x355
[14:41:36] DEBUG::Move LEFT Point : 28x207
[14:41:36] DEBUG::Map Pixel To Check [1] ( X: 70 Y: 3)
[14:41:36] DEBUG::Map Pixel To Check [2] ( X: 457 Y: 3)
[14:41:36] DEBUG::Map Pixel To Check [3] ( X: 457 Y: 351)
[14:41:36] DEBUG::Map Pixel To Check [4] ( X: 70 Y: 351)
[14:45:10] DEBUG::Game Window : Dofus
[14:45:10] DEBUG::Game Panel Resolution : 563x415
[14:45:10] DEBUG::Move UP Point : 281x0
[14:45:10] DEBUG::Move RIGHT Point : 531x207
[14:45:10] DEBUG::Move DOWN Point : 281x355
[14:45:10] DEBUG::Move LEFT Point : 28x207
[14:45:10] DEBUG::Map Pixel To Check [1] ( X: 70 Y: 3)
[14:45:10] DEBUG::Map Pixel To Check [2] ( X: 457 Y: 3)
[14:45:10] DEBUG::Map Pixel To Check [3] ( X: 457 Y: 351)
[14:45:10] DEBUG::Map Pixel To Check [4] ( X: 70 Y: 351)
[14:47:32] DEBUG::Game Window : Dofus
[14:47:32] DEBUG::Game Panel Resolution : 563x415
[14:47:32] DEBUG::Move UP Point : 281x0
[14:47:32] DEBUG::Move RIGHT Point : 531x207
[14:47:32] DEBUG::Move DOWN Point : 281x355
[14:47:32] DEBUG::Move LEFT Point : 28x207
[14:47:32] DEBUG::Map Pixel To Check [1] ( X: 70 Y: 3)
[14:47:32] DEBUG::Map Pixel To Check [2] ( X: 457 Y: 3)
[14:47:32] DEBUG::Map Pixel To Check [3] ( X: 457 Y: 351)
[14:47:32] DEBUG::Map Pixel To Check [4] ( X: 70 Y: 351)
[14:48:33] DEBUG::Game Window : Dofus
[14:48:33] DEBUG::Game Panel Resolution : 563x415
[14:48:33] DEBUG::Move UP Point : 281x0
[14:48:33] DEBUG::Move RIGHT Point : 531x207
[14:48:33] DEBUG::Move DOWN Point : 281x355
[14:48:33] DEBUG::Move LEFT Point : 28x207
[14:48:33] DEBUG::Map Pixel To Check [1] ( X: 70 Y: 3)
[14:48:33] DEBUG::Map Pixel To Check [2] ( X: 457 Y: 3)
[14:48:33] DEBUG::Map Pixel To Check [3] ( X: 457 Y: 351)
[14:48:33] DEBUG::Map Pixel To Check [4] ( X: 70 Y: 351)
[14:58:56] DEBUG::Game Window : Dofus
[14:58:56] DEBUG::Game Panel Resolution : 563x415
[14:58:56] DEBUG::Move UP Point : 281x0
[14:58:56] DEBUG::Move RIGHT Point : 531x207
[14:58:56] DEBUG::Move DOWN Point : 281x355
[14:58:56] DEBUG::Move LEFT Point : 28x207
[14:58:56] DEBUG::Map Pixel To Check [1] ( X: 70 Y: 3)
[14:58:56] DEBUG::Map Pixel To Check [2] ( X: 457 Y: 3)
[14:58:56] DEBUG::Map Pixel To Check [3] ( X: 457 Y: 351)
[14:58:56] DEBUG::Map Pixel To Check [4] ( X: 70 Y: 351)
[14:59:18] DEBUG::Game Window : Dofus
[14:59:18] DEBUG::Game Panel Resolution : 563x415
[14:59:18] DEBUG::Move UP Point : 281x0
[14:59:18] DEBUG::Move RIGHT Point : 531x207
[14:59:18] DEBUG::Move DOWN Point : 281x355
[14:59:18] DEBUG::Move LEFT Point : 28x207
[14:59:18] DEBUG::Map Pixel To Check [1] ( X: 70 Y: 3)
[14:59:18] DEBUG::Map Pixel To Check [2] ( X: 457 Y: 3)
[14:59:18] DEBUG::Map Pixel To Check [3] ( X: 457 Y: 351)
[14:59:18] DEBUG::Map Pixel To Check [4] ( X: 70 Y: 351)
[15:43:56] DEBUG::Game Window : Dofus
[15:43:56] DEBUG::Game Panel Resolution : 563x415
[15:43:56] DEBUG::Move UP Point : 281x0
[15:43:56] DEBUG::Move RIGHT Point : 531x207
[15:43:56] DEBUG::Move DOWN Point : 281x355
[15:43:56] DEBUG::Move LEFT Point : 28x207
[15:43:56] DEBUG::Map Pixel To Check [1] ( X: 70 Y: 3)
[15:43:56] DEBUG::Map Pixel To Check [2] ( X: 457 Y: 3)
[15:43:56] DEBUG::Map Pixel To Check [3] ( X: 457 Y: 351)
[15:43:56] DEBUG::Map Pixel To Check [4] ( X: 70 Y: 351)
[15:44:41] DEBUG::Run Bot
[15:44:41] Trajet : new_Trajet_25-08-16_01-01-03
[15:44:41] DEBUG::Trajet File D:\Pixus Bot\Pixus\Pixus\bin\Debug\new_Trajet_25-08-16_01-01-03.txt Repeat: false
[15:44:42] DEBUG::Step AREA::D:\Pixus Bot\Pixus\Pixus\bin\Debug\Zone_[5,-26].txt

----------------------------------------------------------------------------------------------------
------------------------------------------------DoJob-----------------------------------------------
----------------------------------------------------------------------------------------------------
[15:44:42] DEBUG::Execption occured : Could not find file 'D:\Pixus Bot\Pixus\Pixus\bin\Debug\Zone_[5,-26].txt'.
[15:44:42] DEBUG::CollectedResourceCount : 0
----------------------------------------------------------------------------------------------------

----------------------------------------------------------------------------------------------------
-----------------------------------------------GetPod-----------------------------------------------
----------------------------------------------------------------------------------------------------
[15:44:42] DEBUG::InvetaireLocation (X: 0 Y: 0)
----------------------------------------------------------------------------------------------------

----------------------------------------------------------------------------------------------------
----------------------------------------------GoBanque----------------------------------------------
----------------------------------------------------------------------------------------------------
[15:44:42] DEBUG::GoBanque est désactivé.
----------------------------------------------------------------------------------------------------
[15:44:42] DEBUG::Cleaning Minimap
[15:44:43] DEBUG::Step UP::380

----------------------------------------------------------------------------------------------------
-----------------------------------------WaitForMapToChange-----------------------------------------
----------------------------------------------------------------------------------------------------
[15:44:43] DEBUG::Map Pixel (X: 70 Y: 3) Color (R: 83 G: 71 B: 65)
[15:44:43] DEBUG::Map Pixel (X: 457 Y: 3) Color (R: 83 G: 71 B: 65)
[15:44:43] DEBUG::Map Pixel (X: 457 Y: 351) Color (R: 83 G: 71 B: 65)
[15:44:43] DEBUG::Map Pixel (X: 70 Y: 351) Color (R: 83 G: 71 B: 65)
----------------------------------------------------------------------------------------------------
[15:44:53] La map ne change pas, veuillez vérifier/modifier le trajet.
[15:44:53] DEBUG::Suspend Bot
[15:44:53] DEBUG::Cleaning Minimap
[23:12:45] DEBUG::Game Window : Dofus
[23:12:45] DEBUG::Game Panel Resolution : 563x415
[23:12:45] DEBUG::Move UP Point : 281x0
[23:12:45] DEBUG::Move RIGHT Point : 531x207
[23:12:45] DEBUG::Move DOWN Point : 281x355
[23:12:45] DEBUG::Move LEFT Point : 28x207
[23:12:45] DEBUG::Map Pixel To Check [1] ( X: 70 Y: 3)
[23:12:45] DEBUG::Map Pixel To Check [2] ( X: 457 Y: 3)
[23:12:45] DEBUG::Map Pixel To Check [3] ( X: 457 Y: 351)
[23:12:45] DEBUG::Map Pixel To Check [4] ( X: 70 Y: 351)
