[14:19:06] DEBUG::Game Window : Dofus
[14:19:06] DEBUG::Game Panel Resolution : 563x415
[14:19:06] DEBUG::Move UP Point : 281x0
[14:19:06] DEBUG::Move RIGHT Point : 531x207
[14:19:06] DEBUG::Move DOWN Point : 281x355
[14:19:06] DEBUG::Move LEFT Point : 28x207
[14:19:06] DEBUG::Map Pixel To Check [1] ( X: 70 Y: 3)
[14:19:06] DEBUG::Map Pixel To Check [2] ( X: 457 Y: 3)
[14:19:06] DEBUG::Map Pixel To Check [3] ( X: 457 Y: 351)
[14:19:06] DEBUG::Map Pixel To Check [4] ( X: 70 Y: 351)
[14:21:40] DEBUG::Game Window : Dofus
[14:21:40] DEBUG::Game Panel Resolution : 563x415
[14:21:40] DEBUG::Move UP Point : 281x0
[14:21:40] DEBUG::Move RIGHT Point : 531x207
[14:21:40] DEBUG::Move DOWN Point : 281x355
[14:21:40] DEBUG::Move LEFT Point : 28x207
[14:21:40] DEBUG::Map Pixel To Check [1] ( X: 70 Y: 3)
[14:21:40] DEBUG::Map Pixel To Check [2] ( X: 457 Y: 3)
[14:21:40] DEBUG::Map Pixel To Check [3] ( X: 457 Y: 351)
[14:21:40] DEBUG::Map Pixel To Check [4] ( X: 70 Y: 351)
[17:08:06] DEBUG::Game Window : Dofus
[17:08:07] DEBUG::Game Panel Resolution : 563x415
[17:08:07] DEBUG::Move UP Point : 281x0
[17:08:07] DEBUG::Move RIGHT Point : 531x207
[17:08:07] DEBUG::Move DOWN Point : 281x355
[17:08:07] DEBUG::Move LEFT Point : 28x207
[17:08:07] DEBUG::Map Pixel To Check [1] ( X: 70 Y: 3)
[17:08:07] DEBUG::Map Pixel To Check [2] ( X: 457 Y: 3)
[17:08:07] DEBUG::Map Pixel To Check [3] ( X: 457 Y: 351)
[17:08:07] DEBUG::Map Pixel To Check [4] ( X: 70 Y: 351)
[20:29:34] DEBUG::Game Window : Dofus
[20:29:34] DEBUG::Game Panel Resolution : 563x415
[20:29:34] DEBUG::Move UP Point : 281x0
[20:29:34] DEBUG::Move RIGHT Point : 531x207
[20:29:34] DEBUG::Move DOWN Point : 281x355
[20:29:34] DEBUG::Move LEFT Point : 28x207
[20:29:34] DEBUG::Map Pixel To Check [1] ( X: 70 Y: 3)
[20:29:34] DEBUG::Map Pixel To Check [2] ( X: 457 Y: 3)
[20:29:34] DEBUG::Map Pixel To Check [3] ( X: 457 Y: 351)
[20:29:34] DEBUG::Map Pixel To Check [4] ( X: 70 Y: 351)
[20:31:16] DEBUG::Game Window : Dofus
[20:31:16] DEBUG::Game Panel Resolution : 563x415
[20:31:16] DEBUG::Move UP Point : 281x0
[20:31:16] DEBUG::Move RIGHT Point : 531x207
[20:31:16] DEBUG::Move DOWN Point : 281x355
[20:31:16] DEBUG::Move LEFT Point : 28x207
[20:31:16] DEBUG::Map Pixel To Check [1] ( X: 70 Y: 3)
[20:31:16] DEBUG::Map Pixel To Check [2] ( X: 457 Y: 3)
[20:31:16] DEBUG::Map Pixel To Check [3] ( X: 457 Y: 351)
[20:31:16] DEBUG::Map Pixel To Check [4] ( X: 70 Y: 351)
[20:31:26] DEBUG::Run Bot
[20:31:26] Trajet : new_Trajet_25-08-16_01-01-03
[20:31:26] DEBUG::Trajet File D:\Pixus Bot\Pixus\Pixus\bin\Debug\new_Trajet_25-08-16_01-01-03.txt Repeat: false
[20:31:26] DEBUG::Step AREA::D:\Pixus Bot\Pixus\Pixus\bin\Debug\Zone_[5,-26].txt

----------------------------------------------------------------------------------------------------
------------------------------------------------DoJob-----------------------------------------------
----------------------------------------------------------------------------------------------------
[20:31:26] DEBUG::Resource : Ble::409x166::247,183,31::true
[20:31:26] DEBUG::Resource : Ble::374x166::224,184,29::true
[20:31:26] DEBUG::Resource : Ble::356x207::252,223,52::true
[20:31:26] DEBUG::Resource : Ble::316x217::251,220,50::true
[20:31:26] DEBUG::Resource : Ble::300x208::249,190,34::true
[20:31:26] DEBUG::Resource : Ble::318x180::249,213,43::true
[20:31:26] DEBUG::CollectedResourceCount : 0
----------------------------------------------------------------------------------------------------

----------------------------------------------------------------------------------------------------
-----------------------------------------------GetPod-----------------------------------------------
----------------------------------------------------------------------------------------------------
[20:31:28] DEBUG::Pod PodValue: 1 PercentValue: 1%
----------------------------------------------------------------------------------------------------

----------------------------------------------------------------------------------------------------
----------------------------------------------GoBanque----------------------------------------------
----------------------------------------------------------------------------------------------------
[20:31:29] DEBUG::GoBanque est désactivé.
----------------------------------------------------------------------------------------------------
[20:31:29] DEBUG::Cleaning Minimap
[20:31:29] DEBUG::Step UP::380

----------------------------------------------------------------------------------------------------
-----------------------------------------WaitForMapToChange-----------------------------------------
----------------------------------------------------------------------------------------------------
[20:31:29] DEBUG::Map Pixel (X: 70 Y: 3) Color (R: 3 G: 4 B: 16)
[20:31:29] DEBUG::Map Pixel (X: 457 Y: 3) Color (R: 2 G: 49 B: 56)
[20:31:29] DEBUG::Map Pixel (X: 457 Y: 351) Color (R: 21 G: 84 B: 100)
[20:31:29] DEBUG::Map Pixel (X: 70 Y: 351) Color (R: 42 G: 99 B: 114)
----------------------------------------------------------------------------------------------------
[20:31:39] La map ne change pas, veuillez vérifier/modifier le trajet.
[20:31:39] DEBUG::Suspend Bot
[20:31:39] DEBUG::Cleaning Minimap
