[12:00:46] DEBUG::Game Window : Dofus
[12:00:46] DEBUG::Game Panel Resolution : 563x411
[12:00:46] DEBUG::Move UP Point : 281x0
[12:00:46] DEBUG::Move RIGHT Point : 531x205
[12:00:46] DEBUG::Move DOWN Point : 281x348
[12:00:46] DEBUG::Move LEFT Point : 28x205
[12:00:46] DEBUG::Map Pixel To Check [1] ( X: 70 Y: 3)
[12:00:46] DEBUG::Map Pixel To Check [2] ( X: 457 Y: 3)
[12:00:46] DEBUG::Map Pixel To Check [3] ( X: 457 Y: 344)
[12:00:46] DEBUG::Map Pixel To Check [4] ( X: 70 Y: 344)
[12:01:33] DEBUG::Game Window : Dofus
[12:01:33] DEBUG::Game Panel Resolution : 563x411
[12:01:33] DEBUG::Move UP Point : 281x0
[12:01:33] DEBUG::Move RIGHT Point : 531x205
[12:01:33] DEBUG::Move DOWN Point : 281x348
[12:01:33] DEBUG::Move LEFT Point : 28x205
[12:01:33] DEBUG::Map Pixel To Check [1] ( X: 70 Y: 3)
[12:01:33] DEBUG::Map Pixel To Check [2] ( X: 457 Y: 3)
[12:01:33] DEBUG::Map Pixel To Check [3] ( X: 457 Y: 344)
[12:01:33] DEBUG::Map Pixel To Check [4] ( X: 70 Y: 344)
[12:06:15] DEBUG::Game Window : Dofus
[12:06:15] DEBUG::Game Panel Resolution : 563x411
[12:06:15] DEBUG::Move UP Point : 281x0
[12:06:15] DEBUG::Move RIGHT Point : 531x205
[12:06:15] DEBUG::Move DOWN Point : 281x348
[12:06:15] DEBUG::Move LEFT Point : 28x205
[12:06:15] DEBUG::Map Pixel To Check [1] ( X: 70 Y: 3)
[12:06:15] DEBUG::Map Pixel To Check [2] ( X: 457 Y: 3)
[12:06:15] DEBUG::Map Pixel To Check [3] ( X: 457 Y: 344)
[12:06:15] DEBUG::Map Pixel To Check [4] ( X: 70 Y: 344)
[12:07:15] DEBUG::Game Window : Dofus
[12:07:15] DEBUG::Game Panel Resolution : 563x411
[12:07:15] DEBUG::Move UP Point : 281x0
[12:07:15] DEBUG::Move RIGHT Point : 531x205
[12:07:15] DEBUG::Move DOWN Point : 281x348
[12:07:15] DEBUG::Move LEFT Point : 28x205
[12:07:15] DEBUG::Map Pixel To Check [1] ( X: 70 Y: 3)
[12:07:15] DEBUG::Map Pixel To Check [2] ( X: 457 Y: 3)
[12:07:15] DEBUG::Map Pixel To Check [3] ( X: 457 Y: 344)
[12:07:15] DEBUG::Map Pixel To Check [4] ( X: 70 Y: 344)
[12:08:46] DEBUG::Game Window : Dofus
[12:08:46] DEBUG::Game Panel Resolution : 563x411
[12:08:46] DEBUG::Move UP Point : 281x0
[12:08:46] DEBUG::Move RIGHT Point : 531x205
[12:08:46] DEBUG::Move DOWN Point : 281x348
[12:08:46] DEBUG::Move LEFT Point : 28x205
[12:08:46] DEBUG::Map Pixel To Check [1] ( X: 70 Y: 3)
[12:08:46] DEBUG::Map Pixel To Check [2] ( X: 457 Y: 3)
[12:08:46] DEBUG::Map Pixel To Check [3] ( X: 457 Y: 344)
[12:08:46] DEBUG::Map Pixel To Check [4] ( X: 70 Y: 344)
[12:11:05] DEBUG::Game Window : Dofus
[12:11:05] DEBUG::Game Panel Resolution : 563x411
[12:11:05] DEBUG::Move UP Point : 281x0
[12:11:05] DEBUG::Move RIGHT Point : 531x205
[12:11:05] DEBUG::Move DOWN Point : 281x348
[12:11:05] DEBUG::Move LEFT Point : 28x205
[12:11:05] DEBUG::Map Pixel To Check [1] ( X: 70 Y: 3)
[12:11:05] DEBUG::Map Pixel To Check [2] ( X: 457 Y: 3)
[12:11:05] DEBUG::Map Pixel To Check [3] ( X: 457 Y: 344)
[12:11:05] DEBUG::Map Pixel To Check [4] ( X: 70 Y: 344)
