[23:28:35] DEBUG::Game Window : Dofus
[23:28:35] DEBUG::Game Panel Resolution : 563x408
[23:28:35] DEBUG::Move UP Point : 281x0
[23:28:35] DEBUG::Move RIGHT Point : 531x204
[23:28:35] DEBUG::Move DOWN Point : 281x343
[23:28:35] DEBUG::Move LEFT Point : 28x204
[23:28:35] DEBUG::Map Pixel To Check [1] ( X: 70 Y: 3)
[23:28:35] DEBUG::Map Pixel To Check [2] ( X: 457 Y: 3)
[23:28:35] DEBUG::Map Pixel To Check [3] ( X: 457 Y: 339)
[23:28:35] DEBUG::Map Pixel To Check [4] ( X: 70 Y: 339)
[23:36:29] DEBUG::Game Window : Dofus
[23:36:29] DEBUG::Game Panel Resolution : 563x408
[23:36:29] DEBUG::Move UP Point : 281x0
[23:36:29] DEBUG::Move RIGHT Point : 531x204
[23:36:29] DEBUG::Move DOWN Point : 281x343
[23:36:29] DEBUG::Move LEFT Point : 28x204
[23:36:29] DEBUG::Map Pixel To Check [1] ( X: 70 Y: 3)
[23:36:29] DEBUG::Map Pixel To Check [2] ( X: 457 Y: 3)
[23:36:29] DEBUG::Map Pixel To Check [3] ( X: 457 Y: 339)
[23:36:29] DEBUG::Map Pixel To Check [4] ( X: 70 Y: 339)
[23:37:05] DEBUG::Game Window : Dofus
[23:37:05] DEBUG::Game Panel Resolution : 563x408
[23:37:05] DEBUG::Move UP Point : 281x0
[23:37:05] DEBUG::Move RIGHT Point : 531x204
[23:37:05] DEBUG::Move DOWN Point : 281x343
[23:37:05] DEBUG::Move LEFT Point : 28x204
[23:37:05] DEBUG::Map Pixel To Check [1] ( X: 70 Y: 3)
[23:37:05] DEBUG::Map Pixel To Check [2] ( X: 457 Y: 3)
[23:37:05] DEBUG::Map Pixel To Check [3] ( X: 457 Y: 339)
[23:37:05] DEBUG::Map Pixel To Check [4] ( X: 70 Y: 339)
[23:44:26] DEBUG::Game Window : Dofus
[23:44:26] DEBUG::Game Panel Resolution : 563x408
[23:44:26] DEBUG::Move UP Point : 281x0
[23:44:26] DEBUG::Move RIGHT Point : 531x204
[23:44:26] DEBUG::Move DOWN Point : 281x343
[23:44:26] DEBUG::Move LEFT Point : 28x204
[23:44:26] DEBUG::Map Pixel To Check [1] ( X: 70 Y: 3)
[23:44:26] DEBUG::Map Pixel To Check [2] ( X: 457 Y: 3)
[23:44:26] DEBUG::Map Pixel To Check [3] ( X: 457 Y: 339)
[23:44:26] DEBUG::Map Pixel To Check [4] ( X: 70 Y: 339)
[23:44:42] DEBUG::Game Window : Dofus
[23:44:42] DEBUG::Game Panel Resolution : 563x408
[23:44:42] DEBUG::Move UP Point : 281x0
[23:44:42] DEBUG::Move RIGHT Point : 531x204
[23:44:42] DEBUG::Move DOWN Point : 281x343
[23:44:42] DEBUG::Move LEFT Point : 28x204
[23:44:42] DEBUG::Map Pixel To Check [1] ( X: 70 Y: 3)
[23:44:42] DEBUG::Map Pixel To Check [2] ( X: 457 Y: 3)
[23:44:42] DEBUG::Map Pixel To Check [3] ( X: 457 Y: 339)
[23:44:42] DEBUG::Map Pixel To Check [4] ( X: 70 Y: 339)
[23:55:02] DEBUG::Game Window : Dofus
[23:55:02] DEBUG::Game Panel Resolution : 563x408
[23:55:02] DEBUG::Move UP Point : 281x0
[23:55:02] DEBUG::Move RIGHT Point : 531x204
[23:55:02] DEBUG::Move DOWN Point : 281x343
[23:55:02] DEBUG::Move LEFT Point : 28x204
[23:55:02] DEBUG::Map Pixel To Check [1] ( X: 70 Y: 3)
[23:55:02] DEBUG::Map Pixel To Check [2] ( X: 457 Y: 3)
[23:55:02] DEBUG::Map Pixel To Check [3] ( X: 457 Y: 339)
[23:55:02] DEBUG::Map Pixel To Check [4] ( X: 70 Y: 339)
