[10:05:50] DEBUG::Game Window : Dofus
[10:05:50] DEBUG::Game Panel Resolution : 563x411
[10:05:50] DEBUG::Move UP Point : 281x0
[10:05:50] DEBUG::Move RIGHT Point : 531x205
[10:05:50] DEBUG::Move DOWN Point : 281x348
[10:05:50] DEBUG::Move LEFT Point : 28x205
[10:05:50] DEBUG::Map Pixel To Check [1] ( X: 70 Y: 3)
[10:05:50] DEBUG::Map Pixel To Check [2] ( X: 457 Y: 3)
[10:05:50] DEBUG::Map Pixel To Check [3] ( X: 457 Y: 344)
[10:05:50] DEBUG::Map Pixel To Check [4] ( X: 70 Y: 344)
[10:07:26] DEBUG::Game Window : Dofus
[10:07:26] DEBUG::Game Panel Resolution : 563x411
[10:07:26] DEBUG::Move UP Point : 281x0
[10:07:26] DEBUG::Move RIGHT Point : 531x205
[10:07:26] DEBUG::Move DOWN Point : 281x348
[10:07:26] DEBUG::Move LEFT Point : 28x205
[10:07:26] DEBUG::Map Pixel To Check [1] ( X: 70 Y: 3)
[10:07:26] DEBUG::Map Pixel To Check [2] ( X: 457 Y: 3)
[10:07:26] DEBUG::Map Pixel To Check [3] ( X: 457 Y: 344)
[10:07:26] DEBUG::Map Pixel To Check [4] ( X: 70 Y: 344)
[10:07:57] DEBUG::Game Window : Dofus
[10:07:57] DEBUG::Game Panel Resolution : 563x411
[10:07:57] DEBUG::Move UP Point : 281x0
[10:07:57] DEBUG::Move RIGHT Point : 531x205
[10:07:57] DEBUG::Move DOWN Point : 281x348
[10:07:57] DEBUG::Move LEFT Point : 28x205
[10:07:57] DEBUG::Map Pixel To Check [1] ( X: 70 Y: 3)
[10:07:57] DEBUG::Map Pixel To Check [2] ( X: 457 Y: 3)
[10:07:57] DEBUG::Map Pixel To Check [3] ( X: 457 Y: 344)
[10:07:57] DEBUG::Map Pixel To Check [4] ( X: 70 Y: 344)
[10:11:08] DEBUG::Game Window : Dofus
[10:11:08] DEBUG::Game Panel Resolution : 563x411
[10:11:08] DEBUG::Move UP Point : 281x0
[10:11:08] DEBUG::Move RIGHT Point : 531x205
[10:11:08] DEBUG::Move DOWN Point : 281x348
[10:11:08] DEBUG::Move LEFT Point : 28x205
[10:11:08] DEBUG::Map Pixel To Check [1] ( X: 70 Y: 3)
[10:11:08] DEBUG::Map Pixel To Check [2] ( X: 457 Y: 3)
[10:11:08] DEBUG::Map Pixel To Check [3] ( X: 457 Y: 344)
[10:11:08] DEBUG::Map Pixel To Check [4] ( X: 70 Y: 344)
