[10:10:10] DEBUG::Game Window : Dofus
[10:10:10] DEBUG::Game Panel Resolution : 563x411
[10:10:10] DEBUG::Move UP Point : 281x0
[10:10:10] DEBUG::Move RIGHT Point : 531x205
[10:10:10] DEBUG::Move DOWN Point : 281x348
[10:10:10] DEBUG::Move LEFT Point : 28x205
[10:10:10] DEBUG::Map Pixel To Check [1] ( X: 70 Y: 3)
[10:10:10] DEBUG::Map Pixel To Check [2] ( X: 457 Y: 3)
[10:10:10] DEBUG::Map Pixel To Check [3] ( X: 457 Y: 344)
[10:10:10] DEBUG::Map Pixel To Check [4] ( X: 70 Y: 344)
[10:13:21] DEBUG::Game Window : Dofus
[10:13:21] DEBUG::Game Panel Resolution : 563x411
[10:13:21] DEBUG::Move UP Point : 281x0
[10:13:21] DEBUG::Move RIGHT Point : 531x205
[10:13:21] DEBUG::Move DOWN Point : 281x348
[10:13:21] DEBUG::Move LEFT Point : 28x205
[10:13:21] DEBUG::Map Pixel To Check [1] ( X: 70 Y: 3)
[10:13:21] DEBUG::Map Pixel To Check [2] ( X: 457 Y: 3)
[10:13:21] DEBUG::Map Pixel To Check [3] ( X: 457 Y: 344)
[10:13:21] DEBUG::Map Pixel To Check [4] ( X: 70 Y: 344)
[10:14:34] DEBUG::Game Window : Dofus
[10:14:34] DEBUG::Game Panel Resolution : 563x411
[10:14:34] DEBUG::Move UP Point : 281x0
[10:14:34] DEBUG::Move RIGHT Point : 531x205
[10:14:34] DEBUG::Move DOWN Point : 281x348
[10:14:34] DEBUG::Move LEFT Point : 28x205
[10:14:34] DEBUG::Map Pixel To Check [1] ( X: 70 Y: 3)
[10:14:34] DEBUG::Map Pixel To Check [2] ( X: 457 Y: 3)
[10:14:34] DEBUG::Map Pixel To Check [3] ( X: 457 Y: 344)
[10:14:34] DEBUG::Map Pixel To Check [4] ( X: 70 Y: 344)
[20:40:52] DEBUG::Game Window : Dofus
[20:40:52] DEBUG::Game Panel Resolution : 563x411
[20:40:52] DEBUG::Move UP Point : 281x0
[20:40:52] DEBUG::Move RIGHT Point : 531x205
[20:40:52] DEBUG::Move DOWN Point : 281x348
[20:40:52] DEBUG::Move LEFT Point : 28x205
[20:40:52] DEBUG::Map Pixel To Check [1] ( X: 70 Y: 3)
[20:40:52] DEBUG::Map Pixel To Check [2] ( X: 457 Y: 3)
[20:40:52] DEBUG::Map Pixel To Check [3] ( X: 457 Y: 344)
[20:40:52] DEBUG::Map Pixel To Check [4] ( X: 70 Y: 344)
[20:42:52] DEBUG::Game Window : Dofus
[20:42:52] DEBUG::Game Panel Resolution : 563x411
[20:42:52] DEBUG::Move UP Point : 281x0
[20:42:52] DEBUG::Move RIGHT Point : 531x205
[20:42:52] DEBUG::Move DOWN Point : 281x348
[20:42:52] DEBUG::Move LEFT Point : 28x205
[20:42:52] DEBUG::Map Pixel To Check [1] ( X: 70 Y: 3)
[20:42:52] DEBUG::Map Pixel To Check [2] ( X: 457 Y: 3)
[20:42:52] DEBUG::Map Pixel To Check [3] ( X: 457 Y: 344)
[20:42:52] DEBUG::Map Pixel To Check [4] ( X: 70 Y: 344)
[20:44:14] DEBUG::Game Window : Dofus
[20:44:14] DEBUG::Game Panel Resolution : 563x411
[20:44:14] DEBUG::Move UP Point : 281x0
[20:44:14] DEBUG::Move RIGHT Point : 531x205
[20:44:14] DEBUG::Move DOWN Point : 281x348
[20:44:14] DEBUG::Move LEFT Point : 28x205
[20:44:14] DEBUG::Map Pixel To Check [1] ( X: 70 Y: 3)
[20:44:14] DEBUG::Map Pixel To Check [2] ( X: 457 Y: 3)
[20:44:14] DEBUG::Map Pixel To Check [3] ( X: 457 Y: 344)
[20:44:14] DEBUG::Map Pixel To Check [4] ( X: 70 Y: 344)
