[15:59:50] DEBUG::Game Window : Dofus
[15:59:50] DEBUG::Game Panel Resolution : 563x411
[15:59:50] DEBUG::Move UP Point : 281x0
[15:59:50] DEBUG::Move RIGHT Point : 531x205
[15:59:50] DEBUG::Move DOWN Point : 281x348
[15:59:50] DEBUG::Move LEFT Point : 28x205
[15:59:50] DEBUG::Map Pixel To Check [1] ( X: 70 Y: 3)
[15:59:50] DEBUG::Map Pixel To Check [2] ( X: 457 Y: 3)
[15:59:50] DEBUG::Map Pixel To Check [3] ( X: 457 Y: 344)
[15:59:50] DEBUG::Map Pixel To Check [4] ( X: 70 Y: 344)
[16:00:56] DEBUG::Game Window : Dofus
[16:00:56] DEBUG::Game Panel Resolution : 563x411
[16:00:56] DEBUG::Move UP Point : 281x0
[16:00:56] DEBUG::Move RIGHT Point : 531x205
[16:00:56] DEBUG::Move DOWN Point : 281x348
[16:00:56] DEBUG::Move LEFT Point : 28x205
[16:00:56] DEBUG::Map Pixel To Check [1] ( X: 70 Y: 3)
[16:00:56] DEBUG::Map Pixel To Check [2] ( X: 457 Y: 3)
[16:00:56] DEBUG::Map Pixel To Check [3] ( X: 457 Y: 344)
[16:00:56] DEBUG::Map Pixel To Check [4] ( X: 70 Y: 344)
[16:04:42] DEBUG::Game Window : Dofus
[16:04:42] DEBUG::Game Panel Resolution : 563x411
[16:04:42] DEBUG::Move UP Point : 281x0
[16:04:42] DEBUG::Move RIGHT Point : 531x205
[16:04:42] DEBUG::Move DOWN Point : 281x348
[16:04:42] DEBUG::Move LEFT Point : 28x205
[16:04:42] DEBUG::Map Pixel To Check [1] ( X: 70 Y: 3)
[16:04:42] DEBUG::Map Pixel To Check [2] ( X: 457 Y: 3)
[16:04:42] DEBUG::Map Pixel To Check [3] ( X: 457 Y: 344)
[16:04:42] DEBUG::Map Pixel To Check [4] ( X: 70 Y: 344)
[16:07:15] DEBUG::Game Window : Dofus
[16:07:16] DEBUG::Game Panel Resolution : 563x411
[16:07:16] DEBUG::Move UP Point : 281x0
[16:07:16] DEBUG::Move RIGHT Point : 531x205
[16:07:16] DEBUG::Move DOWN Point : 281x348
[16:07:16] DEBUG::Move LEFT Point : 28x205
[16:07:16] DEBUG::Map Pixel To Check [1] ( X: 70 Y: 3)
[16:07:16] DEBUG::Map Pixel To Check [2] ( X: 457 Y: 3)
[16:07:16] DEBUG::Map Pixel To Check [3] ( X: 457 Y: 344)
[16:07:16] DEBUG::Map Pixel To Check [4] ( X: 70 Y: 344)
[16:07:46] DEBUG::Game Window : Dofus
[16:07:46] DEBUG::Game Panel Resolution : 563x411
[16:07:46] DEBUG::Move UP Point : 281x0
[16:07:46] DEBUG::Move RIGHT Point : 531x205
[16:07:46] DEBUG::Move DOWN Point : 281x348
[16:07:46] DEBUG::Move LEFT Point : 28x205
[16:07:46] DEBUG::Map Pixel To Check [1] ( X: 70 Y: 3)
[16:07:46] DEBUG::Map Pixel To Check [2] ( X: 457 Y: 3)
[16:07:46] DEBUG::Map Pixel To Check [3] ( X: 457 Y: 344)
[16:07:46] DEBUG::Map Pixel To Check [4] ( X: 70 Y: 344)
