[18:35:57] DEBUG::Game Window : Eroz-Genj
[18:35:57] DEBUG::Game Panel Resolution : 563x415
[18:35:57] DEBUG::Move UP Point : 281x0
[18:35:57] DEBUG::Move RIGHT Point : 531x207
[18:35:57] DEBUG::Move DOWN Point : 281x355
[18:35:57] DEBUG::Move LEFT Point : 28x207
[18:35:57] DEBUG::Map Pixel To Check [1] ( X: 70 Y: 3)
[18:35:57] DEBUG::Map Pixel To Check [2] ( X: 457 Y: 3)
[18:35:57] DEBUG::Map Pixel To Check [3] ( X: 457 Y: 351)
[18:35:57] DEBUG::Map Pixel To Check [4] ( X: 70 Y: 351)
[18:37:15] DEBUG::Game Window : Eroz-Genj
[18:37:15] DEBUG::Game Panel Resolution : 563x415
[18:37:15] DEBUG::Move UP Point : 281x0
[18:37:15] DEBUG::Move RIGHT Point : 531x207
[18:37:15] DEBUG::Move DOWN Point : 281x355
[18:37:15] DEBUG::Move LEFT Point : 28x207
[18:37:15] DEBUG::Map Pixel To Check [1] ( X: 70 Y: 3)
[18:37:15] DEBUG::Map Pixel To Check [2] ( X: 457 Y: 3)
[18:37:15] DEBUG::Map Pixel To Check [3] ( X: 457 Y: 351)
[18:37:15] DEBUG::Map Pixel To Check [4] ( X: 70 Y: 351)
[18:39:58] DEBUG::Game Window : Eroz-Genj
[18:39:58] DEBUG::Game Panel Resolution : 563x415
[18:39:58] DEBUG::Move UP Point : 281x0
[18:39:58] DEBUG::Move RIGHT Point : 531x207
[18:39:58] DEBUG::Move DOWN Point : 281x355
[18:39:58] DEBUG::Move LEFT Point : 28x207
[18:39:58] DEBUG::Map Pixel To Check [1] ( X: 70 Y: 3)
[18:39:58] DEBUG::Map Pixel To Check [2] ( X: 457 Y: 3)
[18:39:58] DEBUG::Map Pixel To Check [3] ( X: 457 Y: 351)
[18:39:58] DEBUG::Map Pixel To Check [4] ( X: 70 Y: 351)
[18:41:37] DEBUG::Game Window : Eroz-Genj
[18:41:37] DEBUG::Game Panel Resolution : 563x415
[18:41:37] DEBUG::Move UP Point : 281x0
[18:41:37] DEBUG::Move RIGHT Point : 531x207
[18:41:37] DEBUG::Move DOWN Point : 281x355
[18:41:37] DEBUG::Move LEFT Point : 28x207
[18:41:37] DEBUG::Map Pixel To Check [1] ( X: 70 Y: 3)
[18:41:37] DEBUG::Map Pixel To Check [2] ( X: 457 Y: 3)
[18:41:37] DEBUG::Map Pixel To Check [3] ( X: 457 Y: 351)
[18:41:37] DEBUG::Map Pixel To Check [4] ( X: 70 Y: 351)
