[17:41:47] DEBUG::Game Window : Eroz-Genj
[17:41:47] DEBUG::Game Panel Resolution : 563x411
[17:41:47] DEBUG::Move UP Point : 281x0
[17:41:47] DEBUG::Move RIGHT Point : 531x205
[17:41:47] DEBUG::Move DOWN Point : 281x348
[17:41:47] DEBUG::Move LEFT Point : 28x205
[17:41:47] DEBUG::Map Pixel To Check [1] ( X: 70 Y: 3)
[17:41:47] DEBUG::Map Pixel To Check [2] ( X: 457 Y: 3)
[17:41:47] DEBUG::Map Pixel To Check [3] ( X: 457 Y: 344)
[17:41:47] DEBUG::Map Pixel To Check [4] ( X: 70 Y: 344)
[17:48:05] DEBUG::Game Window : Eroz-Genj
[17:48:05] DEBUG::Game Panel Resolution : 563x411
[17:48:05] DEBUG::Move UP Point : 281x0
[17:48:05] DEBUG::Move RIGHT Point : 531x205
[17:48:05] DEBUG::Move DOWN Point : 281x348
[17:48:05] DEBUG::Move LEFT Point : 28x205
[17:48:05] DEBUG::Map Pixel To Check [1] ( X: 70 Y: 3)
[17:48:05] DEBUG::Map Pixel To Check [2] ( X: 457 Y: 3)
[17:48:05] DEBUG::Map Pixel To Check [3] ( X: 457 Y: 344)
[17:48:05] DEBUG::Map Pixel To Check [4] ( X: 70 Y: 344)
[17:48:10] DEBUG::Run Bot
[17:48:10] Trajet : Trajet_13-06-16_18-40-10
[17:48:10] DEBUG::Trajet File E:\Pixus\Pixus\bin\Debug\Trajet_13-06-16_18-40-10.txt
[17:48:10] Action : Aucune
[17:48:11] DEBUG::Closing PopUps
[17:48:11] DEBUG::Closing PopUps
[17:48:11] DEBUG::Closing PopUps
[17:48:13] DEBUG::Step UP::380

----------------------------------------------------------------------------------------------------
-----------------------------------------WaitForMapToChange-----------------------------------------
----------------------------------------------------------------------------------------------------
[17:48:13] DEBUG::Map Pixel (X: 70 Y: 3) Color (R: 92 G: 140 B: 28)
[17:48:13] DEBUG::Map Pixel (X: 457 Y: 3) Color (R: 170 G: 192 B: 42)
[17:48:13] DEBUG::Map Pixel (X: 457 Y: 344) Color (R: 149 G: 199 B: 26)
[17:48:13] DEBUG::Map Pixel (X: 70 Y: 344) Color (R: 255 G: 167 B: 8)
----------------------------------------------------------------------------------------------------
[17:48:21] DEBUG::Cleaning Minimap
[17:48:22] DEBUG::Step RIGHT::250

----------------------------------------------------------------------------------------------------
-----------------------------------------WaitForMapToChange-----------------------------------------
----------------------------------------------------------------------------------------------------
[17:48:22] DEBUG::Map Pixel (X: 70 Y: 3) Color (R: 187 G: 210 B: 34)
[17:48:22] DEBUG::Map Pixel (X: 457 Y: 3) Color (R: 62 G: 89 B: 0)
[17:48:22] DEBUG::Map Pixel (X: 457 Y: 344) Color (R: 176 G: 196 B: 42)
[17:48:22] DEBUG::Map Pixel (X: 70 Y: 344) Color (R: 166 G: 188 B: 22)
----------------------------------------------------------------------------------------------------
[17:48:27] DEBUG::Cleaning Minimap
[17:48:28] DEBUG::Step DOWN::380

----------------------------------------------------------------------------------------------------
-----------------------------------------WaitForMapToChange-----------------------------------------
----------------------------------------------------------------------------------------------------
[17:48:28] DEBUG::Map Pixel (X: 70 Y: 3) Color (R: 215 G: 175 B: 17)
[17:48:28] DEBUG::Map Pixel (X: 457 Y: 3) Color (R: 178 G: 94 B: 16)
[17:48:28] DEBUG::Map Pixel (X: 457 Y: 344) Color (R: 242 G: 152 B: 8)
[17:48:28] DEBUG::Map Pixel (X: 70 Y: 344) Color (R: 233 G: 177 B: 39)
----------------------------------------------------------------------------------------------------
[17:48:33] DEBUG::Cleaning Minimap
[17:48:33] DEBUG::Step LEFT::250

----------------------------------------------------------------------------------------------------
-----------------------------------------WaitForMapToChange-----------------------------------------
----------------------------------------------------------------------------------------------------
[17:48:33] DEBUG::Map Pixel (X: 70 Y: 3) Color (R: 94 G: 56 B: 6)
[17:48:33] DEBUG::Map Pixel (X: 457 Y: 3) Color (R: 101 G: 67 B: 4)
[17:48:33] DEBUG::Map Pixel (X: 457 Y: 344) Color (R: 162 G: 184 B: 13)
[17:48:33] DEBUG::Map Pixel (X: 70 Y: 344) Color (R: 132 G: 127 B: 1)
----------------------------------------------------------------------------------------------------
[17:48:38] DEBUG::Cleaning Minimap
[17:48:38] Trajet complété !
[17:51:32] DEBUG::Game Window : Eroz-Genj
[17:51:32] DEBUG::Game Panel Resolution : 563x411
[17:51:32] DEBUG::Move UP Point : 281x0
[17:51:32] DEBUG::Move RIGHT Point : 531x205
[17:51:32] DEBUG::Move DOWN Point : 281x348
[17:51:32] DEBUG::Move LEFT Point : 28x205
[17:51:32] DEBUG::Map Pixel To Check [1] ( X: 70 Y: 3)
[17:51:32] DEBUG::Map Pixel To Check [2] ( X: 457 Y: 3)
[17:51:32] DEBUG::Map Pixel To Check [3] ( X: 457 Y: 344)
[17:51:32] DEBUG::Map Pixel To Check [4] ( X: 70 Y: 344)
[17:51:40] DEBUG::Run Bot
[17:51:40] Trajet : Trajet_13-06-16_18-40-10
[17:51:40] DEBUG::Trajet File E:\Pixus\Pixus\bin\Debug\Trajet_13-06-16_18-40-10.txt
[17:51:40] Action : Métier <Paysan> Ressource <Ble>
[17:51:40] DEBUG::Job : Paysan (ResourceToCollect : Ble Pod: 2 ImagePath: E:\Pixus\Pixus\bin\Debug\Resource\Paysan\Ble)

----------------------------------------------------------------------------------------------------
------------------------------------------------DoJob-----------------------------------------------
----------------------------------------------------------------------------------------------------
[17:51:41] DEBUG::Resource Image : 0.bmp
[17:51:41] DEBUG::Resource Image : 1.bmp
[17:51:41] DEBUG::Resource Image : 10.bmp
[17:51:41] DEBUG::Resource Image : 11.bmp
[17:51:41] DEBUG::Resource Image : 12.bmp
[17:51:41] DEBUG::Resource Image : 13.bmp
[17:51:41] DEBUG::Resource Image : 14.bmp
[17:51:41] DEBUG::Resource Image : 15.bmp
[17:51:41] DEBUG::Resource Image : 16.bmp
[17:51:41] DEBUG::Resource Image : 17.bmp
[17:51:41] DEBUG::Resource Image : 18.bmp
[17:51:41] DEBUG::Resource Image : 19.bmp
[17:51:41] DEBUG::Resource Image : 2.bmp
[17:51:41] DEBUG::Resource Image : 20.bmp
[17:51:41] DEBUG::Resource Image : 21.bmp
[17:51:41] DEBUG::Resource Image : 22.bmp
[17:51:41] DEBUG::Resource Image : 3.bmp
[17:51:41] DEBUG::Resource Image : 4.bmp
[17:51:41] DEBUG::Resource Image : 5.bmp
[17:51:41] DEBUG::Resource Image : 6.bmp
[17:51:41] DEBUG::Resource Image : 7.bmp
[17:51:41] DEBUG::Resource Image : 8.bmp
[17:51:41] DEBUG::Resource Image : 9.bmp
[17:51:41] DEBUG::CollectedResourceCount : 0
----------------------------------------------------------------------------------------------------
[17:51:41] DEBUG::Step UP::380

----------------------------------------------------------------------------------------------------
-----------------------------------------WaitForMapToChange-----------------------------------------
----------------------------------------------------------------------------------------------------
[17:51:41] DEBUG::Map Pixel (X: 70 Y: 3) Color (R: 186 G: 209 B: 33)
[17:51:41] DEBUG::Map Pixel (X: 457 Y: 3) Color (R: 62 G: 89 B: 0)
[17:51:41] DEBUG::Map Pixel (X: 457 Y: 344) Color (R: 175 G: 195 B: 41)
[17:51:41] DEBUG::Map Pixel (X: 70 Y: 344) Color (R: 167 G: 189 B: 23)
----------------------------------------------------------------------------------------------------
[17:51:47] DEBUG::Cleaning Minimap

----------------------------------------------------------------------------------------------------
------------------------------------------------DoJob-----------------------------------------------
----------------------------------------------------------------------------------------------------
[17:51:48] DEBUG::Resource Image : 0.bmp
[17:51:48] DEBUG::Resource Image : 1.bmp
[17:51:48] DEBUG::Resource Image : 10.bmp
[17:51:48] DEBUG::Resource Image : 11.bmp
[17:51:48] DEBUG::Resource Image : 12.bmp
[17:51:48] DEBUG::Resource Image : 13.bmp
[17:51:48] DEBUG::Resource Image : 14.bmp
[17:51:48] DEBUG::Resource Image : 15.bmp
[17:51:48] DEBUG::Resource Image : 16.bmp
[17:51:48] DEBUG::Resource Image : 17.bmp
[17:51:48] DEBUG::Resource Image : 18.bmp
[17:51:48] DEBUG::Resource Image : 19.bmp
[17:51:48] DEBUG::Resource Image : 2.bmp
[17:51:48] DEBUG::Resource Image : 20.bmp
[17:51:48] DEBUG::Resource Image : 21.bmp
[17:51:48] DEBUG::Resource Image : 22.bmp
[17:51:48] DEBUG::Resource Image : 3.bmp
[17:51:48] DEBUG::Resource Image : 4.bmp
[17:51:48] DEBUG::Resource Image : 5.bmp
[17:51:48] DEBUG::Resource Image : 6.bmp
