[00:58:18] DEBUG::Game Window : Reptam
[00:58:18] DEBUG::Game Panel Resolution : 563x408
[00:58:18] DEBUG::Move UP Point : 281x0
[00:58:18] DEBUG::Move RIGHT Point : 531x204
[00:58:18] DEBUG::Move DOWN Point : 281x343
[00:58:18] DEBUG::Move LEFT Point : 28x204
[00:58:18] DEBUG::Map Pixel To Check [1] ( X: 70 Y: 3)
[00:58:18] DEBUG::Map Pixel To Check [2] ( X: 457 Y: 3)
[00:58:18] DEBUG::Map Pixel To Check [3] ( X: 457 Y: 339)
[00:58:18] DEBUG::Map Pixel To Check [4] ( X: 70 Y: 339)
[01:01:20] DEBUG::Run Bot
[01:01:20] Trajet : new_Trajet_25-08-16_01-01-03
[01:01:20] DEBUG::Trajet File D:\Pixus Bot\Pixus\Pixus\bin\Debug\new_Trajet_25-08-16_01-01-03.txt Repeat: true
[01:01:20] DEBUG::Step UP::380

----------------------------------------------------------------------------------------------------
-----------------------------------------WaitForMapToChange-----------------------------------------
----------------------------------------------------------------------------------------------------
[01:01:20] DEBUG::Map Pixel (X: 70 Y: 3) Color (R: 90 G: 52 B: 4)
[01:01:20] DEBUG::Map Pixel (X: 457 Y: 3) Color (R: 165 G: 64 B: 10)
[01:01:20] DEBUG::Map Pixel (X: 457 Y: 339) Color (R: 162 G: 189 B: 21)
[01:01:20] DEBUG::Map Pixel (X: 70 Y: 339) Color (R: 168 G: 189 B: 22)
----------------------------------------------------------------------------------------------------
[01:01:26] DEBUG::Cleaning Minimap
[01:01:26] DEBUG::Step RIGHT::250

----------------------------------------------------------------------------------------------------
-----------------------------------------WaitForMapToChange-----------------------------------------
----------------------------------------------------------------------------------------------------
[01:01:26] DEBUG::Map Pixel (X: 70 Y: 3) Color (R: 97 G: 165 B: 36)
[01:01:26] DEBUG::Map Pixel (X: 457 Y: 3) Color (R: 159 G: 85 B: 14)
[01:01:26] DEBUG::Map Pixel (X: 457 Y: 339) Color (R: 141 G: 73 B: 10)
[01:01:26] DEBUG::Map Pixel (X: 70 Y: 339) Color (R: 187 G: 130 B: 24)
----------------------------------------------------------------------------------------------------
[01:01:31] DEBUG::Cleaning Minimap
[01:01:32] DEBUG::Step AREA::D:\Pixus Bot\Pixus\Pixus\bin\Debug\Zone_[6,-28].txt

----------------------------------------------------------------------------------------------------
------------------------------------------------DoJob-----------------------------------------------
----------------------------------------------------------------------------------------------------
[01:01:32] DEBUG::Resource : Ble::102x83::217,155,34::true
[01:01:32] DEBUG::Resource : Ble::135x80::209,169,5::true
[01:01:32] DEBUG::Collecting Resource (X: 102 Y: 83)
[01:01:32] DEBUG::CollectedResourceCount : 1
----------------------------------------------------------------------------------------------------

----------------------------------------------------------------------------------------------------
-----------------------------------------------GetPod-----------------------------------------------
----------------------------------------------------------------------------------------------------
[01:01:32] DEBUG::InvetaireLocation (X: 0 Y: 0)
----------------------------------------------------------------------------------------------------

----------------------------------------------------------------------------------------------------
----------------------------------------------GoBanque----------------------------------------------
----------------------------------------------------------------------------------------------------
[01:01:32] DEBUG::GoBanque est désactivé.
----------------------------------------------------------------------------------------------------
[01:01:32] DEBUG::Cleaning Minimap
[01:01:32] DEBUG::Step LEFTCLICK::237x348
[01:01:33] DEBUG::Cleaning Minimap
[01:01:34] DEBUG::Step LEFT::250

----------------------------------------------------------------------------------------------------
-----------------------------------------WaitForMapToChange-----------------------------------------
----------------------------------------------------------------------------------------------------
[01:01:34] DEBUG::Map Pixel (X: 70 Y: 3) Color (R: 34 G: 118 B: 10)
[01:01:34] DEBUG::Map Pixel (X: 457 Y: 3) Color (R: 169 G: 195 B: 5)
[01:01:34] DEBUG::Map Pixel (X: 457 Y: 339) Color (R: 166 G: 188 B: 18)
[01:01:34] DEBUG::Map Pixel (X: 70 Y: 339) Color (R: 238 G: 183 B: 31)
----------------------------------------------------------------------------------------------------
[01:01:37] DEBUG::Cleaning Minimap
[01:01:37] Nombre min. de ressources collectées : 1
[01:01:37] DEBUG::Step UP::380

----------------------------------------------------------------------------------------------------
-----------------------------------------WaitForMapToChange-----------------------------------------
----------------------------------------------------------------------------------------------------
[01:01:37] DEBUG::Map Pixel (X: 70 Y: 3) Color (R: 97 G: 165 B: 36)
[01:01:37] DEBUG::Map Pixel (X: 457 Y: 3) Color (R: 159 G: 85 B: 14)
[01:01:37] DEBUG::Map Pixel (X: 457 Y: 339) Color (R: 141 G: 73 B: 10)
[01:01:37] DEBUG::Map Pixel (X: 70 Y: 339) Color (R: 187 G: 130 B: 24)
----------------------------------------------------------------------------------------------------
[01:01:43] DEBUG::Cleaning Minimap
[01:01:43] DEBUG::Step RIGHT::250

----------------------------------------------------------------------------------------------------
-----------------------------------------WaitForMapToChange-----------------------------------------
----------------------------------------------------------------------------------------------------
[01:01:43] DEBUG::Map Pixel (X: 70 Y: 3) Color (R: 211 G: 162 B: 25)
[01:01:43] DEBUG::Map Pixel (X: 457 Y: 3) Color (R: 24 G: 112 B: 6)
[01:01:43] DEBUG::Map Pixel (X: 457 Y: 339) Color (R: 93 G: 128 B: 5)
[01:01:43] DEBUG::Map Pixel (X: 70 Y: 339) Color (R: 80 G: 92 B: 4)
----------------------------------------------------------------------------------------------------
[01:01:45] DEBUG::Stop Bot
[01:01:45] DEBUG::Cleaning Minimap
[01:08:51] DEBUG::Game Window : Reptam
[01:08:51] DEBUG::Game Panel Resolution : 563x408
[01:08:51] DEBUG::Move UP Point : 281x0
[01:08:51] DEBUG::Move RIGHT Point : 531x204
[01:08:51] DEBUG::Move DOWN Point : 281x343
[01:08:51] DEBUG::Move LEFT Point : 28x204
[01:08:52] DEBUG::Map Pixel To Check [1] ( X: 70 Y: 3)
[01:08:52] DEBUG::Map Pixel To Check [2] ( X: 457 Y: 3)
[01:08:52] DEBUG::Map Pixel To Check [3] ( X: 457 Y: 339)
[01:08:52] DEBUG::Map Pixel To Check [4] ( X: 70 Y: 339)
[01:11:55] DEBUG::Run Bot
[01:11:55] Trajet : new_Trajet_25-08-16_01-01-03
[01:11:55] DEBUG::Trajet File D:\Pixus Bot\Pixus\Pixus\bin\Debug\new_Trajet_25-08-16_01-01-03.txt Repeat: true
[01:11:55] DEBUG::Step AREA::D:\Pixus Bot\Pixus\Pixus\bin\Debug\Zone_[5,-26].txt

----------------------------------------------------------------------------------------------------
------------------------------------------------DoJob-----------------------------------------------
----------------------------------------------------------------------------------------------------
[01:11:55] DEBUG::Resource : Ble::405x166::241,206,46::true
[01:11:55] DEBUG::Resource : Ble::368x207::241,190,25::true
[01:11:55] DEBUG::Resource : Ble::317x211::252,233,58::true
[01:11:55] DEBUG::Resource : Ble::284x206::244,192,39::true
[01:11:55] DEBUG::Resource : Ble::355x162::249,190,29::true
[01:11:56] DEBUG::Collecting Resource (X: 368 Y: 207)
[01:12:04] DEBUG::Collecting Resource (X: 317 Y: 211)
[01:12:12] DEBUG::Collecting Resource (X: 284 Y: 206)
[01:12:21] DEBUG::CollectedResourceCount : 3
----------------------------------------------------------------------------------------------------

----------------------------------------------------------------------------------------------------
-----------------------------------------------GetPod-----------------------------------------------
----------------------------------------------------------------------------------------------------
[01:12:21] DEBUG::InvetaireLocation (X: 0 Y: 0)
----------------------------------------------------------------------------------------------------

----------------------------------------------------------------------------------------------------
----------------------------------------------GoBanque----------------------------------------------
----------------------------------------------------------------------------------------------------
[01:12:21] DEBUG::GoBanque est désactivé.
----------------------------------------------------------------------------------------------------
[01:12:21] DEBUG::Cleaning Minimap
[01:12:21] DEBUG::Step UP::380

----------------------------------------------------------------------------------------------------
-----------------------------------------WaitForMapToChange-----------------------------------------
----------------------------------------------------------------------------------------------------
[01:12:21] DEBUG::Map Pixel (X: 70 Y: 3) Color (R: 172 G: 195 B: 16)
[01:12:21] DEBUG::Map Pixel (X: 457 Y: 3) Color (R: 137 G: 83 B: 4)
[01:12:21] DEBUG::Map Pixel (X: 457 Y: 339) Color (R: 153 G: 174 B: 15)
[01:12:21] DEBUG::Map Pixel (X: 70 Y: 339) Color (R: 162 G: 183 B: 23)
----------------------------------------------------------------------------------------------------
[01:12:27] DEBUG::Cleaning Minimap
[01:12:27] DEBUG::Step AREA::D:\Pixus Bot\Pixus\Pixus\bin\Debug\Zone_[5,-27].txt

----------------------------------------------------------------------------------------------------
------------------------------------------------DoJob-----------------------------------------------
----------------------------------------------------------------------------------------------------
[01:12:27] DEBUG::Resource : Ble::270x259::221,167,36::true
[01:12:27] DEBUG::Resource : Ble::295x275::225,180,41::true
[01:12:27] DEBUG::CollectedResourceCount : 3
----------------------------------------------------------------------------------------------------

----------------------------------------------------------------------------------------------------
-----------------------------------------------GetPod-----------------------------------------------
----------------------------------------------------------------------------------------------------
[01:12:27] DEBUG::InvetaireLocation (X: 0 Y: 0)
----------------------------------------------------------------------------------------------------

----------------------------------------------------------------------------------------------------
----------------------------------------------GoBanque----------------------------------------------
----------------------------------------------------------------------------------------------------
[01:12:27] DEBUG::GoBanque est désactivé.
----------------------------------------------------------------------------------------------------
[01:12:27] DEBUG::Cleaning Minimap
[01:12:28] DEBUG::Step RIGHT::250

----------------------------------------------------------------------------------------------------
-----------------------------------------WaitForMapToChange-----------------------------------------
----------------------------------------------------------------------------------------------------
[01:12:28] DEBUG::Map Pixel (X: 70 Y: 3) Color (R: 90 G: 52 B: 4)
[01:12:28] DEBUG::Map Pixel (X: 457 Y: 3) Color (R: 165 G: 64 B: 10)
[01:12:28] DEBUG::Map Pixel (X: 457 Y: 339) Color (R: 162 G: 189 B: 21)
[01:12:28] DEBUG::Map Pixel (X: 70 Y: 339) Color (R: 168 G: 189 B: 22)
----------------------------------------------------------------------------------------------------
[01:12:33] DEBUG::Cleaning Minimap
[01:12:34] DEBUG::Step AREA::D:\Pixus Bot\Pixus\Pixus\bin\Debug\Zone_[6,-27].txt

----------------------------------------------------------------------------------------------------
------------------------------------------------DoJob-----------------------------------------------
----------------------------------------------------------------------------------------------------
[01:12:34] DEBUG::Resource : Ble::441x43::229,178,36::true
[01:12:34] DEBUG::Resource : Ble::413x30::249,226,55::true
[01:12:34] DEBUG::Resource : Ble::389x31::243,201,45::true
[01:12:34] DEBUG::Collecting Resource (X: 441 Y: 43)
[01:12:42] DEBUG::Collecting Resource (X: 413 Y: 30)
[01:12:51] DEBUG::Collecting Resource (X: 389 Y: 31)
[01:12:59] DEBUG::CollectedResourceCount : 6
----------------------------------------------------------------------------------------------------

----------------------------------------------------------------------------------------------------
-----------------------------------------------GetPod-----------------------------------------------
----------------------------------------------------------------------------------------------------
[01:12:59] DEBUG::InvetaireLocation (X: 0 Y: 0)
----------------------------------------------------------------------------------------------------

----------------------------------------------------------------------------------------------------
----------------------------------------------GoBanque----------------------------------------------
----------------------------------------------------------------------------------------------------
[01:12:59] DEBUG::GoBanque est désactivé.
----------------------------------------------------------------------------------------------------
[01:12:59] DEBUG::Cleaning Minimap
[01:13:00] DEBUG::Step LEFTCLICK::239x348
[01:13:01] DEBUG::Cleaning Minimap
[01:13:01] DEBUG::Step LEFT::250

----------------------------------------------------------------------------------------------------
-----------------------------------------WaitForMapToChange-----------------------------------------
----------------------------------------------------------------------------------------------------
[01:13:01] DEBUG::Map Pixel (X: 70 Y: 3) Color (R: 98 G: 58 B: 5)
[01:13:01] DEBUG::Map Pixel (X: 457 Y: 3) Color (R: 168 G: 192 B: 11)
[01:13:01] DEBUG::Map Pixel (X: 457 Y: 339) Color (R: 143 G: 74 B: 10)
[01:13:01] DEBUG::Map Pixel (X: 70 Y: 339) Color (R: 167 G: 189 B: 16)
----------------------------------------------------------------------------------------------------
[01:13:06] DEBUG::Cleaning Minimap
[01:13:06] Nombre min. de ressources collectées : 6
[01:13:07] DEBUG::Step AREA::D:\Pixus Bot\Pixus\Pixus\bin\Debug\Zone_[5,-26].txt

----------------------------------------------------------------------------------------------------
------------------------------------------------DoJob-----------------------------------------------
----------------------------------------------------------------------------------------------------
[01:13:07] DEBUG::Resource : Ble::405x166::241,206,46::true
[01:13:07] DEBUG::Resource : Ble::368x207::241,190,25::true
[01:13:07] DEBUG::Resource : Ble::317x211::252,233,58::true
[01:13:07] DEBUG::Resource : Ble::284x206::244,192,39::true
[01:13:07] DEBUG::Resource : Ble::355x162::249,190,29::true
[01:13:07] DEBUG::CollectedResourceCount : 6
----------------------------------------------------------------------------------------------------

----------------------------------------------------------------------------------------------------
-----------------------------------------------GetPod-----------------------------------------------
----------------------------------------------------------------------------------------------------
[01:13:07] DEBUG::InvetaireLocation (X: 0 Y: 0)
----------------------------------------------------------------------------------------------------

----------------------------------------------------------------------------------------------------
----------------------------------------------GoBanque----------------------------------------------
----------------------------------------------------------------------------------------------------
[01:13:07] DEBUG::GoBanque est désactivé.
----------------------------------------------------------------------------------------------------
[01:13:07] DEBUG::Cleaning Minimap
[01:13:08] DEBUG::Step UP::380

----------------------------------------------------------------------------------------------------
-----------------------------------------WaitForMapToChange-----------------------------------------
----------------------------------------------------------------------------------------------------
[01:13:08] DEBUG::Map Pixel (X: 70 Y: 3) Color (R: 90 G: 52 B: 4)
[01:13:08] DEBUG::Map Pixel (X: 457 Y: 3) Color (R: 165 G: 64 B: 10)
[01:13:08] DEBUG::Map Pixel (X: 457 Y: 339) Color (R: 162 G: 189 B: 21)
[01:13:08] DEBUG::Map Pixel (X: 70 Y: 339) Color (R: 168 G: 189 B: 22)
----------------------------------------------------------------------------------------------------
[01:13:13] DEBUG::Cleaning Minimap
[01:13:13] DEBUG::Step AREA::D:\Pixus Bot\Pixus\Pixus\bin\Debug\Zone_[5,-27].txt

----------------------------------------------------------------------------------------------------
------------------------------------------------DoJob-----------------------------------------------
----------------------------------------------------------------------------------------------------
[01:13:13] DEBUG::Resource : Ble::270x259::221,167,36::true
[01:13:13] DEBUG::Resource : Ble::295x275::225,180,41::true
[01:13:13] DEBUG::CollectedResourceCount : 6
----------------------------------------------------------------------------------------------------

----------------------------------------------------------------------------------------------------
-----------------------------------------------GetPod-----------------------------------------------
----------------------------------------------------------------------------------------------------
[01:13:14] DEBUG::InvetaireLocation (X: 0 Y: 0)
----------------------------------------------------------------------------------------------------

----------------------------------------------------------------------------------------------------
----------------------------------------------GoBanque----------------------------------------------
----------------------------------------------------------------------------------------------------
[01:13:14] DEBUG::GoBanque est désactivé.
----------------------------------------------------------------------------------------------------
[01:13:14] DEBUG::Cleaning Minimap
[01:13:14] DEBUG::Step RIGHT::250

----------------------------------------------------------------------------------------------------
-----------------------------------------WaitForMapToChange-----------------------------------------
----------------------------------------------------------------------------------------------------
[01:13:14] DEBUG::Map Pixel (X: 70 Y: 3) Color (R: 97 G: 165 B: 36)
[01:13:14] DEBUG::Map Pixel (X: 457 Y: 3) Color (R: 159 G: 85 B: 14)
[01:13:14] DEBUG::Map Pixel (X: 457 Y: 339) Color (R: 141 G: 73 B: 10)
[01:13:14] DEBUG::Map Pixel (X: 70 Y: 339) Color (R: 187 G: 130 B: 24)
----------------------------------------------------------------------------------------------------
[01:13:19] DEBUG::Cleaning Minimap
[01:13:20] DEBUG::Step AREA::D:\Pixus Bot\Pixus\Pixus\bin\Debug\Zone_[6,-27].txt

----------------------------------------------------------------------------------------------------
------------------------------------------------DoJob-----------------------------------------------
----------------------------------------------------------------------------------------------------
[01:13:20] DEBUG::Resource : Ble::441x43::229,178,36::true
[01:13:20] DEBUG::Resource : Ble::413x30::249,226,55::true
[01:13:20] DEBUG::Resource : Ble::389x31::243,201,45::true
[01:13:20] DEBUG::CollectedResourceCount : 6
----------------------------------------------------------------------------------------------------

----------------------------------------------------------------------------------------------------
-----------------------------------------------GetPod-----------------------------------------------
----------------------------------------------------------------------------------------------------
[01:13:20] DEBUG::InvetaireLocation (X: 0 Y: 0)
----------------------------------------------------------------------------------------------------

----------------------------------------------------------------------------------------------------
----------------------------------------------GoBanque----------------------------------------------
----------------------------------------------------------------------------------------------------
[01:13:20] DEBUG::GoBanque est désactivé.
----------------------------------------------------------------------------------------------------
[01:13:20] DEBUG::Cleaning Minimap
[01:13:21] DEBUG::Step LEFTCLICK::239x348
[01:13:22] DEBUG::Cleaning Minimap
[01:13:22] DEBUG::Step LEFT::250

----------------------------------------------------------------------------------------------------
-----------------------------------------WaitForMapToChange-----------------------------------------
----------------------------------------------------------------------------------------------------
[01:13:22] DEBUG::Map Pixel (X: 70 Y: 3) Color (R: 34 G: 118 B: 10)
[01:13:22] DEBUG::Map Pixel (X: 457 Y: 3) Color (R: 169 G: 195 B: 5)
[01:13:22] DEBUG::Map Pixel (X: 457 Y: 339) Color (R: 166 G: 188 B: 18)
[01:13:22] DEBUG::Map Pixel (X: 70 Y: 339) Color (R: 238 G: 183 B: 31)
----------------------------------------------------------------------------------------------------
[01:13:26] DEBUG::Cleaning Minimap
[01:13:26] Nombre min. de ressources collectées : 6
[01:13:27] DEBUG::Step AREA::D:\Pixus Bot\Pixus\Pixus\bin\Debug\Zone_[5,-26].txt

----------------------------------------------------------------------------------------------------
------------------------------------------------DoJob-----------------------------------------------
----------------------------------------------------------------------------------------------------
[01:13:27] DEBUG::Resource : Ble::405x166::241,206,46::true
[01:13:27] DEBUG::Resource : Ble::368x207::241,190,25::true
[01:13:27] DEBUG::Resource : Ble::317x211::252,233,58::true
[01:13:27] DEBUG::Resource : Ble::284x206::244,192,39::true
[01:13:27] DEBUG::Resource : Ble::355x162::249,190,29::true
[01:13:27] DEBUG::CollectedResourceCount : 6
----------------------------------------------------------------------------------------------------

----------------------------------------------------------------------------------------------------
-----------------------------------------------GetPod-----------------------------------------------
----------------------------------------------------------------------------------------------------
[01:13:27] DEBUG::InvetaireLocation (X: 0 Y: 0)
----------------------------------------------------------------------------------------------------

----------------------------------------------------------------------------------------------------
----------------------------------------------GoBanque----------------------------------------------
----------------------------------------------------------------------------------------------------
[01:13:27] DEBUG::GoBanque est désactivé.
----------------------------------------------------------------------------------------------------
[01:13:27] DEBUG::Cleaning Minimap
[01:13:28] DEBUG::Step UP::380

----------------------------------------------------------------------------------------------------
-----------------------------------------WaitForMapToChange-----------------------------------------
----------------------------------------------------------------------------------------------------
[01:13:28] DEBUG::Map Pixel (X: 70 Y: 3) Color (R: 97 G: 165 B: 36)
[01:13:28] DEBUG::Map Pixel (X: 457 Y: 3) Color (R: 159 G: 85 B: 14)
[01:13:28] DEBUG::Map Pixel (X: 457 Y: 339) Color (R: 141 G: 73 B: 10)
[01:13:28] DEBUG::Map Pixel (X: 70 Y: 339) Color (R: 187 G: 130 B: 24)
----------------------------------------------------------------------------------------------------
[01:13:33] DEBUG::Cleaning Minimap
[01:13:33] DEBUG::Step AREA::D:\Pixus Bot\Pixus\Pixus\bin\Debug\Zone_[5,-27].txt

----------------------------------------------------------------------------------------------------
------------------------------------------------DoJob-----------------------------------------------
----------------------------------------------------------------------------------------------------
[01:13:33] DEBUG::Resource : Ble::270x259::221,167,36::true
[01:13:33] DEBUG::Resource : Ble::295x275::225,180,41::true
[01:13:33] DEBUG::CollectedResourceCount : 6
----------------------------------------------------------------------------------------------------

----------------------------------------------------------------------------------------------------
-----------------------------------------------GetPod-----------------------------------------------
----------------------------------------------------------------------------------------------------
[01:13:34] DEBUG::InvetaireLocation (X: 0 Y: 0)
----------------------------------------------------------------------------------------------------

----------------------------------------------------------------------------------------------------
----------------------------------------------GoBanque----------------------------------------------
----------------------------------------------------------------------------------------------------
[01:13:34] DEBUG::GoBanque est désactivé.
----------------------------------------------------------------------------------------------------
[01:13:34] DEBUG::Cleaning Minimap
[01:13:34] DEBUG::Step RIGHT::250

----------------------------------------------------------------------------------------------------
-----------------------------------------WaitForMapToChange-----------------------------------------
----------------------------------------------------------------------------------------------------
[01:13:34] DEBUG::Map Pixel (X: 70 Y: 3) Color (R: 211 G: 162 B: 25)
[01:13:34] DEBUG::Map Pixel (X: 457 Y: 3) Color (R: 24 G: 112 B: 6)
[01:13:34] DEBUG::Map Pixel (X: 457 Y: 339) Color (R: 94 G: 128 B: 5)
[01:13:34] DEBUG::Map Pixel (X: 70 Y: 339) Color (R: 80 G: 92 B: 4)
----------------------------------------------------------------------------------------------------
[01:13:40] DEBUG::Cleaning Minimap
[01:13:41] DEBUG::Step AREA::D:\Pixus Bot\Pixus\Pixus\bin\Debug\Zone_[6,-27].txt

----------------------------------------------------------------------------------------------------
------------------------------------------------DoJob-----------------------------------------------
----------------------------------------------------------------------------------------------------
[01:13:41] DEBUG::Resource : Ble::441x43::229,178,36::true
[01:13:41] DEBUG::Resource : Ble::413x30::249,226,55::true
[01:13:41] DEBUG::Resource : Ble::389x31::243,201,45::true
[01:13:41] DEBUG::CollectedResourceCount : 6
----------------------------------------------------------------------------------------------------

----------------------------------------------------------------------------------------------------
-----------------------------------------------GetPod-----------------------------------------------
----------------------------------------------------------------------------------------------------
[01:13:41] DEBUG::InvetaireLocation (X: 0 Y: 0)
----------------------------------------------------------------------------------------------------

----------------------------------------------------------------------------------------------------
----------------------------------------------GoBanque----------------------------------------------
----------------------------------------------------------------------------------------------------
[01:13:41] DEBUG::GoBanque est désactivé.
----------------------------------------------------------------------------------------------------
[01:13:41] DEBUG::Cleaning Minimap
[01:13:42] DEBUG::Step LEFTCLICK::239x348
[01:13:43] DEBUG::Cleaning Minimap
[01:13:43] DEBUG::Step LEFT::250

----------------------------------------------------------------------------------------------------
-----------------------------------------WaitForMapToChange-----------------------------------------
----------------------------------------------------------------------------------------------------
[01:13:43] DEBUG::Map Pixel (X: 70 Y: 3) Color (R: 170 G: 187 B: 16)
[01:13:43] DEBUG::Map Pixel (X: 457 Y: 3) Color (R: 84 G: 103 B: 9)
[01:13:43] DEBUG::Map Pixel (X: 457 Y: 339) Color (R: 173 G: 185 B: 19)
[01:13:43] DEBUG::Map Pixel (X: 70 Y: 339) Color (R: 85 G: 109 B: 12)
----------------------------------------------------------------------------------------------------
[01:13:46] DEBUG::Cleaning Minimap
[01:13:46] Nombre min. de ressources collectées : 6
[01:13:47] DEBUG::Step AREA::D:\Pixus Bot\Pixus\Pixus\bin\Debug\Zone_[5,-26].txt

----------------------------------------------------------------------------------------------------
------------------------------------------------DoJob-----------------------------------------------
----------------------------------------------------------------------------------------------------
[01:13:47] DEBUG::Resource : Ble::405x166::241,206,46::true
[01:13:47] DEBUG::Resource : Ble::368x207::241,190,25::true
[01:13:47] DEBUG::Resource : Ble::317x211::252,233,58::true
[01:13:47] DEBUG::Resource : Ble::284x206::244,192,39::true
[01:13:47] DEBUG::Resource : Ble::355x162::249,190,29::true
[01:13:47] DEBUG::CollectedResourceCount : 6
----------------------------------------------------------------------------------------------------

----------------------------------------------------------------------------------------------------
-----------------------------------------------GetPod-----------------------------------------------
----------------------------------------------------------------------------------------------------
[01:13:47] DEBUG::InvetaireLocation (X: 0 Y: 0)
----------------------------------------------------------------------------------------------------

----------------------------------------------------------------------------------------------------
----------------------------------------------GoBanque----------------------------------------------
----------------------------------------------------------------------------------------------------
[01:13:47] DEBUG::GoBanque est désactivé.
----------------------------------------------------------------------------------------------------
[01:13:47] DEBUG::Cleaning Minimap
[01:13:48] DEBUG::Step UP::380

----------------------------------------------------------------------------------------------------
-----------------------------------------WaitForMapToChange-----------------------------------------
----------------------------------------------------------------------------------------------------
[01:13:48] DEBUG::Map Pixel (X: 70 Y: 3) Color (R: 211 G: 162 B: 25)
[01:13:48] DEBUG::Map Pixel (X: 457 Y: 3) Color (R: 24 G: 112 B: 6)
[01:13:48] DEBUG::Map Pixel (X: 457 Y: 339) Color (R: 94 G: 128 B: 5)
[01:13:48] DEBUG::Map Pixel (X: 70 Y: 339) Color (R: 80 G: 92 B: 4)
----------------------------------------------------------------------------------------------------
[01:13:53] DEBUG::Cleaning Minimap
[01:13:53] DEBUG::Step AREA::D:\Pixus Bot\Pixus\Pixus\bin\Debug\Zone_[5,-27].txt

----------------------------------------------------------------------------------------------------
------------------------------------------------DoJob-----------------------------------------------
----------------------------------------------------------------------------------------------------
[01:13:53] DEBUG::Resource : Ble::270x259::221,167,36::true
[01:13:53] DEBUG::Resource : Ble::295x275::225,180,41::true
[01:13:53] DEBUG::CollectedResourceCount : 6
----------------------------------------------------------------------------------------------------

----------------------------------------------------------------------------------------------------
-----------------------------------------------GetPod-----------------------------------------------
----------------------------------------------------------------------------------------------------
[01:13:54] DEBUG::InvetaireLocation (X: 0 Y: 0)
----------------------------------------------------------------------------------------------------

----------------------------------------------------------------------------------------------------
----------------------------------------------GoBanque----------------------------------------------
----------------------------------------------------------------------------------------------------
[01:13:54] DEBUG::GoBanque est désactivé.
----------------------------------------------------------------------------------------------------
[01:13:54] DEBUG::Cleaning Minimap
[01:13:54] DEBUG::Step RIGHT::250

----------------------------------------------------------------------------------------------------
-----------------------------------------WaitForMapToChange-----------------------------------------
----------------------------------------------------------------------------------------------------
[01:13:54] DEBUG::Map Pixel (X: 70 Y: 3) Color (R: 36 G: 122 B: 26)
[01:13:54] DEBUG::Map Pixel (X: 457 Y: 3) Color (R: 93 G: 48 B: 4)
[01:13:54] DEBUG::Map Pixel (X: 457 Y: 339) Color (R: 105 G: 105 B: 31)
[01:13:54] DEBUG::Map Pixel (X: 70 Y: 339) Color (R: 255 G: 217 B: 27)
----------------------------------------------------------------------------------------------------
[01:13:59] DEBUG::Cleaning Minimap
[01:14:00] DEBUG::Step AREA::D:\Pixus Bot\Pixus\Pixus\bin\Debug\Zone_[6,-27].txt

----------------------------------------------------------------------------------------------------
------------------------------------------------DoJob-----------------------------------------------
----------------------------------------------------------------------------------------------------
[01:14:00] DEBUG::Resource : Ble::441x43::229,178,36::true
[01:14:00] DEBUG::Resource : Ble::413x30::249,226,55::true
[01:14:00] DEBUG::Resource : Ble::389x31::243,201,45::true
[01:14:00] DEBUG::CollectedResourceCount : 6
----------------------------------------------------------------------------------------------------

----------------------------------------------------------------------------------------------------
-----------------------------------------------GetPod-----------------------------------------------
----------------------------------------------------------------------------------------------------
[01:14:00] DEBUG::InvetaireLocation (X: 0 Y: 0)
----------------------------------------------------------------------------------------------------

----------------------------------------------------------------------------------------------------
----------------------------------------------GoBanque----------------------------------------------
----------------------------------------------------------------------------------------------------
[01:14:00] DEBUG::GoBanque est désactivé.
----------------------------------------------------------------------------------------------------
[01:14:00] DEBUG::Cleaning Minimap
[01:14:01] DEBUG::Step LEFTCLICK::239x348
[01:14:02] DEBUG::Cleaning Minimap
[01:14:02] DEBUG::Step LEFT::250

----------------------------------------------------------------------------------------------------
-----------------------------------------WaitForMapToChange-----------------------------------------
----------------------------------------------------------------------------------------------------
[01:14:02] DEBUG::Map Pixel (X: 70 Y: 3) Color (R: 229 G: 186 B: 19)
[01:14:02] DEBUG::Map Pixel (X: 457 Y: 3) Color (R: 171 G: 191 B: 27)
[01:14:02] DEBUG::Map Pixel (X: 457 Y: 339) Color (R: 171 G: 191 B: 25)
[01:14:02] DEBUG::Map Pixel (X: 70 Y: 339) Color (R: 37 G: 83 B: 0)
----------------------------------------------------------------------------------------------------
[01:14:06] DEBUG::Cleaning Minimap
[01:14:06] Nombre min. de ressources collectées : 6
[01:14:07] DEBUG::Pause Bot
[01:14:07] DEBUG::Step AREA::D:\Pixus Bot\Pixus\Pixus\bin\Debug\Zone_[5,-26].txt

----------------------------------------------------------------------------------------------------
------------------------------------------------DoJob-----------------------------------------------
----------------------------------------------------------------------------------------------------
[01:14:31] DEBUG::Stop Bot

----------------------------------------------------------------------------------------------------
-----------------------------------------------GetPod-----------------------------------------------
----------------------------------------------------------------------------------------------------
[01:14:31] DEBUG::InvetaireLocation (X: 0 Y: 0)
----------------------------------------------------------------------------------------------------

----------------------------------------------------------------------------------------------------
----------------------------------------------GoBanque----------------------------------------------
----------------------------------------------------------------------------------------------------
[01:14:31] DEBUG::GoBanque est désactivé.
----------------------------------------------------------------------------------------------------
[01:14:31] DEBUG::Cleaning Minimap
[01:15:22] DEBUG::Game Window : Reptam
[01:15:22] DEBUG::Game Panel Resolution : 563x415
[01:15:22] DEBUG::Move UP Point : 281x0
[01:15:22] DEBUG::Move RIGHT Point : 531x207
[01:15:22] DEBUG::Move DOWN Point : 281x355
[01:15:22] DEBUG::Move LEFT Point : 28x207
[01:15:22] DEBUG::Map Pixel To Check [1] ( X: 70 Y: 3)
[01:15:22] DEBUG::Map Pixel To Check [2] ( X: 457 Y: 3)
[01:15:22] DEBUG::Map Pixel To Check [3] ( X: 457 Y: 351)
[01:15:22] DEBUG::Map Pixel To Check [4] ( X: 70 Y: 351)
[01:17:45] DEBUG::Game Window : Reptam
[01:17:45] DEBUG::Game Panel Resolution : 563x415
[01:17:45] DEBUG::Move UP Point : 281x0
[01:17:45] DEBUG::Move RIGHT Point : 531x207
[01:17:45] DEBUG::Move DOWN Point : 281x355
[01:17:45] DEBUG::Move LEFT Point : 28x207
[01:17:45] DEBUG::Map Pixel To Check [1] ( X: 70 Y: 3)
[01:17:45] DEBUG::Map Pixel To Check [2] ( X: 457 Y: 3)
[01:17:45] DEBUG::Map Pixel To Check [3] ( X: 457 Y: 351)
[01:17:45] DEBUG::Map Pixel To Check [4] ( X: 70 Y: 351)
[01:18:51] DEBUG::Run Bot
[01:18:51] Trajet : new_Trajet_25-08-16_01-01-03
[01:18:51] DEBUG::Trajet File D:\Pixus Bot\Pixus\Pixus\bin\Debug\new_Trajet_25-08-16_01-01-03.txt Repeat: true
[01:18:51] DEBUG::Step AREA::D:\Pixus Bot\Pixus\Pixus\bin\Debug\Zone_[5,-26].txt

----------------------------------------------------------------------------------------------------
------------------------------------------------DoJob-----------------------------------------------
----------------------------------------------------------------------------------------------------
[01:18:51] DEBUG::Resource : Ble::405x166::241,206,46::true
[01:18:51] DEBUG::Resource : Ble::368x207::241,190,25::true
[01:18:51] DEBUG::Resource : Ble::317x211::252,233,58::true
[01:18:51] DEBUG::Resource : Ble::284x206::244,192,39::true
[01:18:51] DEBUG::Resource : Ble::355x162::249,190,29::true
[01:18:51] DEBUG::CollectedResourceCount : 0
----------------------------------------------------------------------------------------------------

----------------------------------------------------------------------------------------------------
-----------------------------------------------GetPod-----------------------------------------------
----------------------------------------------------------------------------------------------------
[01:18:51] DEBUG::InvetaireLocation (X: 0 Y: 0)
----------------------------------------------------------------------------------------------------

----------------------------------------------------------------------------------------------------
----------------------------------------------GoBanque----------------------------------------------
----------------------------------------------------------------------------------------------------
[01:18:51] DEBUG::GoBanque est désactivé.
----------------------------------------------------------------------------------------------------
[01:18:51] DEBUG::Cleaning Minimap
[01:18:52] DEBUG::Step UP::380

----------------------------------------------------------------------------------------------------
-----------------------------------------WaitForMapToChange-----------------------------------------
----------------------------------------------------------------------------------------------------
[01:18:52] DEBUG::Map Pixel (X: 70 Y: 3) Color (R: 164 G: 188 B: 17)
[01:18:52] DEBUG::Map Pixel (X: 457 Y: 3) Color (R: 44 G: 117 B: 1)
[01:18:52] DEBUG::Map Pixel (X: 457 Y: 351) Color (R: 155 G: 177 B: 27)
[01:18:52] DEBUG::Map Pixel (X: 70 Y: 351) Color (R: 132 G: 168 B: 16)
----------------------------------------------------------------------------------------------------
[01:18:54] DEBUG::Cleaning Minimap
[01:18:54] DEBUG::Step AREA::D:\Pixus Bot\Pixus\Pixus\bin\Debug\Zone_[5,-27].txt

----------------------------------------------------------------------------------------------------
------------------------------------------------DoJob-----------------------------------------------
----------------------------------------------------------------------------------------------------
[01:18:54] DEBUG::Resource : Ble::270x259::221,167,36::true
[01:18:54] DEBUG::Resource : Ble::295x275::225,180,41::true
[01:18:54] DEBUG::CollectedResourceCount : 0
----------------------------------------------------------------------------------------------------

----------------------------------------------------------------------------------------------------
-----------------------------------------------GetPod-----------------------------------------------
----------------------------------------------------------------------------------------------------
[01:18:55] DEBUG::InvetaireLocation (X: 0 Y: 0)
----------------------------------------------------------------------------------------------------

----------------------------------------------------------------------------------------------------
----------------------------------------------GoBanque----------------------------------------------
----------------------------------------------------------------------------------------------------
[01:18:55] DEBUG::GoBanque est désactivé.
----------------------------------------------------------------------------------------------------
[01:18:55] DEBUG::Cleaning Minimap
[01:18:55] DEBUG::Step RIGHT::250

----------------------------------------------------------------------------------------------------
-----------------------------------------WaitForMapToChange-----------------------------------------
----------------------------------------------------------------------------------------------------
[01:18:55] DEBUG::Map Pixel (X: 70 Y: 3) Color (R: 120 G: 81 B: 5)
[01:18:55] DEBUG::Map Pixel (X: 457 Y: 3) Color (R: 180 G: 109 B: 20)
[01:18:55] DEBUG::Map Pixel (X: 457 Y: 351) Color (R: 43 G: 87 B: 1)
[01:18:55] DEBUG::Map Pixel (X: 70 Y: 351) Color (R: 165 G: 188 B: 9)
----------------------------------------------------------------------------------------------------
[01:19:00] DEBUG::Cleaning Minimap
[01:19:01] DEBUG::Step AREA::D:\Pixus Bot\Pixus\Pixus\bin\Debug\Zone_[6,-27].txt

----------------------------------------------------------------------------------------------------
------------------------------------------------DoJob-----------------------------------------------
----------------------------------------------------------------------------------------------------
[01:19:01] DEBUG::Resource : Ble::441x43::229,178,36::true
[01:19:01] DEBUG::Resource : Ble::413x30::249,226,55::true
[01:19:01] DEBUG::Resource : Ble::389x31::243,201,45::true
[01:19:01] DEBUG::CollectedResourceCount : 0
----------------------------------------------------------------------------------------------------

----------------------------------------------------------------------------------------------------
-----------------------------------------------GetPod-----------------------------------------------
----------------------------------------------------------------------------------------------------
[01:19:01] DEBUG::InvetaireLocation (X: 0 Y: 0)
----------------------------------------------------------------------------------------------------

----------------------------------------------------------------------------------------------------
----------------------------------------------GoBanque----------------------------------------------
----------------------------------------------------------------------------------------------------
[01:19:01] DEBUG::GoBanque est désactivé.
----------------------------------------------------------------------------------------------------
[01:19:01] DEBUG::Cleaning Minimap
[01:19:01] DEBUG::Step LEFTCLICK::239x348
[01:19:02] DEBUG::Cleaning Minimap
[01:19:03] DEBUG::Step LEFT::250

----------------------------------------------------------------------------------------------------
-----------------------------------------WaitForMapToChange-----------------------------------------
----------------------------------------------------------------------------------------------------
[01:19:03] DEBUG::Map Pixel (X: 70 Y: 3) Color (R: 149 G: 125 B: 40)
[01:19:03] DEBUG::Map Pixel (X: 457 Y: 3) Color (R: 185 G: 207 B: 32)
[01:19:03] DEBUG::Map Pixel (X: 457 Y: 351) Color (R: 177 G: 106 B: 18)
[01:19:03] DEBUG::Map Pixel (X: 70 Y: 351) Color (R: 97 G: 97 B: 58)
----------------------------------------------------------------------------------------------------
[01:19:07] DEBUG::Cleaning Minimap
[01:19:07] Nombre min. de ressources collectées : 0
[01:19:07] DEBUG::Step AREA::D:\Pixus Bot\Pixus\Pixus\bin\Debug\Zone_[5,-26].txt

----------------------------------------------------------------------------------------------------
------------------------------------------------DoJob-----------------------------------------------
----------------------------------------------------------------------------------------------------
[01:19:07] DEBUG::Resource : Ble::405x166::241,206,46::true
[01:19:07] DEBUG::Resource : Ble::368x207::241,190,25::true
[01:19:07] DEBUG::Resource : Ble::317x211::252,233,58::true
[01:19:07] DEBUG::Resource : Ble::284x206::244,192,39::true
[01:19:07] DEBUG::Resource : Ble::355x162::249,190,29::true
[01:19:07] DEBUG::CollectedResourceCount : 0
----------------------------------------------------------------------------------------------------

----------------------------------------------------------------------------------------------------
-----------------------------------------------GetPod-----------------------------------------------
----------------------------------------------------------------------------------------------------
[01:19:08] DEBUG::InvetaireLocation (X: 0 Y: 0)
----------------------------------------------------------------------------------------------------

----------------------------------------------------------------------------------------------------
----------------------------------------------GoBanque----------------------------------------------
----------------------------------------------------------------------------------------------------
[01:19:08] DEBUG::GoBanque est désactivé.
----------------------------------------------------------------------------------------------------
[01:19:08] DEBUG::Cleaning Minimap
[01:19:08] DEBUG::Step UP::380

----------------------------------------------------------------------------------------------------
-----------------------------------------WaitForMapToChange-----------------------------------------
----------------------------------------------------------------------------------------------------
[01:19:08] DEBUG::Map Pixel (X: 70 Y: 3) Color (R: 120 G: 81 B: 5)
[01:19:08] DEBUG::Map Pixel (X: 457 Y: 3) Color (R: 180 G: 109 B: 20)
[01:19:08] DEBUG::Map Pixel (X: 457 Y: 351) Color (R: 43 G: 87 B: 1)
[01:19:08] DEBUG::Map Pixel (X: 70 Y: 351) Color (R: 165 G: 188 B: 9)
----------------------------------------------------------------------------------------------------
[01:19:11] DEBUG::Stop Bot
[01:19:11] DEBUG::Cleaning Minimap
[01:20:50] DEBUG::Game Window : Reptam
[01:20:50] DEBUG::Game Panel Resolution : 563x415
[01:20:50] DEBUG::Move UP Point : 281x0
[01:20:50] DEBUG::Move RIGHT Point : 531x207
[01:20:50] DEBUG::Move DOWN Point : 281x355
[01:20:50] DEBUG::Move LEFT Point : 28x207
[01:20:50] DEBUG::Map Pixel To Check [1] ( X: 70 Y: 3)
[01:20:50] DEBUG::Map Pixel To Check [2] ( X: 457 Y: 3)
[01:20:50] DEBUG::Map Pixel To Check [3] ( X: 457 Y: 351)
[01:20:50] DEBUG::Map Pixel To Check [4] ( X: 70 Y: 351)
[01:20:53] DEBUG::Run Bot
[01:20:53] Trajet : new_Trajet_25-08-16_01-01-03
[01:20:53] DEBUG::Trajet File D:\Pixus Bot\Pixus\Pixus\bin\Debug\new_Trajet_25-08-16_01-01-03.txt Repeat: false
[01:20:53] DEBUG::Step AREA::D:\Pixus Bot\Pixus\Pixus\bin\Debug\Zone_[5,-26].txt

----------------------------------------------------------------------------------------------------
------------------------------------------------DoJob-----------------------------------------------
----------------------------------------------------------------------------------------------------
[01:20:53] DEBUG::Resource : Ble::405x166::241,206,46::true
[01:20:53] DEBUG::Resource : Ble::368x207::241,190,25::true
[01:20:53] DEBUG::Resource : Ble::317x211::252,233,58::true
[01:20:53] DEBUG::Resource : Ble::284x206::244,192,39::true
[01:20:53] DEBUG::Resource : Ble::355x162::249,190,29::true
[01:20:53] DEBUG::CollectedResourceCount : 0
----------------------------------------------------------------------------------------------------

----------------------------------------------------------------------------------------------------
-----------------------------------------------GetPod-----------------------------------------------
----------------------------------------------------------------------------------------------------
[01:20:54] DEBUG::InvetaireLocation (X: 0 Y: 0)
----------------------------------------------------------------------------------------------------

----------------------------------------------------------------------------------------------------
----------------------------------------------GoBanque----------------------------------------------
----------------------------------------------------------------------------------------------------
[01:20:54] DEBUG::GoBanque est désactivé.
----------------------------------------------------------------------------------------------------
[01:20:54] DEBUG::Cleaning Minimap
[01:20:54] DEBUG::Step UP::380

----------------------------------------------------------------------------------------------------
-----------------------------------------WaitForMapToChange-----------------------------------------
----------------------------------------------------------------------------------------------------
[01:20:54] DEBUG::Map Pixel (X: 70 Y: 3) Color (R: 165 G: 189 B: 17)
[01:20:54] DEBUG::Map Pixel (X: 457 Y: 3) Color (R: 44 G: 117 B: 1)
[01:20:54] DEBUG::Map Pixel (X: 457 Y: 351) Color (R: 156 G: 178 B: 27)
[01:20:54] DEBUG::Map Pixel (X: 70 Y: 351) Color (R: 133 G: 168 B: 18)
----------------------------------------------------------------------------------------------------
[01:20:56] DEBUG::Cleaning Minimap
[01:20:57] DEBUG::Step AREA::D:\Pixus Bot\Pixus\Pixus\bin\Debug\Zone_[5,-27].txt

----------------------------------------------------------------------------------------------------
------------------------------------------------DoJob-----------------------------------------------
----------------------------------------------------------------------------------------------------
[01:20:57] DEBUG::Resource : Ble::270x259::221,167,36::true
[01:20:57] DEBUG::Resource : Ble::295x275::225,180,41::true
[01:20:57] DEBUG::CollectedResourceCount : 0
----------------------------------------------------------------------------------------------------

----------------------------------------------------------------------------------------------------
-----------------------------------------------GetPod-----------------------------------------------
----------------------------------------------------------------------------------------------------
[01:20:57] DEBUG::InvetaireLocation (X: 0 Y: 0)
----------------------------------------------------------------------------------------------------

----------------------------------------------------------------------------------------------------
----------------------------------------------GoBanque----------------------------------------------
----------------------------------------------------------------------------------------------------
[01:20:57] DEBUG::GoBanque est désactivé.
----------------------------------------------------------------------------------------------------
[01:20:57] DEBUG::Cleaning Minimap
[01:20:58] DEBUG::Step RIGHT::250

----------------------------------------------------------------------------------------------------
-----------------------------------------WaitForMapToChange-----------------------------------------
----------------------------------------------------------------------------------------------------
[01:20:58] DEBUG::Map Pixel (X: 70 Y: 3) Color (R: 120 G: 81 B: 5)
[01:20:58] DEBUG::Map Pixel (X: 457 Y: 3) Color (R: 180 G: 109 B: 20)
[01:20:58] DEBUG::Map Pixel (X: 457 Y: 351) Color (R: 43 G: 87 B: 1)
[01:20:58] DEBUG::Map Pixel (X: 70 Y: 351) Color (R: 165 G: 188 B: 9)
----------------------------------------------------------------------------------------------------
[01:21:03] DEBUG::Cleaning Minimap
[01:21:03] DEBUG::Step AREA::D:\Pixus Bot\Pixus\Pixus\bin\Debug\Zone_[6,-27].txt

----------------------------------------------------------------------------------------------------
------------------------------------------------DoJob-----------------------------------------------
----------------------------------------------------------------------------------------------------
[01:21:03] DEBUG::Resource : Ble::441x43::229,178,36::true
[01:21:03] DEBUG::Resource : Ble::413x30::249,226,55::true
[01:21:03] DEBUG::Resource : Ble::389x31::243,201,45::true
[01:21:03] DEBUG::CollectedResourceCount : 0
----------------------------------------------------------------------------------------------------

----------------------------------------------------------------------------------------------------
-----------------------------------------------GetPod-----------------------------------------------
----------------------------------------------------------------------------------------------------
[01:21:03] DEBUG::InvetaireLocation (X: 0 Y: 0)
----------------------------------------------------------------------------------------------------

----------------------------------------------------------------------------------------------------
----------------------------------------------GoBanque----------------------------------------------
----------------------------------------------------------------------------------------------------
[01:21:03] DEBUG::GoBanque est désactivé.
----------------------------------------------------------------------------------------------------
[01:21:03] DEBUG::Cleaning Minimap
[01:21:04] DEBUG::Step LEFTCLICK::239x348
[01:21:05] DEBUG::Cleaning Minimap
[01:21:06] DEBUG::Step LEFT::250

----------------------------------------------------------------------------------------------------
-----------------------------------------WaitForMapToChange-----------------------------------------
----------------------------------------------------------------------------------------------------
[01:21:06] DEBUG::Map Pixel (X: 70 Y: 3) Color (R: 149 G: 125 B: 40)
[01:21:06] DEBUG::Map Pixel (X: 457 Y: 3) Color (R: 185 G: 207 B: 32)
[01:21:06] DEBUG::Map Pixel (X: 457 Y: 351) Color (R: 177 G: 106 B: 18)
[01:21:06] DEBUG::Map Pixel (X: 70 Y: 351) Color (R: 97 G: 97 B: 58)
----------------------------------------------------------------------------------------------------
[01:21:09] DEBUG::Stop Bot
[01:21:10] DEBUG::Cleaning Minimap
[01:21:24] DEBUG::Run Bot
[01:21:24] Trajet : new_Trajet_25-08-16_01-01-03
[01:21:24] DEBUG::Trajet File D:\Pixus Bot\Pixus\Pixus\bin\Debug\new_Trajet_25-08-16_01-01-03.txt Repeat: false
[01:21:24] DEBUG::Step AREA::D:\Pixus Bot\Pixus\Pixus\bin\Debug\Zone_[5,-26].txt

----------------------------------------------------------------------------------------------------
------------------------------------------------DoJob-----------------------------------------------
----------------------------------------------------------------------------------------------------
[01:21:24] DEBUG::Resource : Ble::405x166::241,206,46::true
[01:21:24] DEBUG::Resource : Ble::368x207::241,190,25::true
[01:21:24] DEBUG::Resource : Ble::317x211::252,233,58::true
[01:21:24] DEBUG::Resource : Ble::284x206::244,192,39::true
[01:21:24] DEBUG::Resource : Ble::355x162::249,190,29::true
[01:21:24] DEBUG::CollectedResourceCount : 0
----------------------------------------------------------------------------------------------------

----------------------------------------------------------------------------------------------------
-----------------------------------------------GetPod-----------------------------------------------
----------------------------------------------------------------------------------------------------
[01:21:25] DEBUG::InvetaireLocation (X: 0 Y: 0)
----------------------------------------------------------------------------------------------------

----------------------------------------------------------------------------------------------------
----------------------------------------------GoBanque----------------------------------------------
----------------------------------------------------------------------------------------------------
[01:21:25] DEBUG::GoBanque est désactivé.
----------------------------------------------------------------------------------------------------
[01:21:25] DEBUG::Cleaning Minimap
[01:21:25] DEBUG::Step UP::380

----------------------------------------------------------------------------------------------------
-----------------------------------------WaitForMapToChange-----------------------------------------
----------------------------------------------------------------------------------------------------
[01:21:25] DEBUG::Map Pixel (X: 70 Y: 3) Color (R: 164 G: 188 B: 17)
[01:21:25] DEBUG::Map Pixel (X: 457 Y: 3) Color (R: 44 G: 117 B: 1)
[01:21:25] DEBUG::Map Pixel (X: 457 Y: 351) Color (R: 155 G: 177 B: 27)
[01:21:25] DEBUG::Map Pixel (X: 70 Y: 351) Color (R: 132 G: 168 B: 16)
----------------------------------------------------------------------------------------------------
[01:21:27] DEBUG::Cleaning Minimap
[01:21:28] DEBUG::Step AREA::D:\Pixus Bot\Pixus\Pixus\bin\Debug\Zone_[5,-27].txt

----------------------------------------------------------------------------------------------------
------------------------------------------------DoJob-----------------------------------------------
----------------------------------------------------------------------------------------------------
[01:21:28] DEBUG::Resource : Ble::270x259::221,167,36::true
[01:21:28] DEBUG::Resource : Ble::295x275::225,180,41::true
[01:21:28] DEBUG::CollectedResourceCount : 0
----------------------------------------------------------------------------------------------------

----------------------------------------------------------------------------------------------------
-----------------------------------------------GetPod-----------------------------------------------
----------------------------------------------------------------------------------------------------
[01:21:28] DEBUG::InvetaireLocation (X: 0 Y: 0)
----------------------------------------------------------------------------------------------------

----------------------------------------------------------------------------------------------------
----------------------------------------------GoBanque----------------------------------------------
----------------------------------------------------------------------------------------------------
[01:21:28] DEBUG::GoBanque est désactivé.
----------------------------------------------------------------------------------------------------
[01:21:28] DEBUG::Cleaning Minimap
[01:21:29] DEBUG::Step RIGHT::250

----------------------------------------------------------------------------------------------------
-----------------------------------------WaitForMapToChange-----------------------------------------
----------------------------------------------------------------------------------------------------
[01:21:29] DEBUG::Map Pixel (X: 70 Y: 3) Color (R: 120 G: 81 B: 5)
[01:21:29] DEBUG::Map Pixel (X: 457 Y: 3) Color (R: 180 G: 109 B: 20)
[01:21:29] DEBUG::Map Pixel (X: 457 Y: 351) Color (R: 43 G: 87 B: 1)
[01:21:29] DEBUG::Map Pixel (X: 70 Y: 351) Color (R: 165 G: 188 B: 9)
----------------------------------------------------------------------------------------------------
[01:21:34] DEBUG::Cleaning Minimap
[01:21:34] DEBUG::Step AREA::D:\Pixus Bot\Pixus\Pixus\bin\Debug\Zone_[6,-27].txt

----------------------------------------------------------------------------------------------------
------------------------------------------------DoJob-----------------------------------------------
----------------------------------------------------------------------------------------------------
[01:21:34] DEBUG::Resource : Ble::441x43::229,178,36::true
[01:21:34] DEBUG::Resource : Ble::413x30::249,226,55::true
[01:21:34] DEBUG::Resource : Ble::389x31::243,201,45::true
[01:21:34] DEBUG::CollectedResourceCount : 0
----------------------------------------------------------------------------------------------------

----------------------------------------------------------------------------------------------------
-----------------------------------------------GetPod-----------------------------------------------
----------------------------------------------------------------------------------------------------
[01:21:35] DEBUG::InvetaireLocation (X: 0 Y: 0)
----------------------------------------------------------------------------------------------------

----------------------------------------------------------------------------------------------------
----------------------------------------------GoBanque----------------------------------------------
----------------------------------------------------------------------------------------------------
[01:21:35] DEBUG::GoBanque est désactivé.
----------------------------------------------------------------------------------------------------
[01:21:35] DEBUG::Cleaning Minimap
[01:21:35] DEBUG::Step LEFTCLICK::239x348
[01:21:36] DEBUG::Cleaning Minimap
[01:21:37] DEBUG::Step LEFT::250

----------------------------------------------------------------------------------------------------
-----------------------------------------WaitForMapToChange-----------------------------------------
----------------------------------------------------------------------------------------------------
[01:21:37] DEBUG::Map Pixel (X: 70 Y: 3) Color (R: 149 G: 125 B: 40)
[01:21:37] DEBUG::Map Pixel (X: 457 Y: 3) Color (R: 185 G: 207 B: 32)
[01:21:37] DEBUG::Map Pixel (X: 457 Y: 351) Color (R: 177 G: 106 B: 18)
[01:21:37] DEBUG::Map Pixel (X: 70 Y: 351) Color (R: 97 G: 97 B: 58)
----------------------------------------------------------------------------------------------------
[01:21:41] DEBUG::Cleaning Minimap
[01:21:41] Nombre min. de ressources collectées : 0
[01:21:41] Temps écoulé : 00:00:16
[01:21:41] Trajet complété !
