[14:30:57] DEBUG::Game Window : Reptam
[14:30:57] DEBUG::Game Panel Resolution : 563x411
[14:30:57] DEBUG::Move UP Point : 281x0
[14:30:57] DEBUG::Move RIGHT Point : 531x205
[14:30:57] DEBUG::Move DOWN Point : 281x348
[14:30:57] DEBUG::Move LEFT Point : 28x205
[14:30:57] DEBUG::Map Pixel To Check [1] ( X: 70 Y: 3)
[14:30:57] DEBUG::Map Pixel To Check [2] ( X: 457 Y: 3)
[14:30:57] DEBUG::Map Pixel To Check [3] ( X: 457 Y: 344)
[14:30:57] DEBUG::Map Pixel To Check [4] ( X: 70 Y: 344)
[14:31:25] DEBUG::Game Window : Reptam
[14:31:25] DEBUG::Game Panel Resolution : 563x411
[14:31:25] DEBUG::Move UP Point : 281x0
[14:31:25] DEBUG::Move RIGHT Point : 531x205
[14:31:25] DEBUG::Move DOWN Point : 281x348
[14:31:25] DEBUG::Move LEFT Point : 28x205
[14:31:25] DEBUG::Map Pixel To Check [1] ( X: 70 Y: 3)
[14:31:25] DEBUG::Map Pixel To Check [2] ( X: 457 Y: 3)
[14:31:25] DEBUG::Map Pixel To Check [3] ( X: 457 Y: 344)
[14:31:25] DEBUG::Map Pixel To Check [4] ( X: 70 Y: 344)
[14:31:36] DEBUG::Game Window : Reptam
[14:31:36] DEBUG::Game Panel Resolution : 563x411
[14:31:36] DEBUG::Move UP Point : 281x0
[14:31:36] DEBUG::Move RIGHT Point : 531x205
[14:31:36] DEBUG::Move DOWN Point : 281x348
[14:31:36] DEBUG::Move LEFT Point : 28x205
[14:31:36] DEBUG::Map Pixel To Check [1] ( X: 70 Y: 3)
[14:31:36] DEBUG::Map Pixel To Check [2] ( X: 457 Y: 3)
[14:31:36] DEBUG::Map Pixel To Check [3] ( X: 457 Y: 344)
[14:31:36] DEBUG::Map Pixel To Check [4] ( X: 70 Y: 344)
[14:31:43] DEBUG::Run Bot
[14:31:43] Trajet : Trajet_13-06-16_18-40-10
[14:31:43] DEBUG::Trajet File E:\Pixus\Pixus\bin\Debug\Trajet_13-06-16_18-40-10.txt
[14:31:43] Action : Aucune
[14:31:44] DEBUG::Step UP::380

----------------------------------------------------------------------------------------------------
-----------------------------------------WaitForMapToChange-----------------------------------------
----------------------------------------------------------------------------------------------------
[14:31:44] DEBUG::Map Pixel (X: 70 Y: 3) Color (R: 167 G: 191 B: 6)
[14:31:44] DEBUG::Map Pixel (X: 457 Y: 3) Color (R: 209 G: 209 B: 153)
[14:31:44] DEBUG::Map Pixel (X: 457 Y: 344) Color (R: 36 G: 31 B: 28)
[14:31:44] DEBUG::Map Pixel (X: 70 Y: 344) Color (R: 36 G: 31 B: 28)
----------------------------------------------------------------------------------------------------
[14:31:46] DEBUG::Step RIGHT::250

----------------------------------------------------------------------------------------------------
-----------------------------------------WaitForMapToChange-----------------------------------------
----------------------------------------------------------------------------------------------------
[14:31:46] DEBUG::Map Pixel (X: 70 Y: 3) Color (R: 167 G: 191 B: 6)
[14:31:46] DEBUG::Map Pixel (X: 457 Y: 3) Color (R: 209 G: 209 B: 153)
[14:31:46] DEBUG::Map Pixel (X: 457 Y: 344) Color (R: 193 G: 199 B: 175)
[14:31:46] DEBUG::Map Pixel (X: 70 Y: 344) Color (R: 127 G: 138 B: 14)
----------------------------------------------------------------------------------------------------
[14:31:48] DEBUG::Step DOWN::380

----------------------------------------------------------------------------------------------------
-----------------------------------------WaitForMapToChange-----------------------------------------
----------------------------------------------------------------------------------------------------
[14:31:48] DEBUG::Map Pixel (X: 70 Y: 3) Color (R: 143 G: 117 B: 69)
[14:31:48] DEBUG::Map Pixel (X: 457 Y: 3) Color (R: 145 G: 189 B: 178)
[14:31:48] DEBUG::Map Pixel (X: 457 Y: 344) Color (R: 190 G: 203 B: 27)
[14:31:48] DEBUG::Map Pixel (X: 70 Y: 344) Color (R: 178 G: 179 B: 12)
----------------------------------------------------------------------------------------------------
[14:31:51] DEBUG::Step LEFT::250

----------------------------------------------------------------------------------------------------
-----------------------------------------WaitForMapToChange-----------------------------------------
----------------------------------------------------------------------------------------------------
[14:31:51] DEBUG::Map Pixel (X: 70 Y: 3) Color (R: 167 G: 191 B: 6)
[14:31:51] DEBUG::Map Pixel (X: 457 Y: 3) Color (R: 209 G: 209 B: 153)
[14:31:51] DEBUG::Map Pixel (X: 457 Y: 344) Color (R: 193 G: 199 B: 175)
[14:31:51] DEBUG::Map Pixel (X: 70 Y: 344) Color (R: 127 G: 138 B: 14)
----------------------------------------------------------------------------------------------------
[14:31:56] Trajet complété !
[14:32:16] DEBUG::Game Window : Reptam
[14:32:16] DEBUG::Game Panel Resolution : 563x411
[14:32:16] DEBUG::Move UP Point : 281x0
[14:32:16] DEBUG::Move RIGHT Point : 531x205
[14:32:16] DEBUG::Move DOWN Point : 281x348
[14:32:16] DEBUG::Move LEFT Point : 28x205
[14:32:16] DEBUG::Map Pixel To Check [1] ( X: 70 Y: 3)
[14:32:16] DEBUG::Map Pixel To Check [2] ( X: 457 Y: 3)
[14:32:16] DEBUG::Map Pixel To Check [3] ( X: 457 Y: 344)
[14:32:16] DEBUG::Map Pixel To Check [4] ( X: 70 Y: 344)
[14:32:19] DEBUG::Run Bot
[14:32:19] Trajet : Trajet_13-06-16_18-40-10
[14:32:19] DEBUG::Trajet File E:\Pixus\Pixus\bin\Debug\Trajet_13-06-16_18-40-10.txt
[14:32:19] Action : Aucune
[14:32:19] DEBUG::Step UP::380

----------------------------------------------------------------------------------------------------
-----------------------------------------WaitForMapToChange-----------------------------------------
----------------------------------------------------------------------------------------------------
[14:32:19] DEBUG::Map Pixel (X: 70 Y: 3) Color (R: 167 G: 191 B: 6)
[14:32:19] DEBUG::Map Pixel (X: 457 Y: 3) Color (R: 209 G: 209 B: 153)
[14:32:19] DEBUG::Map Pixel (X: 457 Y: 344) Color (R: 36 G: 31 B: 28)
[14:32:19] DEBUG::Map Pixel (X: 70 Y: 344) Color (R: 36 G: 31 B: 28)
----------------------------------------------------------------------------------------------------
[14:32:21] DEBUG::Step RIGHT::250

----------------------------------------------------------------------------------------------------
-----------------------------------------WaitForMapToChange-----------------------------------------
----------------------------------------------------------------------------------------------------
[14:32:21] DEBUG::Map Pixel (X: 70 Y: 3) Color (R: 167 G: 191 B: 6)
[14:32:21] DEBUG::Map Pixel (X: 457 Y: 3) Color (R: 209 G: 209 B: 153)
[14:32:21] DEBUG::Map Pixel (X: 457 Y: 344) Color (R: 193 G: 199 B: 175)
[14:32:21] DEBUG::Map Pixel (X: 70 Y: 344) Color (R: 127 G: 138 B: 14)
----------------------------------------------------------------------------------------------------
[14:32:28] DEBUG::Step DOWN::380

----------------------------------------------------------------------------------------------------
-----------------------------------------WaitForMapToChange-----------------------------------------
----------------------------------------------------------------------------------------------------
[14:32:28] DEBUG::Map Pixel (X: 70 Y: 3) Color (R: 164 G: 186 B: 8)
[14:32:28] DEBUG::Map Pixel (X: 457 Y: 3) Color (R: 181 G: 202 B: 19)
[14:32:28] DEBUG::Map Pixel (X: 457 Y: 344) Color (R: 251 G: 247 B: 237)
[14:32:28] DEBUG::Map Pixel (X: 70 Y: 344) Color (R: 174 G: 172 B: 141)
----------------------------------------------------------------------------------------------------
[14:32:32] DEBUG::Step LEFT::250

----------------------------------------------------------------------------------------------------
-----------------------------------------WaitForMapToChange-----------------------------------------
----------------------------------------------------------------------------------------------------
[14:32:32] DEBUG::Map Pixel (X: 70 Y: 3) Color (R: 102 G: 139 B: 135)
[14:32:32] DEBUG::Map Pixel (X: 457 Y: 3) Color (R: 227 G: 227 B: 201)
[14:32:32] DEBUG::Map Pixel (X: 457 Y: 344) Color (R: 87 G: 56 B: 2)
[14:32:32] DEBUG::Map Pixel (X: 70 Y: 344) Color (R: 81 G: 165 B: 34)
----------------------------------------------------------------------------------------------------
[14:32:37] Trajet complété !
[14:34:17] DEBUG::Game Window : Reptam
[14:34:17] DEBUG::Game Panel Resolution : 563x411
[14:34:17] DEBUG::Move UP Point : 281x0
[14:34:17] DEBUG::Move RIGHT Point : 531x205
[14:34:17] DEBUG::Move DOWN Point : 281x348
[14:34:17] DEBUG::Move LEFT Point : 28x205
[14:34:17] DEBUG::Map Pixel To Check [1] ( X: 70 Y: 3)
[14:34:17] DEBUG::Map Pixel To Check [2] ( X: 457 Y: 3)
[14:34:17] DEBUG::Map Pixel To Check [3] ( X: 457 Y: 344)
[14:34:17] DEBUG::Map Pixel To Check [4] ( X: 70 Y: 344)
[14:34:19] DEBUG::Run Bot
[14:34:19] Trajet : Trajet_13-06-16_18-40-10
[14:34:19] DEBUG::Trajet File E:\Pixus\Pixus\bin\Debug\Trajet_13-06-16_18-40-10.txt
[14:34:19] Action : Aucune
[14:34:19] DEBUG::ClosePopUps
[14:34:19] DEBUG::Step UP::380

----------------------------------------------------------------------------------------------------
-----------------------------------------WaitForMapToChange-----------------------------------------
----------------------------------------------------------------------------------------------------
[14:34:19] DEBUG::Map Pixel (X: 70 Y: 3) Color (R: 188 G: 205 B: 20)
[14:34:19] DEBUG::Map Pixel (X: 457 Y: 3) Color (R: 227 G: 227 B: 201)
[14:34:19] DEBUG::Map Pixel (X: 457 Y: 344) Color (R: 36 G: 31 B: 28)
[14:34:19] DEBUG::Map Pixel (X: 70 Y: 344) Color (R: 89 G: 127 B: 127)
----------------------------------------------------------------------------------------------------
[14:34:21] DEBUG::ClosePopUps
[14:34:21] DEBUG::ClosePopUps
[14:34:21] DEBUG::Step RIGHT::250

----------------------------------------------------------------------------------------------------
-----------------------------------------WaitForMapToChange-----------------------------------------
----------------------------------------------------------------------------------------------------
[14:34:21] DEBUG::Map Pixel (X: 70 Y: 3) Color (R: 188 G: 205 B: 20)
[14:34:21] DEBUG::Map Pixel (X: 457 Y: 3) Color (R: 227 G: 227 B: 201)
[14:34:21] DEBUG::Map Pixel (X: 457 Y: 344) Color (R: 127 G: 163 B: 154)
[14:34:21] DEBUG::Map Pixel (X: 70 Y: 344) Color (R: 89 G: 127 B: 127)
----------------------------------------------------------------------------------------------------
[14:34:27] DEBUG::ClosePopUps
[14:34:27] DEBUG::Stop Bot
[14:35:33] DEBUG::Game Window : Reptam
[14:35:33] DEBUG::Game Panel Resolution : 563x411
[14:35:33] DEBUG::Move UP Point : 281x0
[14:35:33] DEBUG::Move RIGHT Point : 531x205
[14:35:33] DEBUG::Move DOWN Point : 281x348
[14:35:33] DEBUG::Move LEFT Point : 28x205
[14:35:33] DEBUG::Map Pixel To Check [1] ( X: 70 Y: 3)
[14:35:33] DEBUG::Map Pixel To Check [2] ( X: 457 Y: 3)
[14:35:33] DEBUG::Map Pixel To Check [3] ( X: 457 Y: 344)
[14:35:33] DEBUG::Map Pixel To Check [4] ( X: 70 Y: 344)
[14:35:36] DEBUG::Run Bot
[14:35:36] Trajet : Trajet_13-06-16_18-40-10
[14:35:36] DEBUG::Trajet File E:\Pixus\Pixus\bin\Debug\Trajet_13-06-16_18-40-10.txt
[14:35:36] Action : Aucune
[14:35:36] DEBUG::ClosePopUps
[14:35:36] DEBUG::Step UP::380

----------------------------------------------------------------------------------------------------
-----------------------------------------WaitForMapToChange-----------------------------------------
----------------------------------------------------------------------------------------------------
[14:35:36] DEBUG::Map Pixel (X: 70 Y: 3) Color (R: 80 G: 55 B: 12)
[14:35:36] DEBUG::Map Pixel (X: 457 Y: 3) Color (R: 224 G: 173 B: 73)
[14:35:36] DEBUG::Map Pixel (X: 457 Y: 344) Color (R: 217 G: 176 B: 67)
[14:35:36] DEBUG::Map Pixel (X: 70 Y: 344) Color (R: 131 G: 181 B: 202)
----------------------------------------------------------------------------------------------------
[14:35:41] DEBUG::ClosePopUps
[14:35:41] DEBUG::ClosePopUps
[14:35:42] DEBUG::Step RIGHT::250

----------------------------------------------------------------------------------------------------
-----------------------------------------WaitForMapToChange-----------------------------------------
----------------------------------------------------------------------------------------------------
[14:35:42] DEBUG::Map Pixel (X: 70 Y: 3) Color (R: 166 G: 187 B: 26)
[14:35:42] DEBUG::Map Pixel (X: 457 Y: 3) Color (R: 56 G: 103 B: 106)
[14:35:42] DEBUG::Map Pixel (X: 457 Y: 344) Color (R: 169 G: 193 B: 12)
[14:35:42] DEBUG::Map Pixel (X: 70 Y: 344) Color (R: 65 G: 98 B: 88)
----------------------------------------------------------------------------------------------------
[14:35:47] DEBUG::ClosePopUps
[14:35:47] DEBUG::ClosePopUps
[14:35:47] DEBUG::Step DOWN::380

----------------------------------------------------------------------------------------------------
-----------------------------------------WaitForMapToChange-----------------------------------------
----------------------------------------------------------------------------------------------------
[14:35:47] DEBUG::Map Pixel (X: 70 Y: 3) Color (R: 167 G: 191 B: 6)
[14:35:47] DEBUG::Map Pixel (X: 457 Y: 3) Color (R: 209 G: 209 B: 153)
[14:35:47] DEBUG::Map Pixel (X: 457 Y: 344) Color (R: 193 G: 199 B: 175)
[14:35:47] DEBUG::Map Pixel (X: 70 Y: 344) Color (R: 127 G: 138 B: 14)
----------------------------------------------------------------------------------------------------
[14:35:51] DEBUG::ClosePopUps
[14:35:51] DEBUG::ClosePopUps
[14:35:52] DEBUG::Step LEFT::250

----------------------------------------------------------------------------------------------------
-----------------------------------------WaitForMapToChange-----------------------------------------
----------------------------------------------------------------------------------------------------
[14:35:52] DEBUG::Map Pixel (X: 70 Y: 3) Color (R: 188 G: 205 B: 20)
[14:35:52] DEBUG::Map Pixel (X: 457 Y: 3) Color (R: 227 G: 227 B: 201)
[14:35:52] DEBUG::Map Pixel (X: 457 Y: 344) Color (R: 127 G: 163 B: 154)
[14:35:52] DEBUG::Map Pixel (X: 70 Y: 344) Color (R: 89 G: 127 B: 127)
----------------------------------------------------------------------------------------------------
[14:35:57] DEBUG::ClosePopUps
[14:35:57] Trajet complété !
[14:36:07] DEBUG::Game Window : Reptam
[14:36:07] DEBUG::Game Panel Resolution : 563x411
[14:36:07] DEBUG::Move UP Point : 281x0
[14:36:07] DEBUG::Move RIGHT Point : 531x205
[14:36:07] DEBUG::Move DOWN Point : 281x348
[14:36:07] DEBUG::Move LEFT Point : 28x205
[14:36:07] DEBUG::Map Pixel To Check [1] ( X: 70 Y: 3)
[14:36:07] DEBUG::Map Pixel To Check [2] ( X: 457 Y: 3)
[14:36:07] DEBUG::Map Pixel To Check [3] ( X: 457 Y: 344)
[14:36:07] DEBUG::Map Pixel To Check [4] ( X: 70 Y: 344)
[14:36:10] DEBUG::Run Bot
[14:36:10] Trajet : Trajet_13-06-16_18-40-10
[14:36:10] DEBUG::Trajet File E:\Pixus\Pixus\bin\Debug\Trajet_13-06-16_18-40-10.txt
[14:36:10] Action : Aucune
[14:36:10] DEBUG::ClosePopUps
[14:36:10] DEBUG::Step UP::380

----------------------------------------------------------------------------------------------------
-----------------------------------------WaitForMapToChange-----------------------------------------
----------------------------------------------------------------------------------------------------
[14:36:10] DEBUG::Map Pixel (X: 70 Y: 3) Color (R: 80 G: 55 B: 12)
[14:36:10] DEBUG::Map Pixel (X: 457 Y: 3) Color (R: 224 G: 173 B: 73)
[14:36:10] DEBUG::Map Pixel (X: 457 Y: 344) Color (R: 36 G: 31 B: 28)
[14:36:10] DEBUG::Map Pixel (X: 70 Y: 344) Color (R: 131 G: 181 B: 202)
----------------------------------------------------------------------------------------------------
[14:36:12] DEBUG::ClosePopUps
[14:36:12] DEBUG::ClosePopUps
[14:36:12] DEBUG::Step RIGHT::250

----------------------------------------------------------------------------------------------------
-----------------------------------------WaitForMapToChange-----------------------------------------
----------------------------------------------------------------------------------------------------
[14:36:13] DEBUG::Map Pixel (X: 70 Y: 3) Color (R: 80 G: 55 B: 12)
[14:36:13] DEBUG::Map Pixel (X: 457 Y: 3) Color (R: 224 G: 173 B: 73)
[14:36:13] DEBUG::Map Pixel (X: 457 Y: 344) Color (R: 217 G: 176 B: 67)
[14:36:13] DEBUG::Map Pixel (X: 70 Y: 344) Color (R: 131 G: 181 B: 202)
----------------------------------------------------------------------------------------------------
[14:36:16] DEBUG::Stop Bot
[14:37:47] DEBUG::Game Window : Reptam
[14:37:47] DEBUG::Game Panel Resolution : 563x411
[14:37:47] DEBUG::Move UP Point : 281x0
[14:37:47] DEBUG::Move RIGHT Point : 531x205
[14:37:47] DEBUG::Move DOWN Point : 281x348
[14:37:47] DEBUG::Move LEFT Point : 28x205
[14:37:47] DEBUG::Map Pixel To Check [1] ( X: 70 Y: 3)
[14:37:47] DEBUG::Map Pixel To Check [2] ( X: 457 Y: 3)
[14:37:47] DEBUG::Map Pixel To Check [3] ( X: 457 Y: 344)
[14:37:47] DEBUG::Map Pixel To Check [4] ( X: 70 Y: 344)
[14:37:55] DEBUG::Game Window : Reptam
[14:37:55] DEBUG::Game Panel Resolution : 563x411
[14:37:55] DEBUG::Move UP Point : 281x0
[14:37:55] DEBUG::Move RIGHT Point : 531x205
[14:37:55] DEBUG::Move DOWN Point : 281x348
[14:37:55] DEBUG::Move LEFT Point : 28x205
[14:37:55] DEBUG::Map Pixel To Check [1] ( X: 70 Y: 3)
[14:37:55] DEBUG::Map Pixel To Check [2] ( X: 457 Y: 3)
[14:37:55] DEBUG::Map Pixel To Check [3] ( X: 457 Y: 344)
[14:37:55] DEBUG::Map Pixel To Check [4] ( X: 70 Y: 344)
[14:37:59] DEBUG::Run Bot
[14:37:59] Trajet : Trajet_13-06-16_18-40-10
[14:37:59] DEBUG::Trajet File E:\Pixus\Pixus\bin\Debug\Trajet_13-06-16_18-40-10.txt
[14:37:59] Action : Aucune
[14:37:59] DEBUG::ClosePopUps
[14:38:00] DEBUG::Step UP::380

----------------------------------------------------------------------------------------------------
-----------------------------------------WaitForMapToChange-----------------------------------------
----------------------------------------------------------------------------------------------------
[14:38:00] DEBUG::Map Pixel (X: 70 Y: 3) Color (R: 80 G: 55 B: 12)
[14:38:00] DEBUG::Map Pixel (X: 457 Y: 3) Color (R: 224 G: 173 B: 73)
[14:38:00] DEBUG::Map Pixel (X: 457 Y: 344) Color (R: 36 G: 31 B: 28)
[14:38:00] DEBUG::Map Pixel (X: 70 Y: 344) Color (R: 131 G: 181 B: 202)
----------------------------------------------------------------------------------------------------
[14:38:02] DEBUG::ClosePopUps
[14:38:02] DEBUG::Step RIGHT::250

----------------------------------------------------------------------------------------------------
-----------------------------------------WaitForMapToChange-----------------------------------------
----------------------------------------------------------------------------------------------------
[14:38:02] DEBUG::Map Pixel (X: 70 Y: 3) Color (R: 80 G: 55 B: 12)
[14:38:02] DEBUG::Map Pixel (X: 457 Y: 3) Color (R: 224 G: 173 B: 73)
[14:38:02] DEBUG::Map Pixel (X: 457 Y: 344) Color (R: 217 G: 176 B: 67)
[14:38:02] DEBUG::Map Pixel (X: 70 Y: 344) Color (R: 131 G: 181 B: 202)
----------------------------------------------------------------------------------------------------
[14:38:04] DEBUG::Stop Bot
[14:41:04] DEBUG::Game Window : Reptam
[14:41:04] DEBUG::Game Panel Resolution : 563x411
[14:41:04] DEBUG::Move UP Point : 281x0
[14:41:04] DEBUG::Move RIGHT Point : 531x205
[14:41:04] DEBUG::Move DOWN Point : 281x348
[14:41:04] DEBUG::Move LEFT Point : 28x205
[14:41:04] DEBUG::Map Pixel To Check [1] ( X: 70 Y: 3)
[14:41:04] DEBUG::Map Pixel To Check [2] ( X: 457 Y: 3)
[14:41:04] DEBUG::Map Pixel To Check [3] ( X: 457 Y: 344)
[14:41:04] DEBUG::Map Pixel To Check [4] ( X: 70 Y: 344)
[14:41:07] DEBUG::Run Bot
[14:41:07] Trajet : Trajet_13-06-16_18-40-10
[14:41:07] DEBUG::Trajet File E:\Pixus\Pixus\bin\Debug\Trajet_13-06-16_18-40-10.txt
[14:41:07] Action : Aucune
[14:41:07] DEBUG::ClosePopUps
[14:41:09] DEBUG::Step UP::380

----------------------------------------------------------------------------------------------------
-----------------------------------------WaitForMapToChange-----------------------------------------
----------------------------------------------------------------------------------------------------
[14:41:09] DEBUG::Map Pixel (X: 70 Y: 3) Color (R: 80 G: 55 B: 12)
[14:41:09] DEBUG::Map Pixel (X: 457 Y: 3) Color (R: 224 G: 173 B: 73)
[14:41:09] DEBUG::Map Pixel (X: 457 Y: 344) Color (R: 217 G: 176 B: 67)
[14:41:09] DEBUG::Map Pixel (X: 70 Y: 344) Color (R: 131 G: 181 B: 202)
----------------------------------------------------------------------------------------------------
[14:41:14] DEBUG::ClosePopUps
[14:41:15] DEBUG::Step RIGHT::250

----------------------------------------------------------------------------------------------------
-----------------------------------------WaitForMapToChange-----------------------------------------
----------------------------------------------------------------------------------------------------
[14:41:15] DEBUG::Map Pixel (X: 70 Y: 3) Color (R: 166 G: 187 B: 26)
[14:41:15] DEBUG::Map Pixel (X: 457 Y: 3) Color (R: 56 G: 103 B: 106)
[14:41:15] DEBUG::Map Pixel (X: 457 Y: 344) Color (R: 169 G: 193 B: 12)
[14:41:15] DEBUG::Map Pixel (X: 70 Y: 344) Color (R: 65 G: 98 B: 88)
----------------------------------------------------------------------------------------------------
[14:41:20] DEBUG::ClosePopUps
[14:41:21] DEBUG::Step DOWN::380

----------------------------------------------------------------------------------------------------
-----------------------------------------WaitForMapToChange-----------------------------------------
----------------------------------------------------------------------------------------------------
[14:41:21] DEBUG::Map Pixel (X: 70 Y: 3) Color (R: 167 G: 191 B: 6)
[14:41:21] DEBUG::Map Pixel (X: 457 Y: 3) Color (R: 209 G: 209 B: 153)
[14:41:21] DEBUG::Map Pixel (X: 457 Y: 344) Color (R: 193 G: 199 B: 175)
[14:41:21] DEBUG::Map Pixel (X: 70 Y: 344) Color (R: 127 G: 138 B: 14)
----------------------------------------------------------------------------------------------------
[14:41:26] DEBUG::ClosePopUps
[14:41:28] DEBUG::Step LEFT::250

----------------------------------------------------------------------------------------------------
-----------------------------------------WaitForMapToChange-----------------------------------------
----------------------------------------------------------------------------------------------------
[14:41:28] DEBUG::Map Pixel (X: 70 Y: 3) Color (R: 188 G: 205 B: 20)
[14:41:28] DEBUG::Map Pixel (X: 457 Y: 3) Color (R: 227 G: 227 B: 201)
[14:41:28] DEBUG::Map Pixel (X: 457 Y: 344) Color (R: 127 G: 163 B: 154)
[14:41:28] DEBUG::Map Pixel (X: 70 Y: 344) Color (R: 89 G: 127 B: 127)
----------------------------------------------------------------------------------------------------
[14:41:33] Trajet complété !
[14:43:39] DEBUG::Game Window : Reptam
[14:43:39] DEBUG::Game Panel Resolution : 563x411
[14:43:39] DEBUG::Move UP Point : 281x0
[14:43:39] DEBUG::Move RIGHT Point : 531x205
[14:43:39] DEBUG::Move DOWN Point : 281x348
[14:43:39] DEBUG::Move LEFT Point : 28x205
[14:43:39] DEBUG::Map Pixel To Check [1] ( X: 70 Y: 3)
[14:43:39] DEBUG::Map Pixel To Check [2] ( X: 457 Y: 3)
[14:43:39] DEBUG::Map Pixel To Check [3] ( X: 457 Y: 344)
[14:43:39] DEBUG::Map Pixel To Check [4] ( X: 70 Y: 344)
[14:43:48] DEBUG::Game Window : Reptam
[14:43:48] DEBUG::Game Panel Resolution : 563x411
[14:43:48] DEBUG::Move UP Point : 281x0
[14:43:48] DEBUG::Move RIGHT Point : 531x205
[14:43:48] DEBUG::Move DOWN Point : 281x348
[14:43:48] DEBUG::Move LEFT Point : 28x205
[14:43:48] DEBUG::Map Pixel To Check [1] ( X: 70 Y: 3)
[14:43:48] DEBUG::Map Pixel To Check [2] ( X: 457 Y: 3)
[14:43:48] DEBUG::Map Pixel To Check [3] ( X: 457 Y: 344)
[14:43:48] DEBUG::Map Pixel To Check [4] ( X: 70 Y: 344)
[14:43:50] DEBUG::Run Bot
[14:43:51] Trajet : Trajet_13-06-16_18-40-10
[14:43:51] DEBUG::Trajet File E:\Pixus\Pixus\bin\Debug\Trajet_13-06-16_18-40-10.txt
[14:43:51] Action : Aucune
[14:43:51] DEBUG::Closing PopUps
[14:43:52] DEBUG::Step UP::380

----------------------------------------------------------------------------------------------------
-----------------------------------------WaitForMapToChange-----------------------------------------
----------------------------------------------------------------------------------------------------
[14:43:52] DEBUG::Map Pixel (X: 70 Y: 3) Color (R: 80 G: 55 B: 12)
[14:43:52] DEBUG::Map Pixel (X: 457 Y: 3) Color (R: 224 G: 173 B: 73)
[14:43:52] DEBUG::Map Pixel (X: 457 Y: 344) Color (R: 217 G: 176 B: 67)
[14:43:52] DEBUG::Map Pixel (X: 70 Y: 344) Color (R: 131 G: 181 B: 202)
----------------------------------------------------------------------------------------------------
[14:43:57] DEBUG::Step RIGHT::250

----------------------------------------------------------------------------------------------------
-----------------------------------------WaitForMapToChange-----------------------------------------
----------------------------------------------------------------------------------------------------
[14:43:57] DEBUG::Map Pixel (X: 70 Y: 3) Color (R: 166 G: 187 B: 26)
[14:43:57] DEBUG::Map Pixel (X: 457 Y: 3) Color (R: 56 G: 103 B: 106)
[14:43:57] DEBUG::Map Pixel (X: 457 Y: 344) Color (R: 169 G: 193 B: 12)
[14:43:57] DEBUG::Map Pixel (X: 70 Y: 344) Color (R: 65 G: 98 B: 88)
----------------------------------------------------------------------------------------------------
[14:44:02] DEBUG::Step DOWN::380

----------------------------------------------------------------------------------------------------
-----------------------------------------WaitForMapToChange-----------------------------------------
----------------------------------------------------------------------------------------------------
[14:44:02] DEBUG::Map Pixel (X: 70 Y: 3) Color (R: 167 G: 191 B: 6)
[14:44:02] DEBUG::Map Pixel (X: 457 Y: 3) Color (R: 209 G: 209 B: 153)
[14:44:02] DEBUG::Map Pixel (X: 457 Y: 344) Color (R: 193 G: 199 B: 175)
[14:44:02] DEBUG::Map Pixel (X: 70 Y: 344) Color (R: 127 G: 138 B: 14)
----------------------------------------------------------------------------------------------------
[14:44:07] DEBUG::Step LEFT::250

----------------------------------------------------------------------------------------------------
-----------------------------------------WaitForMapToChange-----------------------------------------
----------------------------------------------------------------------------------------------------
[14:44:07] DEBUG::Map Pixel (X: 70 Y: 3) Color (R: 188 G: 205 B: 20)
[14:44:07] DEBUG::Map Pixel (X: 457 Y: 3) Color (R: 227 G: 227 B: 201)
[14:44:07] DEBUG::Map Pixel (X: 457 Y: 344) Color (R: 127 G: 163 B: 154)
[14:44:07] DEBUG::Map Pixel (X: 70 Y: 344) Color (R: 89 G: 127 B: 127)
----------------------------------------------------------------------------------------------------
[14:44:12] Trajet complété !
[14:50:36] DEBUG::Game Window : Reptam
[14:50:36] DEBUG::Game Panel Resolution : 563x411
[14:50:36] DEBUG::Move UP Point : 281x0
[14:50:36] DEBUG::Move RIGHT Point : 531x205
[14:50:36] DEBUG::Move DOWN Point : 281x348
[14:50:36] DEBUG::Move LEFT Point : 28x205
[14:50:36] DEBUG::Map Pixel To Check [1] ( X: 70 Y: 3)
[14:50:36] DEBUG::Map Pixel To Check [2] ( X: 457 Y: 3)
[14:50:36] DEBUG::Map Pixel To Check [3] ( X: 457 Y: 344)
[14:50:36] DEBUG::Map Pixel To Check [4] ( X: 70 Y: 344)
[14:56:58] DEBUG::Game Window : Reptam
[14:56:58] DEBUG::Game Panel Resolution : 563x411
[14:56:58] DEBUG::Move UP Point : 281x0
[14:56:58] DEBUG::Move RIGHT Point : 531x205
[14:56:58] DEBUG::Move DOWN Point : 281x348
[14:56:58] DEBUG::Move LEFT Point : 28x205
[14:56:58] DEBUG::Map Pixel To Check [1] ( X: 70 Y: 3)
[14:56:58] DEBUG::Map Pixel To Check [2] ( X: 457 Y: 3)
[14:56:58] DEBUG::Map Pixel To Check [3] ( X: 457 Y: 344)
[14:56:58] DEBUG::Map Pixel To Check [4] ( X: 70 Y: 344)
[14:57:01] DEBUG::Run Bot
[14:57:01] Trajet : Trajet_13-06-16_18-40-10
[14:57:01] DEBUG::Trajet File E:\Pixus\Pixus\bin\Debug\Trajet_13-06-16_18-40-10.txt
[14:57:01] Action : Aucune
[14:57:01] DEBUG::Closing PopUps
[14:57:02] DEBUG::Step UP::380

----------------------------------------------------------------------------------------------------
-----------------------------------------WaitForMapToChange-----------------------------------------
----------------------------------------------------------------------------------------------------
[14:57:02] DEBUG::Map Pixel (X: 70 Y: 3) Color (R: 80 G: 55 B: 12)
[14:57:02] DEBUG::Map Pixel (X: 457 Y: 3) Color (R: 224 G: 173 B: 73)
[14:57:02] DEBUG::Map Pixel (X: 457 Y: 344) Color (R: 217 G: 176 B: 67)
[14:57:02] DEBUG::Map Pixel (X: 70 Y: 344) Color (R: 131 G: 181 B: 202)
----------------------------------------------------------------------------------------------------
[14:57:03] DEBUG::Stop Bot
[14:57:49] DEBUG::Game Window : Reptam
[14:57:49] DEBUG::Game Panel Resolution : 563x411
[14:57:49] DEBUG::Move UP Point : 281x0
[14:57:49] DEBUG::Move RIGHT Point : 531x205
[14:57:49] DEBUG::Move DOWN Point : 281x348
[14:57:49] DEBUG::Move LEFT Point : 28x205
[14:57:49] DEBUG::Map Pixel To Check [1] ( X: 70 Y: 3)
[14:57:49] DEBUG::Map Pixel To Check [2] ( X: 457 Y: 3)
[14:57:49] DEBUG::Map Pixel To Check [3] ( X: 457 Y: 344)
[14:57:49] DEBUG::Map Pixel To Check [4] ( X: 70 Y: 344)
[14:57:53] DEBUG::Run Bot
[14:57:53] Trajet : Trajet_13-06-16_18-40-10
[14:57:53] DEBUG::Trajet File E:\Pixus\Pixus\bin\Debug\Trajet_13-06-16_18-40-10.txt
[14:57:53] Action : Aucune
[14:57:54] DEBUG::Closing PopUps
[14:57:55] DEBUG::Step UP::380

----------------------------------------------------------------------------------------------------
-----------------------------------------WaitForMapToChange-----------------------------------------
----------------------------------------------------------------------------------------------------
[14:57:55] DEBUG::Map Pixel (X: 70 Y: 3) Color (R: 166 G: 187 B: 26)
[14:57:55] DEBUG::Map Pixel (X: 457 Y: 3) Color (R: 56 G: 103 B: 106)
[14:57:55] DEBUG::Map Pixel (X: 457 Y: 344) Color (R: 169 G: 193 B: 12)
[14:57:55] DEBUG::Map Pixel (X: 70 Y: 344) Color (R: 65 G: 98 B: 88)
----------------------------------------------------------------------------------------------------
[14:57:58] DEBUG::Stop Bot
[14:59:43] DEBUG::Game Window : Reptam
[14:59:43] DEBUG::Game Panel Resolution : 563x411
[14:59:43] DEBUG::Move UP Point : 281x0
[14:59:43] DEBUG::Move RIGHT Point : 531x205
[14:59:43] DEBUG::Move DOWN Point : 281x348
[14:59:43] DEBUG::Move LEFT Point : 28x205
[14:59:43] DEBUG::Map Pixel To Check [1] ( X: 70 Y: 3)
[14:59:43] DEBUG::Map Pixel To Check [2] ( X: 457 Y: 3)
[14:59:43] DEBUG::Map Pixel To Check [3] ( X: 457 Y: 344)
[14:59:43] DEBUG::Map Pixel To Check [4] ( X: 70 Y: 344)
[14:59:46] DEBUG::Run Bot
[14:59:46] Trajet : Trajet_13-06-16_18-40-10
[14:59:46] DEBUG::Trajet File E:\Pixus\Pixus\bin\Debug\Trajet_13-06-16_18-40-10.txt
[14:59:46] Action : Aucune
[14:59:46] DEBUG::Closing PopUps
[14:59:47] DEBUG::Step UP::380

----------------------------------------------------------------------------------------------------
-----------------------------------------WaitForMapToChange-----------------------------------------
----------------------------------------------------------------------------------------------------
[14:59:47] DEBUG::Map Pixel (X: 70 Y: 3) Color (R: 80 G: 55 B: 12)
[14:59:47] DEBUG::Map Pixel (X: 457 Y: 3) Color (R: 224 G: 173 B: 73)
[14:59:47] DEBUG::Map Pixel (X: 457 Y: 344) Color (R: 217 G: 176 B: 67)
[14:59:47] DEBUG::Map Pixel (X: 70 Y: 344) Color (R: 131 G: 181 B: 202)
----------------------------------------------------------------------------------------------------
[14:59:49] DEBUG::Stop Bot
[15:00:48] DEBUG::Game Window : Reptam
[15:00:48] DEBUG::Game Panel Resolution : 563x411
[15:00:48] DEBUG::Move UP Point : 281x0
[15:00:48] DEBUG::Move RIGHT Point : 531x205
[15:00:48] DEBUG::Move DOWN Point : 281x348
[15:00:48] DEBUG::Move LEFT Point : 28x205
[15:00:48] DEBUG::Map Pixel To Check [1] ( X: 70 Y: 3)
[15:00:48] DEBUG::Map Pixel To Check [2] ( X: 457 Y: 3)
[15:00:48] DEBUG::Map Pixel To Check [3] ( X: 457 Y: 344)
[15:00:48] DEBUG::Map Pixel To Check [4] ( X: 70 Y: 344)
[15:01:03] DEBUG::Game Window : Reptam
[15:01:03] DEBUG::Game Panel Resolution : 563x411
[15:01:03] DEBUG::Move UP Point : 281x0
[15:01:03] DEBUG::Move RIGHT Point : 531x205
[15:01:03] DEBUG::Move DOWN Point : 281x348
[15:01:03] DEBUG::Move LEFT Point : 28x205
[15:01:03] DEBUG::Map Pixel To Check [1] ( X: 70 Y: 3)
[15:01:03] DEBUG::Map Pixel To Check [2] ( X: 457 Y: 3)
[15:01:03] DEBUG::Map Pixel To Check [3] ( X: 457 Y: 344)
[15:01:03] DEBUG::Map Pixel To Check [4] ( X: 70 Y: 344)
[15:01:06] DEBUG::Run Bot
[15:01:06] Trajet : Trajet_13-06-16_18-40-10
[15:01:06] DEBUG::Trajet File E:\Pixus\Pixus\bin\Debug\Trajet_13-06-16_18-40-10.txt
[15:01:06] Action : Aucune
[15:01:06] DEBUG::Closing PopUps
[15:01:07] DEBUG::Step UP::380

----------------------------------------------------------------------------------------------------
-----------------------------------------WaitForMapToChange-----------------------------------------
----------------------------------------------------------------------------------------------------
[15:01:07] DEBUG::Map Pixel (X: 70 Y: 3) Color (R: 80 G: 55 B: 12)
[15:01:07] DEBUG::Map Pixel (X: 457 Y: 3) Color (R: 224 G: 173 B: 73)
[15:01:07] DEBUG::Map Pixel (X: 457 Y: 344) Color (R: 217 G: 176 B: 67)
[15:01:07] DEBUG::Map Pixel (X: 70 Y: 344) Color (R: 131 G: 181 B: 202)
----------------------------------------------------------------------------------------------------
[15:01:11] DEBUG::Stop Bot
[15:03:18] DEBUG::Game Window : Reptam
[15:03:18] DEBUG::Game Panel Resolution : 563x411
[15:03:18] DEBUG::Move UP Point : 281x0
[15:03:18] DEBUG::Move RIGHT Point : 531x205
[15:03:18] DEBUG::Move DOWN Point : 281x348
[15:03:18] DEBUG::Move LEFT Point : 28x205
[15:03:18] DEBUG::Map Pixel To Check [1] ( X: 70 Y: 3)
[15:03:18] DEBUG::Map Pixel To Check [2] ( X: 457 Y: 3)
[15:03:18] DEBUG::Map Pixel To Check [3] ( X: 457 Y: 344)
[15:03:18] DEBUG::Map Pixel To Check [4] ( X: 70 Y: 344)
[15:03:21] DEBUG::Run Bot
[15:03:21] Trajet : Trajet_13-06-16_18-40-10
[15:03:21] DEBUG::Trajet File E:\Pixus\Pixus\bin\Debug\Trajet_13-06-16_18-40-10.txt
[15:03:21] Action : Aucune
[15:03:21] DEBUG::Closing PopUps
[15:03:22] DEBUG::Step UP::380

----------------------------------------------------------------------------------------------------
-----------------------------------------WaitForMapToChange-----------------------------------------
----------------------------------------------------------------------------------------------------
[15:03:22] DEBUG::Map Pixel (X: 70 Y: 3) Color (R: 166 G: 187 B: 26)
[15:03:22] DEBUG::Map Pixel (X: 457 Y: 3) Color (R: 56 G: 103 B: 106)
[15:03:22] DEBUG::Map Pixel (X: 457 Y: 344) Color (R: 169 G: 193 B: 12)
[15:03:22] DEBUG::Map Pixel (X: 70 Y: 344) Color (R: 65 G: 98 B: 88)
----------------------------------------------------------------------------------------------------
[15:03:23] DEBUG::Stop Bot
[15:05:09] DEBUG::Game Window : Reptam
[15:05:09] DEBUG::Game Panel Resolution : 563x411
[15:05:09] DEBUG::Move UP Point : 281x0
[15:05:09] DEBUG::Move RIGHT Point : 531x205
[15:05:09] DEBUG::Move DOWN Point : 281x348
[15:05:09] DEBUG::Move LEFT Point : 28x205
[15:05:09] DEBUG::Map Pixel To Check [1] ( X: 70 Y: 3)
[15:05:09] DEBUG::Map Pixel To Check [2] ( X: 457 Y: 3)
[15:05:09] DEBUG::Map Pixel To Check [3] ( X: 457 Y: 344)
[15:05:09] DEBUG::Map Pixel To Check [4] ( X: 70 Y: 344)
[15:05:19] DEBUG::Game Window : Reptam
[15:05:19] DEBUG::Game Panel Resolution : 563x411
[15:05:19] DEBUG::Move UP Point : 281x0
[15:05:19] DEBUG::Move RIGHT Point : 531x205
[15:05:19] DEBUG::Move DOWN Point : 281x348
[15:05:19] DEBUG::Move LEFT Point : 28x205
[15:05:19] DEBUG::Map Pixel To Check [1] ( X: 70 Y: 3)
[15:05:19] DEBUG::Map Pixel To Check [2] ( X: 457 Y: 3)
[15:05:19] DEBUG::Map Pixel To Check [3] ( X: 457 Y: 344)
[15:05:19] DEBUG::Map Pixel To Check [4] ( X: 70 Y: 344)
[15:05:22] DEBUG::Run Bot
[15:05:22] Trajet : Trajet_13-06-16_18-40-10
[15:05:22] DEBUG::Trajet File E:\Pixus\Pixus\bin\Debug\Trajet_13-06-16_18-40-10.txt
[15:05:22] Action : Aucune
[15:05:23] DEBUG::Closing PopUps
[15:05:24] DEBUG::Step UP::380

----------------------------------------------------------------------------------------------------
-----------------------------------------WaitForMapToChange-----------------------------------------
----------------------------------------------------------------------------------------------------
[15:05:24] DEBUG::Map Pixel (X: 70 Y: 3) Color (R: 80 G: 55 B: 12)
[15:05:24] DEBUG::Map Pixel (X: 457 Y: 3) Color (R: 224 G: 173 B: 73)
[15:05:24] DEBUG::Map Pixel (X: 457 Y: 344) Color (R: 217 G: 176 B: 67)
[15:05:24] DEBUG::Map Pixel (X: 70 Y: 344) Color (R: 131 G: 181 B: 202)
----------------------------------------------------------------------------------------------------
[15:05:27] DEBUG::Step RIGHT::250

----------------------------------------------------------------------------------------------------
-----------------------------------------WaitForMapToChange-----------------------------------------
----------------------------------------------------------------------------------------------------
[15:05:27] DEBUG::Map Pixel (X: 70 Y: 3) Color (R: 166 G: 187 B: 26)
[15:05:27] DEBUG::Map Pixel (X: 457 Y: 3) Color (R: 56 G: 103 B: 106)
[15:05:27] DEBUG::Map Pixel (X: 457 Y: 344) Color (R: 169 G: 193 B: 12)
[15:05:27] DEBUG::Map Pixel (X: 70 Y: 344) Color (R: 65 G: 98 B: 88)
----------------------------------------------------------------------------------------------------
[15:05:33] DEBUG::Step DOWN::380

----------------------------------------------------------------------------------------------------
-----------------------------------------WaitForMapToChange-----------------------------------------
----------------------------------------------------------------------------------------------------
[15:05:33] DEBUG::Map Pixel (X: 70 Y: 3) Color (R: 167 G: 191 B: 6)
[15:05:33] DEBUG::Map Pixel (X: 457 Y: 3) Color (R: 209 G: 209 B: 153)
[15:05:33] DEBUG::Map Pixel (X: 457 Y: 344) Color (R: 193 G: 199 B: 175)
[15:05:33] DEBUG::Map Pixel (X: 70 Y: 344) Color (R: 127 G: 138 B: 14)
----------------------------------------------------------------------------------------------------
[15:05:37] DEBUG::Step LEFT::250

----------------------------------------------------------------------------------------------------
-----------------------------------------WaitForMapToChange-----------------------------------------
----------------------------------------------------------------------------------------------------
[15:05:37] DEBUG::Map Pixel (X: 70 Y: 3) Color (R: 188 G: 205 B: 20)
[15:05:37] DEBUG::Map Pixel (X: 457 Y: 3) Color (R: 227 G: 227 B: 201)
[15:05:37] DEBUG::Map Pixel (X: 457 Y: 344) Color (R: 127 G: 163 B: 154)
[15:05:37] DEBUG::Map Pixel (X: 70 Y: 344) Color (R: 89 G: 127 B: 127)
----------------------------------------------------------------------------------------------------
[15:05:42] Trajet complété !
[15:06:56] DEBUG::Game Window : Reptam
[15:06:56] DEBUG::Game Panel Resolution : 563x411
[15:06:56] DEBUG::Move UP Point : 281x0
[15:06:56] DEBUG::Move RIGHT Point : 531x205
[15:06:56] DEBUG::Move DOWN Point : 281x348
[15:06:56] DEBUG::Move LEFT Point : 28x205
[15:06:56] DEBUG::Map Pixel To Check [1] ( X: 70 Y: 3)
[15:06:56] DEBUG::Map Pixel To Check [2] ( X: 457 Y: 3)
[15:06:56] DEBUG::Map Pixel To Check [3] ( X: 457 Y: 344)
[15:06:56] DEBUG::Map Pixel To Check [4] ( X: 70 Y: 344)
[15:07:01] DEBUG::Run Bot
[15:07:01] Trajet : Trajet_13-06-16_18-40-10
[15:07:01] DEBUG::Trajet File E:\Pixus\Pixus\bin\Debug\Trajet_13-06-16_18-40-10.txt
[15:07:01] Action : Aucune
[15:07:02] DEBUG::Step UP::380

----------------------------------------------------------------------------------------------------
-----------------------------------------WaitForMapToChange-----------------------------------------
----------------------------------------------------------------------------------------------------
[15:07:02] DEBUG::Map Pixel (X: 70 Y: 3) Color (R: 80 G: 55 B: 12)
[15:07:02] DEBUG::Map Pixel (X: 457 Y: 3) Color (R: 224 G: 173 B: 73)
[15:07:02] DEBUG::Map Pixel (X: 457 Y: 344) Color (R: 173 G: 154 B: 104)
[15:07:02] DEBUG::Map Pixel (X: 70 Y: 344) Color (R: 163 G: 168 B: 169)
----------------------------------------------------------------------------------------------------
[15:07:07] DEBUG::Stop Bot
[15:07:09] DEBUG::Run Bot
[15:07:09] Trajet : Trajet_13-06-16_18-40-10
[15:07:09] DEBUG::Trajet File E:\Pixus\Pixus\bin\Debug\Trajet_13-06-16_18-40-10.txt
[15:07:09] Action : Aucune
[15:07:09] DEBUG::Step UP::380

----------------------------------------------------------------------------------------------------
-----------------------------------------WaitForMapToChange-----------------------------------------
----------------------------------------------------------------------------------------------------
[15:07:09] DEBUG::Map Pixel (X: 70 Y: 3) Color (R: 80 G: 55 B: 12)
[15:07:09] DEBUG::Map Pixel (X: 457 Y: 3) Color (R: 224 G: 173 B: 73)
[15:07:09] DEBUG::Map Pixel (X: 457 Y: 344) Color (R: 173 G: 154 B: 104)
[15:07:09] DEBUG::Map Pixel (X: 70 Y: 344) Color (R: 163 G: 168 B: 169)
----------------------------------------------------------------------------------------------------
[15:07:11] DEBUG::Stop Bot
[15:07:26] DEBUG::Game Window : Reptam
[15:07:26] DEBUG::Game Panel Resolution : 563x411
[15:07:26] DEBUG::Move UP Point : 281x0
[15:07:26] DEBUG::Move RIGHT Point : 531x205
[15:07:26] DEBUG::Move DOWN Point : 281x348
[15:07:26] DEBUG::Move LEFT Point : 28x205
[15:07:26] DEBUG::Map Pixel To Check [1] ( X: 70 Y: 3)
[15:07:26] DEBUG::Map Pixel To Check [2] ( X: 457 Y: 3)
[15:07:26] DEBUG::Map Pixel To Check [3] ( X: 457 Y: 344)
[15:07:26] DEBUG::Map Pixel To Check [4] ( X: 70 Y: 344)
[15:07:29] DEBUG::Run Bot
[15:07:29] Trajet : Trajet_13-06-16_18-40-10
[15:07:29] DEBUG::Trajet File E:\Pixus\Pixus\bin\Debug\Trajet_13-06-16_18-40-10.txt
[15:07:29] Action : Aucune
[15:07:29] DEBUG::Closing PopUps
[15:07:30] DEBUG::Step UP::380

----------------------------------------------------------------------------------------------------
-----------------------------------------WaitForMapToChange-----------------------------------------
----------------------------------------------------------------------------------------------------
[15:07:30] DEBUG::Map Pixel (X: 70 Y: 3) Color (R: 80 G: 55 B: 12)
[15:07:30] DEBUG::Map Pixel (X: 457 Y: 3) Color (R: 224 G: 173 B: 73)
[15:07:30] DEBUG::Map Pixel (X: 457 Y: 344) Color (R: 217 G: 176 B: 67)
[15:07:30] DEBUG::Map Pixel (X: 70 Y: 344) Color (R: 131 G: 181 B: 202)
----------------------------------------------------------------------------------------------------
[15:07:30] DEBUG::Stop Bot
[15:08:14] DEBUG::Game Window : Reptam
[15:08:14] DEBUG::Game Panel Resolution : 563x411
[15:08:14] DEBUG::Move UP Point : 281x0
[15:08:14] DEBUG::Move RIGHT Point : 531x205
[15:08:14] DEBUG::Move DOWN Point : 281x348
[15:08:14] DEBUG::Move LEFT Point : 28x205
[15:08:14] DEBUG::Map Pixel To Check [1] ( X: 70 Y: 3)
[15:08:14] DEBUG::Map Pixel To Check [2] ( X: 457 Y: 3)
[15:08:14] DEBUG::Map Pixel To Check [3] ( X: 457 Y: 344)
[15:08:14] DEBUG::Map Pixel To Check [4] ( X: 70 Y: 344)
[15:08:23] DEBUG::Game Window : Reptam
[15:08:23] DEBUG::Game Panel Resolution : 563x411
[15:08:23] DEBUG::Move UP Point : 281x0
[15:08:23] DEBUG::Move RIGHT Point : 531x205
[15:08:23] DEBUG::Move DOWN Point : 281x348
[15:08:23] DEBUG::Move LEFT Point : 28x205
[15:08:23] DEBUG::Map Pixel To Check [1] ( X: 70 Y: 3)
[15:08:23] DEBUG::Map Pixel To Check [2] ( X: 457 Y: 3)
[15:08:23] DEBUG::Map Pixel To Check [3] ( X: 457 Y: 344)
[15:08:23] DEBUG::Map Pixel To Check [4] ( X: 70 Y: 344)
[15:08:26] DEBUG::Run Bot
[15:08:26] Trajet : Trajet_13-06-16_18-40-10
[15:08:26] DEBUG::Trajet File E:\Pixus\Pixus\bin\Debug\Trajet_13-06-16_18-40-10.txt
[15:08:26] Action : Aucune
[15:08:28] DEBUG::Closing PopUps
[15:08:28] DEBUG::Stop Bot
[15:09:05] DEBUG::Game Window : Reptam
[15:09:06] DEBUG::Game Panel Resolution : 563x411
[15:09:06] DEBUG::Move UP Point : 281x0
[15:09:06] DEBUG::Move RIGHT Point : 531x205
[15:09:06] DEBUG::Move DOWN Point : 281x348
[15:09:06] DEBUG::Move LEFT Point : 28x205
[15:09:06] DEBUG::Map Pixel To Check [1] ( X: 70 Y: 3)
[15:09:06] DEBUG::Map Pixel To Check [2] ( X: 457 Y: 3)
[15:09:06] DEBUG::Map Pixel To Check [3] ( X: 457 Y: 344)
[15:09:06] DEBUG::Map Pixel To Check [4] ( X: 70 Y: 344)
[15:15:59] DEBUG::Game Window : Reptam
[15:15:59] DEBUG::Game Panel Resolution : 563x411
[15:15:59] DEBUG::Move UP Point : 281x0
[15:15:59] DEBUG::Move RIGHT Point : 531x205
[15:15:59] DEBUG::Move DOWN Point : 281x348
[15:15:59] DEBUG::Move LEFT Point : 28x205
[15:15:59] DEBUG::Map Pixel To Check [1] ( X: 70 Y: 3)
[15:15:59] DEBUG::Map Pixel To Check [2] ( X: 457 Y: 3)
[15:15:59] DEBUG::Map Pixel To Check [3] ( X: 457 Y: 344)
[15:15:59] DEBUG::Map Pixel To Check [4] ( X: 70 Y: 344)
[15:16:02] DEBUG::Run Bot
[15:16:02] Trajet : Trajet_13-06-16_18-40-10
[15:16:02] DEBUG::Trajet File E:\Pixus\Pixus\bin\Debug\Trajet_13-06-16_18-40-10.txt
[15:16:02] Action : Aucune
[15:16:02] DEBUG::popupLocationsCount : 1
[15:16:02] DEBUG::popupLocation X: 528 Y: 30
[15:16:02] DEBUG::popupLocationsCount : 1
[15:16:02] DEBUG::popupLocation X: 176 Y: 233
[15:16:02] DEBUG::Closing PopUps
[15:16:03] DEBUG::Step UP::380

----------------------------------------------------------------------------------------------------
-----------------------------------------WaitForMapToChange-----------------------------------------
----------------------------------------------------------------------------------------------------
[15:16:03] DEBUG::Map Pixel (X: 70 Y: 3) Color (R: 80 G: 55 B: 12)
[15:16:03] DEBUG::Map Pixel (X: 457 Y: 3) Color (R: 224 G: 173 B: 73)
[15:16:03] DEBUG::Map Pixel (X: 457 Y: 344) Color (R: 36 G: 31 B: 28)
[15:16:03] DEBUG::Map Pixel (X: 70 Y: 344) Color (R: 131 G: 181 B: 202)
----------------------------------------------------------------------------------------------------
[15:16:04] DEBUG::Stop Bot
