[19:50:51] DEBUG::Game Window : Reptam
[19:50:51] DEBUG::Game Panel Resolution : 563x415
[19:50:51] DEBUG::Move UP Point : 281x0
[19:50:51] DEBUG::Move RIGHT Point : 531x207
[19:50:51] DEBUG::Move DOWN Point : 281x355
[19:50:51] DEBUG::Move LEFT Point : 28x207
[19:50:51] DEBUG::Map Pixel To Check [1] ( X: 70 Y: 3)
[19:50:51] DEBUG::Map Pixel To Check [2] ( X: 457 Y: 3)
[19:50:51] DEBUG::Map Pixel To Check [3] ( X: 457 Y: 351)
[19:50:51] DEBUG::Map Pixel To Check [4] ( X: 70 Y: 351)
[20:03:21] DEBUG::Game Window : Reptam
[20:03:21] DEBUG::Game Panel Resolution : 563x415
[20:03:21] DEBUG::Move UP Point : 281x0
[20:03:21] DEBUG::Move RIGHT Point : 531x207
[20:03:21] DEBUG::Move DOWN Point : 281x355
[20:03:21] DEBUG::Move LEFT Point : 28x207
[20:03:21] DEBUG::Map Pixel To Check [1] ( X: 70 Y: 3)
[20:03:21] DEBUG::Map Pixel To Check [2] ( X: 457 Y: 3)
[20:03:21] DEBUG::Map Pixel To Check [3] ( X: 457 Y: 351)
[20:03:21] DEBUG::Map Pixel To Check [4] ( X: 70 Y: 351)
[20:14:01] DEBUG::Game Window : Reptam
[20:14:01] DEBUG::Game Panel Resolution : 563x415
[20:14:01] DEBUG::Move UP Point : 281x0
[20:14:01] DEBUG::Move RIGHT Point : 531x207
[20:14:01] DEBUG::Move DOWN Point : 281x355
[20:14:01] DEBUG::Move LEFT Point : 28x207
[20:14:01] DEBUG::Map Pixel To Check [1] ( X: 70 Y: 3)
[20:14:01] DEBUG::Map Pixel To Check [2] ( X: 457 Y: 3)
[20:14:01] DEBUG::Map Pixel To Check [3] ( X: 457 Y: 351)
[20:14:01] DEBUG::Map Pixel To Check [4] ( X: 70 Y: 351)
[20:14:21] DEBUG::Run Bot
[20:14:21] Trajet : new_Trajet_25-08-16_01-01-03
[20:14:21] DEBUG::Trajet File D:\Pixus Bot\Pixus\Pixus\bin\Debug\new_Trajet_25-08-16_01-01-03.txt Repeat: false

----------------------------------------------------------------------------------------------------
---------------------------------------------CheckFight---------------------------------------------
----------------------------------------------------------------------------------------------------
[20:14:21] DEBUG::Fight Detection (X: 269 Y: 404) (R: 242 G: 131 B: 45)

----------------------------------------------------------------------------------------------------
-----------------------------------------------GoFight----------------------------------------------
----------------------------------------------------------------------------------------------------

----------------------------------------------------------------------------------------------------
----------------------------------------DisableSpectatorMode----------------------------------------
----------------------------------------------------------------------------------------------------
[20:14:21] DEBUG::DisableSpectatorMode Pixel (X: 243 Y: 394) (R: 229 G: 228 B: 228)
[20:14:21] Combat en cours...

----------------------------------------------------------------------------------------------------
--------------------------------------------CheckFightEnd-------------------------------------------
----------------------------------------------------------------------------------------------------
[20:14:21] DEBUG::Fight Detection (X: 269 Y: 404) (R: 242 G: 131 B: 45)

----------------------------------------------------------------------------------------------------
-------------------------------------------WaitForBotTurn-------------------------------------------
----------------------------------------------------------------------------------------------------
[20:14:21] DEBUG::Turn Detection (X: 286 Y: 358) (R: 253 G: 92 B: 15)
[20:14:21] DEBUG::Bot Turn [1]
[20:14:21] DEBUG::IA action : SPELL::Flèche magique [Attaque]::358x370::1
[20:14:23] DEBUG::IA action Done.
[20:14:23] DEBUG::IA action : TARGET::474x341
[20:14:24] DEBUG::IA action Done.

----------------------------------------------------------------------------------------------------
--------------------------------------------CheckFightEnd-------------------------------------------
----------------------------------------------------------------------------------------------------
[20:14:24] DEBUG::Fight Detection (X: 269 Y: 404) (R: 242 G: 131 B: 45)
[20:14:24] Combat terminé.
----------------------------------------------------------------------------------------------------
[20:14:24] DEBUG::Step AREA::D:\Pixus Bot\Pixus\Pixus\bin\Debug\Zone_[5,-26].txt

----------------------------------------------------------------------------------------------------
------------------------------------------------DoJob-----------------------------------------------
----------------------------------------------------------------------------------------------------
[20:14:24] DEBUG::Resource : Ble::409x166::247,183,31::true
[20:14:24] DEBUG::Resource : Ble::374x166::224,184,29::true
[20:14:24] DEBUG::Resource : Ble::356x207::252,223,52::true
[20:14:24] DEBUG::Resource : Ble::316x217::251,220,50::true
[20:14:24] DEBUG::Resource : Ble::300x208::249,190,34::true
[20:14:24] DEBUG::Resource : Ble::318x180::249,213,43::true
[20:14:24] DEBUG::CollectedResourceCount : 0
----------------------------------------------------------------------------------------------------

----------------------------------------------------------------------------------------------------
-----------------------------------------------GetPod-----------------------------------------------
----------------------------------------------------------------------------------------------------
[20:14:25] DEBUG::Pod PodValue: 82 PercentValue: 86%
----------------------------------------------------------------------------------------------------

----------------------------------------------------------------------------------------------------
----------------------------------------------GoBanque----------------------------------------------
----------------------------------------------------------------------------------------------------
[20:14:26] DEBUG::GoBanque est désactivé.
----------------------------------------------------------------------------------------------------
[20:14:26] DEBUG::Cleaning Minimap

----------------------------------------------------------------------------------------------------
---------------------------------------------CheckFight---------------------------------------------
----------------------------------------------------------------------------------------------------
[20:14:26] DEBUG::Fight Detection (X: 269 Y: 404) (R: 242 G: 131 B: 45)

----------------------------------------------------------------------------------------------------
-----------------------------------------------GoFight----------------------------------------------
----------------------------------------------------------------------------------------------------

----------------------------------------------------------------------------------------------------
----------------------------------------DisableSpectatorMode----------------------------------------
----------------------------------------------------------------------------------------------------
[20:14:26] DEBUG::DisableSpectatorMode Pixel (X: 243 Y: 394) (R: 229 G: 228 B: 228)
[20:14:26] Combat en cours...

----------------------------------------------------------------------------------------------------
--------------------------------------------CheckFightEnd-------------------------------------------
----------------------------------------------------------------------------------------------------
[20:14:26] DEBUG::Fight Detection (X: 269 Y: 404) (R: 242 G: 131 B: 45)

----------------------------------------------------------------------------------------------------
-------------------------------------------WaitForBotTurn-------------------------------------------
----------------------------------------------------------------------------------------------------
[20:14:26] DEBUG::Turn Detection (X: 286 Y: 358) (R: 253 G: 92 B: 15)
[20:14:26] DEBUG::Bot Turn [1]
[20:14:26] DEBUG::IA action : SPELL::Flèche magique [Attaque]::358x370::1
[20:14:27] DEBUG::IA action Done.
[20:14:27] DEBUG::IA action : TARGET::474x341
[20:14:28] DEBUG::IA action Done.

----------------------------------------------------------------------------------------------------
--------------------------------------------CheckFightEnd-------------------------------------------
----------------------------------------------------------------------------------------------------
[20:14:28] DEBUG::Fight Detection (X: 269 Y: 404) (R: 242 G: 131 B: 45)

----------------------------------------------------------------------------------------------------
-------------------------------------------WaitForBotTurn-------------------------------------------
----------------------------------------------------------------------------------------------------
[20:14:28] DEBUG::Turn Detection (X: 286 Y: 358) (R: 253 G: 92 B: 15)
[20:14:33] DEBUG::Stop Bot
----------------------------------------------------------------------------------------------------
[20:14:33] DEBUG::Cleaning Minimap
[20:24:50] DEBUG::Game Window : Reptam
[20:24:50] DEBUG::Game Panel Resolution : 563x415
[20:24:50] DEBUG::Move UP Point : 281x0
[20:24:50] DEBUG::Move RIGHT Point : 531x207
[20:24:50] DEBUG::Move DOWN Point : 281x355
[20:24:50] DEBUG::Move LEFT Point : 28x207
[20:24:50] DEBUG::Map Pixel To Check [1] ( X: 70 Y: 3)
[20:24:50] DEBUG::Map Pixel To Check [2] ( X: 457 Y: 3)
[20:24:50] DEBUG::Map Pixel To Check [3] ( X: 457 Y: 351)
[20:24:50] DEBUG::Map Pixel To Check [4] ( X: 70 Y: 351)
[20:24:53] DEBUG::Run Bot
[20:24:53] Trajet : new_Trajet_25-08-16_01-01-03
[20:24:53] DEBUG::Trajet File D:\Pixus Bot\Pixus\Pixus\bin\Debug\new_Trajet_25-08-16_01-01-03.txt Repeat: false

----------------------------------------------------------------------------------------------------
---------------------------------------------CheckFight---------------------------------------------
----------------------------------------------------------------------------------------------------
[20:24:53] DEBUG::Fight Detection (X: 269 Y: 404) (R: 242 G: 131 B: 45)

----------------------------------------------------------------------------------------------------
-----------------------------------------------GoFight----------------------------------------------
----------------------------------------------------------------------------------------------------

----------------------------------------------------------------------------------------------------
----------------------------------------DisableSpectatorMode----------------------------------------
----------------------------------------------------------------------------------------------------
[20:24:53] DEBUG::DisableSpectatorMode Pixel (X: 243 Y: 394) (R: 229 G: 228 B: 228)
[20:24:53] Combat en cours...

----------------------------------------------------------------------------------------------------
--------------------------------------------CheckFightEnd-------------------------------------------
----------------------------------------------------------------------------------------------------
[20:24:53] DEBUG::Fight Detection (X: 269 Y: 404) (R: 242 G: 131 B: 45)

----------------------------------------------------------------------------------------------------
-------------------------------------------WaitForBotTurn-------------------------------------------
----------------------------------------------------------------------------------------------------
[20:24:53] DEBUG::Turn Detection (X: 286 Y: 358) (R: 253 G: 92 B: 15)
[20:24:53] DEBUG::Bot Turn [1]
[20:24:53] DEBUG::FightIA action : SPELL::Flèche magique [Attaque]::358x370::1
[20:24:55] DEBUG::FightIA action Done.
[20:24:55] DEBUG::FightIA action : TARGET::474x341
[20:24:57] DEBUG::FightIA action Done.

----------------------------------------------------------------------------------------------------
--------------------------------------------CheckFightEnd-------------------------------------------
----------------------------------------------------------------------------------------------------
[20:24:57] DEBUG::Fight Detection (X: 269 Y: 404) (R: 242 G: 131 B: 45)

----------------------------------------------------------------------------------------------------
-------------------------------------------WaitForBotTurn-------------------------------------------
----------------------------------------------------------------------------------------------------
[20:24:57] DEBUG::Turn Detection (X: 286 Y: 358) (R: 253 G: 92 B: 15)
[20:25:00] DEBUG::Bot Turn [2]
[20:25:00] DEBUG::FightIA action : SPELL::Flèche magique [Attaque]::358x370::1
[20:25:02] DEBUG::FightIA action Done.
[20:25:02] DEBUG::FightIA action : TARGET::474x341
[20:25:04] DEBUG::FightIA action Done.

----------------------------------------------------------------------------------------------------
--------------------------------------------CheckFightEnd-------------------------------------------
----------------------------------------------------------------------------------------------------
[20:25:04] DEBUG::Fight Detection (X: 269 Y: 404) (R: 242 G: 131 B: 45)
[20:25:04] Combat terminé.
----------------------------------------------------------------------------------------------------
[20:25:04] DEBUG::Step AREA::D:\Pixus Bot\Pixus\Pixus\bin\Debug\Zone_[5,-26].txt

----------------------------------------------------------------------------------------------------
------------------------------------------------DoJob-----------------------------------------------
----------------------------------------------------------------------------------------------------
[20:25:04] DEBUG::Resource : Ble::409x166::247,183,31::true
[20:25:04] DEBUG::Resource : Ble::374x166::224,184,29::true
[20:25:04] DEBUG::Resource : Ble::356x207::252,223,52::true
[20:25:04] DEBUG::Resource : Ble::316x217::251,220,50::true
[20:25:04] DEBUG::Resource : Ble::300x208::249,190,34::true
[20:25:04] DEBUG::Resource : Ble::318x180::249,213,43::true
[20:25:04] DEBUG::CollectedResourceCount : 0
----------------------------------------------------------------------------------------------------

----------------------------------------------------------------------------------------------------
-----------------------------------------------GetPod-----------------------------------------------
----------------------------------------------------------------------------------------------------
[20:25:05] DEBUG::Pod PodValue: 82 PercentValue: 86%
----------------------------------------------------------------------------------------------------

----------------------------------------------------------------------------------------------------
----------------------------------------------GoBanque----------------------------------------------
----------------------------------------------------------------------------------------------------
[20:25:06] DEBUG::GoBanque est désactivé.
----------------------------------------------------------------------------------------------------
[20:25:06] DEBUG::Cleaning Minimap

----------------------------------------------------------------------------------------------------
---------------------------------------------CheckFight---------------------------------------------
----------------------------------------------------------------------------------------------------
[20:25:06] DEBUG::Fight Detection (X: 269 Y: 404) (R: 242 G: 131 B: 45)

----------------------------------------------------------------------------------------------------
-----------------------------------------------GoFight----------------------------------------------
----------------------------------------------------------------------------------------------------

----------------------------------------------------------------------------------------------------
----------------------------------------DisableSpectatorMode----------------------------------------
----------------------------------------------------------------------------------------------------
[20:25:06] DEBUG::DisableSpectatorMode Pixel (X: 243 Y: 394) (R: 229 G: 228 B: 228)
[20:25:06] Combat en cours...

----------------------------------------------------------------------------------------------------
--------------------------------------------CheckFightEnd-------------------------------------------
----------------------------------------------------------------------------------------------------
[20:25:06] DEBUG::Fight Detection (X: 269 Y: 404) (R: 242 G: 131 B: 45)

----------------------------------------------------------------------------------------------------
-------------------------------------------WaitForBotTurn-------------------------------------------
----------------------------------------------------------------------------------------------------
[20:25:07] DEBUG::Turn Detection (X: 286 Y: 358) (R: 253 G: 92 B: 15)
[20:25:10] DEBUG::Bot Turn [1]
[20:25:10] DEBUG::FightIA action : SPELL::Flèche magique [Attaque]::358x370::1
[20:25:12] DEBUG::FightIA action Done.
[20:25:12] DEBUG::FightIA action : TARGET::474x341
[20:25:14] DEBUG::FightIA action Done.

----------------------------------------------------------------------------------------------------
--------------------------------------------CheckFightEnd-------------------------------------------
----------------------------------------------------------------------------------------------------
[20:25:14] DEBUG::Fight Detection (X: 269 Y: 404) (R: 242 G: 131 B: 45)
[20:25:14] Combat terminé.
----------------------------------------------------------------------------------------------------
[20:25:14] DEBUG::Step UP::380

----------------------------------------------------------------------------------------------------
-----------------------------------------WaitForMapToChange-----------------------------------------
----------------------------------------------------------------------------------------------------
[20:25:14] DEBUG::Map Pixel (X: 70 Y: 3) Color (R: 0 G: 0 B: 0)
[20:25:14] DEBUG::Map Pixel (X: 457 Y: 3) Color (R: 0 G: 0 B: 0)
[20:25:14] DEBUG::Map Pixel (X: 457 Y: 351) Color (R: 142 G: 134 B: 94)
[20:25:14] DEBUG::Map Pixel (X: 70 Y: 351) Color (R: 121 G: 116 B: 88)
----------------------------------------------------------------------------------------------------
[20:25:17] DEBUG::Cleaning Minimap
[20:25:17] DEBUG::Closing Popup : Action indisponible (<)
[20:25:17] DEBUG::Closing Popup : Fin combat [Monstre x1] (Fermer)

----------------------------------------------------------------------------------------------------
---------------------------------------------CheckFight---------------------------------------------
----------------------------------------------------------------------------------------------------
[20:25:18] DEBUG::Fight Detection (X: 269 Y: 404) (R: 242 G: 131 B: 45)
[20:25:18] DEBUG::Step AREA::D:\Pixus Bot\Pixus\Pixus\bin\Debug\Zone_[5,-27].txt

----------------------------------------------------------------------------------------------------
------------------------------------------------DoJob-----------------------------------------------
----------------------------------------------------------------------------------------------------
[20:25:18] DEBUG::Resource : Ble::265x261::230,175,26::true
[20:25:18] DEBUG::Resource : Ble::289x274::225,183,13::true
[20:25:18] DEBUG::CollectedResourceCount : 0
----------------------------------------------------------------------------------------------------

----------------------------------------------------------------------------------------------------
-----------------------------------------------GetPod-----------------------------------------------
----------------------------------------------------------------------------------------------------
[20:25:19] DEBUG::Pod PodValue: 82 PercentValue: 86%
----------------------------------------------------------------------------------------------------

----------------------------------------------------------------------------------------------------
----------------------------------------------GoBanque----------------------------------------------
----------------------------------------------------------------------------------------------------
[20:25:20] DEBUG::GoBanque est désactivé.
----------------------------------------------------------------------------------------------------
[20:25:20] DEBUG::Cleaning Minimap

----------------------------------------------------------------------------------------------------
---------------------------------------------CheckFight---------------------------------------------
----------------------------------------------------------------------------------------------------
[20:25:20] DEBUG::Fight Detection (X: 269 Y: 404) (R: 242 G: 131 B: 45)
[20:25:20] DEBUG::Step RIGHT::250

----------------------------------------------------------------------------------------------------
-----------------------------------------WaitForMapToChange-----------------------------------------
----------------------------------------------------------------------------------------------------
[20:25:20] DEBUG::Map Pixel (X: 70 Y: 3) Color (R: 172 G: 197 B: 13)
[20:25:20] DEBUG::Map Pixel (X: 457 Y: 3) Color (R: 202 G: 211 B: 102)
[20:25:20] DEBUG::Map Pixel (X: 457 Y: 351) Color (R: 128 G: 147 B: 68)
[20:25:20] DEBUG::Map Pixel (X: 70 Y: 351) Color (R: 148 G: 160 B: 18)
----------------------------------------------------------------------------------------------------
[20:25:22] DEBUG::Stop Bot
[20:25:22] DEBUG::Cleaning Minimap
[20:26:57] DEBUG::Game Window : Reptam
[20:26:57] DEBUG::Game Panel Resolution : 563x415
[20:26:57] DEBUG::Move UP Point : 281x0
[20:26:57] DEBUG::Move RIGHT Point : 531x207
[20:26:57] DEBUG::Move DOWN Point : 281x355
[20:26:57] DEBUG::Move LEFT Point : 28x207
[20:26:57] DEBUG::Map Pixel To Check [1] ( X: 70 Y: 3)
[20:26:57] DEBUG::Map Pixel To Check [2] ( X: 457 Y: 3)
[20:26:57] DEBUG::Map Pixel To Check [3] ( X: 457 Y: 351)
[20:26:57] DEBUG::Map Pixel To Check [4] ( X: 70 Y: 351)
[20:27:06] DEBUG::Run Bot
[20:27:06] Trajet : new_Trajet_25-08-16_01-01-03
[20:27:06] DEBUG::Trajet File D:\Pixus Bot\Pixus\Pixus\bin\Debug\new_Trajet_25-08-16_01-01-03.txt Repeat: false

----------------------------------------------------------------------------------------------------
---------------------------------------------CheckFight---------------------------------------------
----------------------------------------------------------------------------------------------------
[20:27:06] DEBUG::Fight Detection (X: 269 Y: 404) (R: 242 G: 131 B: 45)

----------------------------------------------------------------------------------------------------
-----------------------------------------------GoFight----------------------------------------------
----------------------------------------------------------------------------------------------------

----------------------------------------------------------------------------------------------------
----------------------------------------DisableSpectatorMode----------------------------------------
----------------------------------------------------------------------------------------------------
[20:27:06] DEBUG::DisableSpectatorMode Pixel (X: 243 Y: 394) (R: 229 G: 228 B: 228)
[20:27:07] DEBUG::SpectatorMode Disabled.
[20:27:07] Combat en cours...

----------------------------------------------------------------------------------------------------
--------------------------------------------CheckFightEnd-------------------------------------------
----------------------------------------------------------------------------------------------------
[20:27:07] DEBUG::Fight Detection (X: 269 Y: 404) (R: 242 G: 131 B: 45)
[20:27:07] Combat terminé.
----------------------------------------------------------------------------------------------------
[20:27:07] DEBUG::Step AREA::D:\Pixus Bot\Pixus\Pixus\bin\Debug\Zone_[5,-26].txt

----------------------------------------------------------------------------------------------------
------------------------------------------------DoJob-----------------------------------------------
----------------------------------------------------------------------------------------------------
[20:27:07] DEBUG::Resource : Ble::409x166::247,183,31::true
[20:27:07] DEBUG::Resource : Ble::374x166::224,184,29::true
[20:27:07] DEBUG::Resource : Ble::356x207::252,223,52::true
[20:27:07] DEBUG::Resource : Ble::316x217::251,220,50::true
[20:27:07] DEBUG::Resource : Ble::300x208::249,190,34::true
[20:27:07] DEBUG::Resource : Ble::318x180::249,213,43::true
[20:27:07] DEBUG::CollectedResourceCount : 0
----------------------------------------------------------------------------------------------------

----------------------------------------------------------------------------------------------------
-----------------------------------------------GetPod-----------------------------------------------
----------------------------------------------------------------------------------------------------
[20:27:08] DEBUG::Pod PodValue: 82 PercentValue: 86%
----------------------------------------------------------------------------------------------------

----------------------------------------------------------------------------------------------------
----------------------------------------------GoBanque----------------------------------------------
----------------------------------------------------------------------------------------------------
[20:27:09] DEBUG::GoBanque est désactivé.
----------------------------------------------------------------------------------------------------
[20:27:10] DEBUG::Cleaning Minimap

----------------------------------------------------------------------------------------------------
---------------------------------------------CheckFight---------------------------------------------
----------------------------------------------------------------------------------------------------
[20:27:10] DEBUG::Fight Detection (X: 269 Y: 404) (R: 242 G: 131 B: 45)

----------------------------------------------------------------------------------------------------
-----------------------------------------------GoFight----------------------------------------------
----------------------------------------------------------------------------------------------------

----------------------------------------------------------------------------------------------------
----------------------------------------DisableSpectatorMode----------------------------------------
----------------------------------------------------------------------------------------------------
[20:27:10] DEBUG::DisableSpectatorMode Pixel (X: 243 Y: 394) (R: 229 G: 228 B: 228)
[20:27:10] Combat en cours...

----------------------------------------------------------------------------------------------------
--------------------------------------------CheckFightEnd-------------------------------------------
----------------------------------------------------------------------------------------------------
[20:27:10] DEBUG::Fight Detection (X: 269 Y: 404) (R: 242 G: 131 B: 45)

----------------------------------------------------------------------------------------------------
-------------------------------------------WaitForBotTurn-------------------------------------------
----------------------------------------------------------------------------------------------------
[20:27:10] DEBUG::Turn Detection (X: 286 Y: 358) (R: 253 G: 92 B: 15)
[20:27:13] DEBUG::Bot Turn [1]
[20:27:13] DEBUG::FightIA action : SPELL::Flèche magique [Attaque]::358x370::1
[20:27:15] DEBUG::FightIA action Done.
[20:27:15] DEBUG::FightIA action : TARGET::474x341
[20:27:17] DEBUG::FightIA action Done.

----------------------------------------------------------------------------------------------------
--------------------------------------------CheckFightEnd-------------------------------------------
----------------------------------------------------------------------------------------------------
[20:27:17] DEBUG::Fight Detection (X: 269 Y: 404) (R: 242 G: 131 B: 45)

----------------------------------------------------------------------------------------------------
-------------------------------------------WaitForBotTurn-------------------------------------------
----------------------------------------------------------------------------------------------------
[20:27:17] DEBUG::Turn Detection (X: 286 Y: 358) (R: 253 G: 92 B: 15)
[20:27:17] DEBUG::Bot Turn [2]
[20:27:17] DEBUG::FightIA action : SPELL::Flèche magique [Attaque]::358x370::1
[20:27:19] DEBUG::FightIA action Done.
[20:27:19] DEBUG::FightIA action : TARGET::474x341
[20:27:21] DEBUG::FightIA action Done.

----------------------------------------------------------------------------------------------------
--------------------------------------------CheckFightEnd-------------------------------------------
----------------------------------------------------------------------------------------------------
[20:27:21] DEBUG::Fight Detection (X: 269 Y: 404) (R: 242 G: 131 B: 45)

----------------------------------------------------------------------------------------------------
-------------------------------------------WaitForBotTurn-------------------------------------------
----------------------------------------------------------------------------------------------------
[20:27:21] DEBUG::Turn Detection (X: 286 Y: 358) (R: 253 G: 92 B: 15)
[20:27:21] DEBUG::Bot Turn [3]
[20:27:21] DEBUG::FightIA action : SPELL::Flèche magique [Attaque]::358x370::1
[20:27:23] DEBUG::FightIA action Done.
[20:27:23] DEBUG::FightIA action : TARGET::474x341
[20:27:25] DEBUG::FightIA action Done.

----------------------------------------------------------------------------------------------------
--------------------------------------------CheckFightEnd-------------------------------------------
----------------------------------------------------------------------------------------------------
[20:27:25] DEBUG::Fight Detection (X: 269 Y: 404) (R: 242 G: 131 B: 45)

----------------------------------------------------------------------------------------------------
-------------------------------------------WaitForBotTurn-------------------------------------------
----------------------------------------------------------------------------------------------------
[20:27:25] DEBUG::Turn Detection (X: 286 Y: 358) (R: 253 G: 92 B: 15)
[20:27:25] DEBUG::Bot Turn [4]
[20:27:25] DEBUG::FightIA action : SPELL::Flèche magique [Attaque]::358x370::1
[20:27:27] DEBUG::FightIA action Done.
[20:27:27] DEBUG::FightIA action : TARGET::474x341
[20:27:29] DEBUG::FightIA action Done.

----------------------------------------------------------------------------------------------------
--------------------------------------------CheckFightEnd-------------------------------------------
----------------------------------------------------------------------------------------------------
[20:27:29] DEBUG::Fight Detection (X: 269 Y: 404) (R: 242 G: 131 B: 45)
[20:27:29] Combat terminé.
----------------------------------------------------------------------------------------------------
[20:27:29] DEBUG::Step UP::380

----------------------------------------------------------------------------------------------------
-----------------------------------------WaitForMapToChange-----------------------------------------
----------------------------------------------------------------------------------------------------
[20:27:29] DEBUG::Map Pixel (X: 70 Y: 3) Color (R: 151 G: 169 B: 36)
[20:27:29] DEBUG::Map Pixel (X: 457 Y: 3) Color (R: 203 G: 213 B: 104)
[20:27:29] DEBUG::Map Pixel (X: 457 Y: 351) Color (R: 128 G: 147 B: 67)
[20:27:29] DEBUG::Map Pixel (X: 70 Y: 351) Color (R: 120 G: 129 B: 30)
----------------------------------------------------------------------------------------------------
[20:27:39] La map ne change pas, veuillez vérifier/modifier le trajet.
[20:27:39] DEBUG::Suspend Bot
[20:27:39] DEBUG::Cleaning Minimap
[20:28:22] DEBUG::Game Window : Reptam
[20:28:22] DEBUG::Game Panel Resolution : 563x415
[20:28:22] DEBUG::Move UP Point : 281x0
[20:28:22] DEBUG::Move RIGHT Point : 531x207
[20:28:22] DEBUG::Move DOWN Point : 281x355
[20:28:22] DEBUG::Move LEFT Point : 28x207
[20:28:22] DEBUG::Map Pixel To Check [1] ( X: 70 Y: 3)
[20:28:22] DEBUG::Map Pixel To Check [2] ( X: 457 Y: 3)
[20:28:22] DEBUG::Map Pixel To Check [3] ( X: 457 Y: 351)
[20:28:22] DEBUG::Map Pixel To Check [4] ( X: 70 Y: 351)
