[12:45:30] DEBUG::Game Window : Reptam
[12:45:30] DEBUG::Game Panel Resolution : 563x415
[12:45:30] DEBUG::Move UP Point : 281x0
[12:45:30] DEBUG::Move RIGHT Point : 531x207
[12:45:30] DEBUG::Move DOWN Point : 281x355
[12:45:30] DEBUG::Move LEFT Point : 28x207
[12:45:30] DEBUG::Map Pixel To Check [1] ( X: 70 Y: 3)
[12:45:30] DEBUG::Map Pixel To Check [2] ( X: 457 Y: 3)
[12:45:30] DEBUG::Map Pixel To Check [3] ( X: 457 Y: 351)
[12:45:30] DEBUG::Map Pixel To Check [4] ( X: 70 Y: 351)
[12:45:41] DEBUG::Run Bot
[12:45:41] Trajet : new_Trajet_25-08-16_01-01-03
[12:45:41] DEBUG::Trajet File D:\Pixus Bot\Pixus\Pixus\bin\Debug\new_Trajet_25-08-16_01-01-03.txt Repeat: false
[12:45:41] DEBUG::IA File D:\Pixus Bot\Pixus\Pixus\bin\Debug\IA_combat_wait_1sec.txt

----------------------------------------------------------------------------------------------------
---------------------------------------------CheckFight---------------------------------------------
----------------------------------------------------------------------------------------------------
[12:45:41] DEBUG::Fight Detection (X: 280 Y: 410) (R: 164 G: 57 B: 3)
[12:45:41] DEBUG::Fight Detected.

----------------------------------------------------------------------------------------------------
-----------------------------------------------GoFight----------------------------------------------
----------------------------------------------------------------------------------------------------
[12:45:41] Combat en cours...

----------------------------------------------------------------------------------------------------
---------------------------------------------CloseFight---------------------------------------------
----------------------------------------------------------------------------------------------------
[12:45:41] DEBUG::CloseFight Pixel (X: 260 Y: 357) (R: 216 G: 215 B: 214)
[12:45:41] DEBUG::Fight Already Closed.

----------------------------------------------------------------------------------------------------
----------------------------------------DisableSpectatorMode----------------------------------------
----------------------------------------------------------------------------------------------------
[12:45:41] DEBUG::DisableSpectatorMode Pixel (X: 243 Y: 394) (R: 229 G: 228 B: 228)
[12:45:41] DEBUG::SpectatorMode Already Disabled.
[12:45:41] DEBUG::Start Fight

----------------------------------------------------------------------------------------------------
--------------------------------------------CheckFightEnd-------------------------------------------
----------------------------------------------------------------------------------------------------
[12:45:44] DEBUG::Fight Detection (X: 280 Y: 410) (R: 164 G: 57 B: 3)

----------------------------------------------------------------------------------------------------
-------------------------------------------WaitForBotTurn-------------------------------------------
----------------------------------------------------------------------------------------------------
[12:45:44] DEBUG::Turn Detection (X: 286 Y: 358) (R: 253 G: 92 B: 15)

----------------------------------------------------------------------------------------------------
--------------------------------------------CheckFightEnd-------------------------------------------
----------------------------------------------------------------------------------------------------
[12:45:44] DEBUG::Fight Detection (X: 280 Y: 410) (R: 164 G: 57 B: 3)

----------------------------------------------------------------------------------------------------
--------------------------------------------CheckFightEnd-------------------------------------------
----------------------------------------------------------------------------------------------------
[12:45:45] DEBUG::Fight Detection (X: 280 Y: 410) (R: 164 G: 57 B: 3)
[12:45:45] DEBUG::Bot Turn [1]
[12:45:45] DEBUG::FightIA action : WAIT::1000
[12:45:48] DEBUG::FightIA action Done.

----------------------------------------------------------------------------------------------------
--------------------------------------------CheckFightEnd-------------------------------------------
----------------------------------------------------------------------------------------------------
[12:45:48] DEBUG::Fight Detection (X: 280 Y: 410) (R: 164 G: 57 B: 3)
[12:45:48] DEBUG::Pass Turn

----------------------------------------------------------------------------------------------------
--------------------------------------------CheckFightEnd-------------------------------------------
----------------------------------------------------------------------------------------------------
[12:45:51] DEBUG::Fight Detection (X: 280 Y: 410) (R: 164 G: 57 B: 3)

----------------------------------------------------------------------------------------------------
-------------------------------------------WaitForBotTurn-------------------------------------------
----------------------------------------------------------------------------------------------------
[12:45:51] DEBUG::Turn Detection (X: 286 Y: 358) (R: 253 G: 92 B: 15)

----------------------------------------------------------------------------------------------------
--------------------------------------------CheckFightEnd-------------------------------------------
----------------------------------------------------------------------------------------------------
[12:45:51] DEBUG::Fight Detection (X: 280 Y: 410) (R: 164 G: 57 B: 3)
[12:45:51] DEBUG::Bot Turn [2]
[12:45:51] DEBUG::FightIA action : WAIT::1000
[12:45:54] DEBUG::FightIA action Done.

----------------------------------------------------------------------------------------------------
--------------------------------------------CheckFightEnd-------------------------------------------
----------------------------------------------------------------------------------------------------
[12:45:54] DEBUG::Fight Detection (X: 280 Y: 410) (R: 164 G: 57 B: 3)
[12:45:54] DEBUG::Pass Turn

----------------------------------------------------------------------------------------------------
--------------------------------------------CheckFightEnd-------------------------------------------
----------------------------------------------------------------------------------------------------
[12:45:58] DEBUG::Fight Detection (X: 280 Y: 410) (R: 164 G: 57 B: 3)

----------------------------------------------------------------------------------------------------
-------------------------------------------WaitForBotTurn-------------------------------------------
----------------------------------------------------------------------------------------------------
[12:45:58] DEBUG::Turn Detection (X: 286 Y: 358) (R: 253 G: 92 B: 15)

----------------------------------------------------------------------------------------------------
--------------------------------------------CheckFightEnd-------------------------------------------
----------------------------------------------------------------------------------------------------
[12:45:58] DEBUG::Fight Detection (X: 280 Y: 410) (R: 164 G: 57 B: 3)
[12:45:58] DEBUG::Bot Turn [3]
[12:45:58] DEBUG::FightIA action : WAIT::1000
[12:46:01] DEBUG::FightIA action Done.

----------------------------------------------------------------------------------------------------
--------------------------------------------CheckFightEnd-------------------------------------------
----------------------------------------------------------------------------------------------------
[12:46:01] DEBUG::Fight Detection (X: 280 Y: 410) (R: 164 G: 57 B: 3)
[12:46:01] DEBUG::Pass Turn

----------------------------------------------------------------------------------------------------
--------------------------------------------CheckFightEnd-------------------------------------------
----------------------------------------------------------------------------------------------------
[12:46:04] DEBUG::Fight Detection (X: 280 Y: 410) (R: 164 G: 57 B: 3)

----------------------------------------------------------------------------------------------------
-------------------------------------------WaitForBotTurn-------------------------------------------
----------------------------------------------------------------------------------------------------
[12:46:04] DEBUG::Turn Detection (X: 286 Y: 358) (R: 253 G: 92 B: 15)

----------------------------------------------------------------------------------------------------
--------------------------------------------CheckFightEnd-------------------------------------------
----------------------------------------------------------------------------------------------------
[12:46:04] DEBUG::Fight Detection (X: 280 Y: 410) (R: 164 G: 57 B: 3)
[12:46:04] DEBUG::Bot Turn [4]
[12:46:04] DEBUG::FightIA action : WAIT::1000
[12:46:07] DEBUG::FightIA action Done.

----------------------------------------------------------------------------------------------------
--------------------------------------------CheckFightEnd-------------------------------------------
----------------------------------------------------------------------------------------------------
[12:46:07] DEBUG::Fight Detection (X: 280 Y: 410) (R: 164 G: 57 B: 3)
[12:46:07] DEBUG::Pass Turn

----------------------------------------------------------------------------------------------------
--------------------------------------------CheckFightEnd-------------------------------------------
----------------------------------------------------------------------------------------------------
[12:46:10] DEBUG::Fight Detection (X: 280 Y: 410) (R: 164 G: 57 B: 3)

----------------------------------------------------------------------------------------------------
-------------------------------------------WaitForBotTurn-------------------------------------------
----------------------------------------------------------------------------------------------------
[12:46:10] DEBUG::Turn Detection (X: 286 Y: 358) (R: 253 G: 92 B: 15)

----------------------------------------------------------------------------------------------------
--------------------------------------------CheckFightEnd-------------------------------------------
----------------------------------------------------------------------------------------------------
[12:46:10] DEBUG::Fight Detection (X: 280 Y: 410) (R: 164 G: 57 B: 3)
[12:46:10] DEBUG::Bot Turn [5]
[12:46:10] DEBUG::FightIA action : WAIT::1000
[12:46:13] DEBUG::FightIA action Done.

----------------------------------------------------------------------------------------------------
--------------------------------------------CheckFightEnd-------------------------------------------
----------------------------------------------------------------------------------------------------
[12:46:13] DEBUG::Fight Detection (X: 280 Y: 410) (R: 164 G: 57 B: 3)
[12:46:13] DEBUG::Pass Turn

----------------------------------------------------------------------------------------------------
--------------------------------------------CheckFightEnd-------------------------------------------
----------------------------------------------------------------------------------------------------
[12:46:17] DEBUG::Fight Detection (X: 280 Y: 410) (R: 164 G: 57 B: 3)

----------------------------------------------------------------------------------------------------
-------------------------------------------WaitForBotTurn-------------------------------------------
----------------------------------------------------------------------------------------------------
[12:46:17] DEBUG::Turn Detection (X: 286 Y: 358) (R: 253 G: 92 B: 15)

----------------------------------------------------------------------------------------------------
--------------------------------------------CheckFightEnd-------------------------------------------
----------------------------------------------------------------------------------------------------
[12:46:17] DEBUG::Fight Detection (X: 280 Y: 410) (R: 164 G: 57 B: 3)

----------------------------------------------------------------------------------------------------
--------------------------------------------CheckFightEnd-------------------------------------------
----------------------------------------------------------------------------------------------------
[12:46:18] DEBUG::Fight Detection (X: 280 Y: 410) (R: 164 G: 57 B: 3)
[12:46:18] DEBUG::Bot Turn [6]
[12:46:18] DEBUG::FightIA action : WAIT::1000
[12:46:21] DEBUG::FightIA action Done.

----------------------------------------------------------------------------------------------------
--------------------------------------------CheckFightEnd-------------------------------------------
----------------------------------------------------------------------------------------------------
[12:46:21] DEBUG::Fight Detection (X: 280 Y: 410) (R: 164 G: 57 B: 3)
[12:46:21] DEBUG::Pass Turn

----------------------------------------------------------------------------------------------------
--------------------------------------------CheckFightEnd-------------------------------------------
----------------------------------------------------------------------------------------------------
[12:46:24] DEBUG::Fight Detection (X: 280 Y: 410) (R: 164 G: 57 B: 3)

----------------------------------------------------------------------------------------------------
-------------------------------------------WaitForBotTurn-------------------------------------------
----------------------------------------------------------------------------------------------------
[12:46:24] DEBUG::Turn Detection (X: 286 Y: 358) (R: 253 G: 92 B: 15)

----------------------------------------------------------------------------------------------------
--------------------------------------------CheckFightEnd-------------------------------------------
----------------------------------------------------------------------------------------------------
[12:46:24] DEBUG::Fight Detection (X: 280 Y: 410) (R: 164 G: 57 B: 3)

----------------------------------------------------------------------------------------------------
--------------------------------------------CheckFightEnd-------------------------------------------
----------------------------------------------------------------------------------------------------
[12:46:25] DEBUG::Fight Detection (X: 280 Y: 410) (R: 164 G: 57 B: 3)
[12:46:25] DEBUG::Bot Turn [7]
[12:46:25] DEBUG::FightIA action : WAIT::1000
[12:46:28] DEBUG::FightIA action Done.

----------------------------------------------------------------------------------------------------
--------------------------------------------CheckFightEnd-------------------------------------------
----------------------------------------------------------------------------------------------------
[12:46:28] DEBUG::Fight Detection (X: 280 Y: 410) (R: 164 G: 57 B: 3)
[12:46:28] DEBUG::Pass Turn

----------------------------------------------------------------------------------------------------
--------------------------------------------CheckFightEnd-------------------------------------------
----------------------------------------------------------------------------------------------------
[12:46:31] DEBUG::Fight Detection (X: 280 Y: 410) (R: 164 G: 57 B: 3)

----------------------------------------------------------------------------------------------------
-------------------------------------------WaitForBotTurn-------------------------------------------
----------------------------------------------------------------------------------------------------
[12:46:31] DEBUG::Turn Detection (X: 286 Y: 358) (R: 253 G: 92 B: 15)

----------------------------------------------------------------------------------------------------
--------------------------------------------CheckFightEnd-------------------------------------------
----------------------------------------------------------------------------------------------------
[12:46:31] DEBUG::Fight Detection (X: 280 Y: 410) (R: 164 G: 57 B: 3)
[12:46:31] DEBUG::Bot Turn [8]
[12:46:31] DEBUG::FightIA action : WAIT::1000
[12:46:34] DEBUG::FightIA action Done.

----------------------------------------------------------------------------------------------------
--------------------------------------------CheckFightEnd-------------------------------------------
----------------------------------------------------------------------------------------------------
[12:46:34] DEBUG::Fight Detection (X: 280 Y: 410) (R: 164 G: 57 B: 3)
[12:46:34] DEBUG::Pass Turn

----------------------------------------------------------------------------------------------------
--------------------------------------------CheckFightEnd-------------------------------------------
----------------------------------------------------------------------------------------------------
[12:46:37] DEBUG::Fight Detection (X: 280 Y: 410) (R: 164 G: 57 B: 3)

----------------------------------------------------------------------------------------------------
-------------------------------------------WaitForBotTurn-------------------------------------------
----------------------------------------------------------------------------------------------------
[12:46:37] DEBUG::Turn Detection (X: 286 Y: 358) (R: 253 G: 92 B: 15)

----------------------------------------------------------------------------------------------------
--------------------------------------------CheckFightEnd-------------------------------------------
----------------------------------------------------------------------------------------------------
[12:46:37] DEBUG::Fight Detection (X: 280 Y: 410) (R: 164 G: 57 B: 3)

----------------------------------------------------------------------------------------------------
--------------------------------------------CheckFightEnd-------------------------------------------
----------------------------------------------------------------------------------------------------
[12:46:38] DEBUG::Fight Detection (X: 280 Y: 410) (R: 164 G: 57 B: 3)
[12:46:38] DEBUG::Bot Turn [9]
[12:46:38] DEBUG::FightIA action : WAIT::1000
[12:46:41] DEBUG::FightIA action Done.

----------------------------------------------------------------------------------------------------
--------------------------------------------CheckFightEnd-------------------------------------------
----------------------------------------------------------------------------------------------------
[12:46:41] DEBUG::Fight Detection (X: 280 Y: 410) (R: 164 G: 57 B: 3)
[12:46:41] DEBUG::Pass Turn

----------------------------------------------------------------------------------------------------
--------------------------------------------CheckFightEnd-------------------------------------------
----------------------------------------------------------------------------------------------------
[12:50:28] Trajet : new_Trajet_25-08-16_01-01-03

----------------------------------------------------------------------------------------------------
---------------------------------------------CheckFight---------------------------------------------
----------------------------------------------------------------------------------------------------

----------------------------------------------------------------------------------------------------
-----------------------------------------------GoFight----------------------------------------------
----------------------------------------------------------------------------------------------------
[12:50:28] Combat en cours...

----------------------------------------------------------------------------------------------------
---------------------------------------------CloseFight---------------------------------------------
----------------------------------------------------------------------------------------------------

----------------------------------------------------------------------------------------------------
----------------------------------------DisableSpectatorMode----------------------------------------
----------------------------------------------------------------------------------------------------

----------------------------------------------------------------------------------------------------
--------------------------------------------CheckFightEnd-------------------------------------------
----------------------------------------------------------------------------------------------------

----------------------------------------------------------------------------------------------------
-------------------------------------------WaitForBotTurn-------------------------------------------
----------------------------------------------------------------------------------------------------

----------------------------------------------------------------------------------------------------
--------------------------------------------CheckFightEnd-------------------------------------------
----------------------------------------------------------------------------------------------------

----------------------------------------------------------------------------------------------------
--------------------------------------------CheckFightEnd-------------------------------------------
----------------------------------------------------------------------------------------------------

----------------------------------------------------------------------------------------------------
--------------------------------------------CheckFightEnd-------------------------------------------
----------------------------------------------------------------------------------------------------

----------------------------------------------------------------------------------------------------
--------------------------------------------CheckFightEnd-------------------------------------------
----------------------------------------------------------------------------------------------------
[12:50:38] Combat terminé. [durée: 1 tour(s)]
----------------------------------------------------------------------------------------------------

----------------------------------------------------------------------------------------------------
------------------------------------------------DoJob-----------------------------------------------
----------------------------------------------------------------------------------------------------
----------------------------------------------------------------------------------------------------

----------------------------------------------------------------------------------------------------
-----------------------------------------------GetPod-----------------------------------------------
----------------------------------------------------------------------------------------------------
----------------------------------------------------------------------------------------------------

----------------------------------------------------------------------------------------------------
----------------------------------------------GoBanque----------------------------------------------
----------------------------------------------------------------------------------------------------
----------------------------------------------------------------------------------------------------

----------------------------------------------------------------------------------------------------
---------------------------------------------CheckFight---------------------------------------------
----------------------------------------------------------------------------------------------------

----------------------------------------------------------------------------------------------------
-----------------------------------------------GoFight----------------------------------------------
----------------------------------------------------------------------------------------------------
[12:50:41] Combat en cours...

----------------------------------------------------------------------------------------------------
---------------------------------------------CloseFight---------------------------------------------
----------------------------------------------------------------------------------------------------

----------------------------------------------------------------------------------------------------
----------------------------------------DisableSpectatorMode----------------------------------------
----------------------------------------------------------------------------------------------------

----------------------------------------------------------------------------------------------------
--------------------------------------------CheckFightEnd-------------------------------------------
----------------------------------------------------------------------------------------------------

----------------------------------------------------------------------------------------------------
-------------------------------------------WaitForBotTurn-------------------------------------------
----------------------------------------------------------------------------------------------------

----------------------------------------------------------------------------------------------------
--------------------------------------------CheckFightEnd-------------------------------------------
----------------------------------------------------------------------------------------------------

----------------------------------------------------------------------------------------------------
--------------------------------------------CheckFightEnd-------------------------------------------
----------------------------------------------------------------------------------------------------

----------------------------------------------------------------------------------------------------
--------------------------------------------CheckFightEnd-------------------------------------------
----------------------------------------------------------------------------------------------------
[12:50:50] Combat terminé. [durée: 1 tour(s)]
----------------------------------------------------------------------------------------------------

----------------------------------------------------------------------------------------------------
-----------------------------------------WaitForMapToChange-----------------------------------------
----------------------------------------------------------------------------------------------------
----------------------------------------------------------------------------------------------------

----------------------------------------------------------------------------------------------------
---------------------------------------------CheckFight---------------------------------------------
----------------------------------------------------------------------------------------------------

----------------------------------------------------------------------------------------------------
-----------------------------------------------GoFight----------------------------------------------
----------------------------------------------------------------------------------------------------
[12:50:52] Combat en cours...

----------------------------------------------------------------------------------------------------
---------------------------------------------CloseFight---------------------------------------------
----------------------------------------------------------------------------------------------------

----------------------------------------------------------------------------------------------------
----------------------------------------DisableSpectatorMode----------------------------------------
----------------------------------------------------------------------------------------------------

----------------------------------------------------------------------------------------------------
--------------------------------------------CheckFightEnd-------------------------------------------
----------------------------------------------------------------------------------------------------

----------------------------------------------------------------------------------------------------
-------------------------------------------WaitForBotTurn-------------------------------------------
----------------------------------------------------------------------------------------------------

----------------------------------------------------------------------------------------------------
--------------------------------------------CheckFightEnd-------------------------------------------
----------------------------------------------------------------------------------------------------

----------------------------------------------------------------------------------------------------
--------------------------------------------CheckFightEnd-------------------------------------------
----------------------------------------------------------------------------------------------------

----------------------------------------------------------------------------------------------------
--------------------------------------------CheckFightEnd-------------------------------------------
----------------------------------------------------------------------------------------------------

----------------------------------------------------------------------------------------------------
-------------------------------------------WaitForBotTurn-------------------------------------------
----------------------------------------------------------------------------------------------------

----------------------------------------------------------------------------------------------------
--------------------------------------------CheckFightEnd-------------------------------------------
----------------------------------------------------------------------------------------------------

----------------------------------------------------------------------------------------------------
--------------------------------------------CheckFightEnd-------------------------------------------
----------------------------------------------------------------------------------------------------

[12:54:44] Trajet : new_Trajet_25-08-16_01-01-03


[12:54:44] Combat en cours...





















































[12:55:56] Combat abandonné.
[12:55:58] Combat terminé. [durée: 10 tour(s)]
[12:56:21] Trajet : new_Trajet_25-08-16_01-01-03
























[12:56:55] Nombre approximatif de ressources collectées : 0
[12:56:55] Temps écoulé : 00:00:30
[12:56:55] Trajet complété !
