[13:08:24] DEBUG::Game Window : Reptam
[13:08:24] DEBUG::Game Panel Resolution : 563x415
[13:08:24] DEBUG::Move UP Point : 281x0
[13:08:24] DEBUG::Move RIGHT Point : 531x207
[13:08:24] DEBUG::Move DOWN Point : 281x355
[13:08:24] DEBUG::Move LEFT Point : 28x207
[13:08:24] DEBUG::Map Pixel To Check [1] ( X: 70 Y: 3)
[13:08:24] DEBUG::Map Pixel To Check [2] ( X: 457 Y: 3)
[13:08:24] DEBUG::Map Pixel To Check [3] ( X: 457 Y: 351)
[13:08:24] DEBUG::Map Pixel To Check [4] ( X: 70 Y: 351)
[13:08:40] DEBUG::Run Bot
[13:08:40] Trajet : new_Trajet_25-08-16_01-01-03
[13:08:40] DEBUG::Trajet File D:\Pixus Bot\Pixus\Pixus\bin\Debug\new_Trajet_25-08-16_01-01-03.txt Repeat: false
[13:08:40] DEBUG::IA File D:\Pixus Bot\Pixus\Pixus\bin\Debug\IA_combat_wait_1sec.txt

----------------------------------------------------------------------------------------------------
---------------------------------------------CheckFight---------------------------------------------
----------------------------------------------------------------------------------------------------
[13:08:40] DEBUG::Fight Detection (X: 280 Y: 410) (R: 164 G: 57 B: 3)
[13:08:40] DEBUG::Fight Detected.

----------------------------------------------------------------------------------------------------
-----------------------------------------------GoFight----------------------------------------------
----------------------------------------------------------------------------------------------------
[13:08:40] Combat en cours...

----------------------------------------------------------------------------------------------------
---------------------------------------------CloseFight---------------------------------------------
----------------------------------------------------------------------------------------------------
[13:08:40] DEBUG::CloseFight Pixel (X: 260 Y: 357) (R: 216 G: 215 B: 214)
[13:08:40] DEBUG::Fight Already Closed.

----------------------------------------------------------------------------------------------------
----------------------------------------DisableSpectatorMode----------------------------------------
----------------------------------------------------------------------------------------------------
[13:08:40] DEBUG::DisableSpectatorMode Pixel (X: 243 Y: 394) (R: 229 G: 228 B: 228)
[13:08:40] DEBUG::SpectatorMode Already Disabled.
[13:08:40] DEBUG::Start Fight

----------------------------------------------------------------------------------------------------
--------------------------------------------CheckFightEnd-------------------------------------------
----------------------------------------------------------------------------------------------------
[13:08:43] DEBUG::Fight Detection (X: 280 Y: 410) (R: 164 G: 57 B: 3)

----------------------------------------------------------------------------------------------------
-------------------------------------------WaitForBotTurn-------------------------------------------
----------------------------------------------------------------------------------------------------
[13:08:43] DEBUG::Turn Detection (X: 286 Y: 358) (R: 253 G: 92 B: 15)

----------------------------------------------------------------------------------------------------
--------------------------------------------CheckFightEnd-------------------------------------------
----------------------------------------------------------------------------------------------------
[13:08:43] DEBUG::Fight Detection (X: 280 Y: 410) (R: 164 G: 57 B: 3)

----------------------------------------------------------------------------------------------------
--------------------------------------------CheckFightEnd-------------------------------------------
----------------------------------------------------------------------------------------------------
[13:08:44] DEBUG::Fight Detection (X: 280 Y: 410) (R: 164 G: 57 B: 3)

----------------------------------------------------------------------------------------------------
--------------------------------------------CheckFightEnd-------------------------------------------
----------------------------------------------------------------------------------------------------
[13:08:45] DEBUG::Fight Detection (X: 280 Y: 410) (R: 164 G: 57 B: 3)
[13:08:45] DEBUG::Bot Turn [1]
[13:08:45] DEBUG::FightIA action : WAIT::1000
[13:08:48] DEBUG::FightIA action Done.

----------------------------------------------------------------------------------------------------
--------------------------------------------CheckFightEnd-------------------------------------------
----------------------------------------------------------------------------------------------------
[13:08:48] DEBUG::Fight Detection (X: 280 Y: 410) (R: 164 G: 57 B: 3)
[13:08:48] DEBUG::Pass Turn

----------------------------------------------------------------------------------------------------
--------------------------------------------CheckFightEnd-------------------------------------------
----------------------------------------------------------------------------------------------------
[13:08:51] DEBUG::Fight Detection (X: 280 Y: 410) (R: 164 G: 57 B: 3)

----------------------------------------------------------------------------------------------------
-------------------------------------------WaitForBotTurn-------------------------------------------
----------------------------------------------------------------------------------------------------
[13:08:51] DEBUG::Turn Detection (X: 286 Y: 358) (R: 253 G: 92 B: 15)

----------------------------------------------------------------------------------------------------
--------------------------------------------CheckFightEnd-------------------------------------------
----------------------------------------------------------------------------------------------------
[13:08:51] DEBUG::Fight Detection (X: 280 Y: 410) (R: 164 G: 57 B: 3)

----------------------------------------------------------------------------------------------------
--------------------------------------------CheckFightEnd-------------------------------------------
----------------------------------------------------------------------------------------------------
[13:08:52] DEBUG::Fight Detection (X: 280 Y: 410) (R: 164 G: 57 B: 3)
[13:08:52] DEBUG::Bot Turn [2]
[13:08:52] DEBUG::FightIA action : WAIT::1000
[13:08:55] DEBUG::FightIA action Done.

----------------------------------------------------------------------------------------------------
--------------------------------------------CheckFightEnd-------------------------------------------
----------------------------------------------------------------------------------------------------
[13:08:55] DEBUG::Fight Detection (X: 280 Y: 410) (R: 164 G: 57 B: 3)
[13:08:55] DEBUG::Pass Turn

----------------------------------------------------------------------------------------------------
--------------------------------------------CheckFightEnd-------------------------------------------
----------------------------------------------------------------------------------------------------
[13:08:58] DEBUG::Fight Detection (X: 280 Y: 410) (R: 164 G: 57 B: 3)

----------------------------------------------------------------------------------------------------
-------------------------------------------WaitForBotTurn-------------------------------------------
----------------------------------------------------------------------------------------------------
[13:08:58] DEBUG::Turn Detection (X: 286 Y: 358) (R: 253 G: 92 B: 15)

----------------------------------------------------------------------------------------------------
--------------------------------------------CheckFightEnd-------------------------------------------
----------------------------------------------------------------------------------------------------
[13:08:58] DEBUG::Fight Detection (X: 280 Y: 410) (R: 164 G: 57 B: 3)
[13:08:58] DEBUG::Bot Turn [3]
[13:08:58] DEBUG::FightIA action : WAIT::1000
[13:09:01] DEBUG::FightIA action Done.

----------------------------------------------------------------------------------------------------
--------------------------------------------CheckFightEnd-------------------------------------------
----------------------------------------------------------------------------------------------------
[13:09:01] DEBUG::Fight Detection (X: 280 Y: 410) (R: 164 G: 57 B: 3)
[13:09:01] DEBUG::Pass Turn

----------------------------------------------------------------------------------------------------
--------------------------------------------CheckFightEnd-------------------------------------------
----------------------------------------------------------------------------------------------------
[13:09:05] DEBUG::Fight Detection (X: 280 Y: 410) (R: 164 G: 57 B: 3)

----------------------------------------------------------------------------------------------------
-------------------------------------------WaitForBotTurn-------------------------------------------
----------------------------------------------------------------------------------------------------
[13:09:05] DEBUG::Turn Detection (X: 286 Y: 358) (R: 253 G: 92 B: 15)

----------------------------------------------------------------------------------------------------
--------------------------------------------CheckFightEnd-------------------------------------------
----------------------------------------------------------------------------------------------------
[13:09:05] DEBUG::Fight Detection (X: 280 Y: 410) (R: 164 G: 57 B: 3)

----------------------------------------------------------------------------------------------------
--------------------------------------------CheckFightEnd-------------------------------------------
----------------------------------------------------------------------------------------------------
[13:09:06] DEBUG::Fight Detection (X: 280 Y: 410) (R: 164 G: 57 B: 3)
[13:09:06] DEBUG::Bot Turn [4]
[13:09:06] DEBUG::FightIA action : WAIT::1000
[13:09:09] DEBUG::FightIA action Done.

----------------------------------------------------------------------------------------------------
--------------------------------------------CheckFightEnd-------------------------------------------
----------------------------------------------------------------------------------------------------
[13:09:09] DEBUG::Fight Detection (X: 280 Y: 410) (R: 164 G: 57 B: 3)
[13:09:09] DEBUG::Pass Turn

----------------------------------------------------------------------------------------------------
--------------------------------------------CheckFightEnd-------------------------------------------
----------------------------------------------------------------------------------------------------
[13:09:12] DEBUG::Fight Detection (X: 280 Y: 410) (R: 164 G: 57 B: 3)

----------------------------------------------------------------------------------------------------
-------------------------------------------WaitForBotTurn-------------------------------------------
----------------------------------------------------------------------------------------------------
[13:09:12] DEBUG::Turn Detection (X: 286 Y: 358) (R: 253 G: 92 B: 15)

----------------------------------------------------------------------------------------------------
--------------------------------------------CheckFightEnd-------------------------------------------
----------------------------------------------------------------------------------------------------
[13:09:12] DEBUG::Fight Detection (X: 280 Y: 410) (R: 164 G: 57 B: 3)
[13:09:12] DEBUG::Bot Turn [5]
[13:09:12] DEBUG::FightIA action : WAIT::1000
[13:09:15] DEBUG::FightIA action Done.

----------------------------------------------------------------------------------------------------
--------------------------------------------CheckFightEnd-------------------------------------------
----------------------------------------------------------------------------------------------------
[13:09:15] DEBUG::Fight Detection (X: 280 Y: 410) (R: 164 G: 57 B: 3)
[13:09:15] DEBUG::Pass Turn

----------------------------------------------------------------------------------------------------
--------------------------------------------CheckFightEnd-------------------------------------------
----------------------------------------------------------------------------------------------------
[13:09:18] DEBUG::Fight Detection (X: 280 Y: 410) (R: 164 G: 57 B: 3)

----------------------------------------------------------------------------------------------------
-------------------------------------------WaitForBotTurn-------------------------------------------
----------------------------------------------------------------------------------------------------
[13:09:18] DEBUG::Turn Detection (X: 286 Y: 358) (R: 253 G: 92 B: 15)

----------------------------------------------------------------------------------------------------
--------------------------------------------CheckFightEnd-------------------------------------------
----------------------------------------------------------------------------------------------------
[13:09:18] DEBUG::Fight Detection (X: 280 Y: 410) (R: 164 G: 57 B: 3)

----------------------------------------------------------------------------------------------------
--------------------------------------------CheckFightEnd-------------------------------------------
----------------------------------------------------------------------------------------------------
[13:09:19] DEBUG::Fight Detection (X: 280 Y: 410) (R: 164 G: 57 B: 3)

----------------------------------------------------------------------------------------------------
--------------------------------------------CheckFightEnd-------------------------------------------
----------------------------------------------------------------------------------------------------
[13:09:20] DEBUG::Fight Detection (X: 280 Y: 410) (R: 164 G: 57 B: 3)

----------------------------------------------------------------------------------------------------
--------------------------------------------CheckFightEnd-------------------------------------------
----------------------------------------------------------------------------------------------------
[13:09:21] DEBUG::Fight Detection (X: 280 Y: 410) (R: 164 G: 57 B: 3)
[13:09:21] DEBUG::Bot Turn [6]
[13:09:21] DEBUG::FightIA action : WAIT::1000
[13:09:24] DEBUG::FightIA action Done.

----------------------------------------------------------------------------------------------------
--------------------------------------------CheckFightEnd-------------------------------------------
----------------------------------------------------------------------------------------------------
[13:09:24] DEBUG::Fight Detection (X: 280 Y: 410) (R: 164 G: 57 B: 3)
[13:09:24] DEBUG::Pass Turn

----------------------------------------------------------------------------------------------------
--------------------------------------------CheckFightEnd-------------------------------------------
----------------------------------------------------------------------------------------------------
[13:09:27] DEBUG::Fight Detection (X: 280 Y: 410) (R: 164 G: 57 B: 3)

----------------------------------------------------------------------------------------------------
-------------------------------------------WaitForBotTurn-------------------------------------------
----------------------------------------------------------------------------------------------------
[13:09:27] DEBUG::Turn Detection (X: 286 Y: 358) (R: 253 G: 92 B: 15)

----------------------------------------------------------------------------------------------------
--------------------------------------------CheckFightEnd-------------------------------------------
----------------------------------------------------------------------------------------------------
[13:09:27] DEBUG::Fight Detection (X: 280 Y: 410) (R: 164 G: 57 B: 3)

----------------------------------------------------------------------------------------------------
--------------------------------------------CheckFightEnd-------------------------------------------
----------------------------------------------------------------------------------------------------
[13:09:28] DEBUG::Fight Detection (X: 280 Y: 410) (R: 164 G: 57 B: 3)

----------------------------------------------------------------------------------------------------
--------------------------------------------CheckFightEnd-------------------------------------------
----------------------------------------------------------------------------------------------------
[13:09:29] DEBUG::Fight Detection (X: 280 Y: 410) (R: 164 G: 57 B: 3)

----------------------------------------------------------------------------------------------------
--------------------------------------------CheckFightEnd-------------------------------------------
----------------------------------------------------------------------------------------------------
[13:09:30] DEBUG::Fight Detection (X: 280 Y: 410) (R: 164 G: 57 B: 3)
[13:09:30] DEBUG::Bot Turn [7]
[13:09:30] DEBUG::FightIA action : WAIT::1000
[13:09:33] DEBUG::FightIA action Done.

----------------------------------------------------------------------------------------------------
--------------------------------------------CheckFightEnd-------------------------------------------
----------------------------------------------------------------------------------------------------
[13:09:33] DEBUG::Fight Detection (X: 280 Y: 410) (R: 164 G: 57 B: 3)
[13:09:33] DEBUG::Pass Turn

----------------------------------------------------------------------------------------------------
--------------------------------------------CheckFightEnd-------------------------------------------
----------------------------------------------------------------------------------------------------
[13:09:36] DEBUG::Fight Detection (X: 280 Y: 410) (R: 164 G: 57 B: 3)

----------------------------------------------------------------------------------------------------
-------------------------------------------WaitForBotTurn-------------------------------------------
----------------------------------------------------------------------------------------------------
[13:09:36] DEBUG::Turn Detection (X: 286 Y: 358) (R: 253 G: 92 B: 15)

----------------------------------------------------------------------------------------------------
--------------------------------------------CheckFightEnd-------------------------------------------
----------------------------------------------------------------------------------------------------
[13:09:36] DEBUG::Fight Detection (X: 280 Y: 410) (R: 164 G: 57 B: 3)

----------------------------------------------------------------------------------------------------
--------------------------------------------CheckFightEnd-------------------------------------------
----------------------------------------------------------------------------------------------------
[13:09:37] DEBUG::Fight Detection (X: 280 Y: 410) (R: 164 G: 57 B: 3)

----------------------------------------------------------------------------------------------------
--------------------------------------------CheckFightEnd-------------------------------------------
----------------------------------------------------------------------------------------------------
[13:09:38] DEBUG::Fight Detection (X: 280 Y: 410) (R: 164 G: 57 B: 3)

----------------------------------------------------------------------------------------------------
--------------------------------------------CheckFightEnd-------------------------------------------
----------------------------------------------------------------------------------------------------
[13:09:39] DEBUG::Fight Detection (X: 280 Y: 410) (R: 164 G: 57 B: 3)
[13:09:39] DEBUG::Bot Turn [8]
[13:09:39] DEBUG::FightIA action : WAIT::1000
[13:09:42] DEBUG::FightIA action Done.

----------------------------------------------------------------------------------------------------
--------------------------------------------CheckFightEnd-------------------------------------------
----------------------------------------------------------------------------------------------------
[13:09:43] DEBUG::Fight Detection (X: 280 Y: 410) (R: 164 G: 57 B: 3)
[13:09:43] DEBUG::Pass Turn

----------------------------------------------------------------------------------------------------
--------------------------------------------CheckFightEnd-------------------------------------------
----------------------------------------------------------------------------------------------------
[13:09:46] DEBUG::Fight Detection (X: 280 Y: 410) (R: 164 G: 57 B: 3)

----------------------------------------------------------------------------------------------------
-------------------------------------------WaitForBotTurn-------------------------------------------
----------------------------------------------------------------------------------------------------
[13:09:46] DEBUG::Turn Detection (X: 286 Y: 358) (R: 253 G: 92 B: 15)

----------------------------------------------------------------------------------------------------
--------------------------------------------CheckFightEnd-------------------------------------------
----------------------------------------------------------------------------------------------------
[13:09:46] DEBUG::Fight Detection (X: 280 Y: 410) (R: 164 G: 57 B: 3)

----------------------------------------------------------------------------------------------------
--------------------------------------------CheckFightEnd-------------------------------------------
----------------------------------------------------------------------------------------------------
[13:09:47] DEBUG::Fight Detection (X: 280 Y: 410) (R: 164 G: 57 B: 3)

----------------------------------------------------------------------------------------------------
--------------------------------------------CheckFightEnd-------------------------------------------
----------------------------------------------------------------------------------------------------
[13:09:48] DEBUG::Fight Detection (X: 280 Y: 410) (R: 164 G: 57 B: 3)

----------------------------------------------------------------------------------------------------
--------------------------------------------CheckFightEnd-------------------------------------------
----------------------------------------------------------------------------------------------------
[13:09:49] DEBUG::Fight Detection (X: 280 Y: 410) (R: 164 G: 57 B: 3)
[13:09:49] DEBUG::Bot Turn [9]
[13:09:49] DEBUG::FightIA action : WAIT::1000
[13:09:52] DEBUG::FightIA action Done.

----------------------------------------------------------------------------------------------------
--------------------------------------------CheckFightEnd-------------------------------------------
----------------------------------------------------------------------------------------------------
[13:09:52] DEBUG::Fight Detection (X: 280 Y: 410) (R: 164 G: 57 B: 3)
[13:09:52] DEBUG::Pass Turn

----------------------------------------------------------------------------------------------------
--------------------------------------------CheckFightEnd-------------------------------------------
----------------------------------------------------------------------------------------------------
[13:09:55] DEBUG::Fight Detection (X: 280 Y: 410) (R: 164 G: 57 B: 3)

----------------------------------------------------------------------------------------------------
-------------------------------------------WaitForBotTurn-------------------------------------------
----------------------------------------------------------------------------------------------------
[13:09:55] DEBUG::Turn Detection (X: 286 Y: 358) (R: 253 G: 92 B: 15)

----------------------------------------------------------------------------------------------------
--------------------------------------------CheckFightEnd-------------------------------------------
----------------------------------------------------------------------------------------------------
[13:09:55] DEBUG::Fight Detection (X: 280 Y: 410) (R: 164 G: 57 B: 3)

----------------------------------------------------------------------------------------------------
--------------------------------------------CheckFightEnd-------------------------------------------
----------------------------------------------------------------------------------------------------
[13:09:56] DEBUG::Fight Detection (X: 280 Y: 410) (R: 164 G: 57 B: 3)

----------------------------------------------------------------------------------------------------
--------------------------------------------CheckFightEnd-------------------------------------------
----------------------------------------------------------------------------------------------------
[13:09:57] DEBUG::Fight Detection (X: 280 Y: 410) (R: 164 G: 57 B: 3)

----------------------------------------------------------------------------------------------------
--------------------------------------------CheckFightEnd-------------------------------------------
----------------------------------------------------------------------------------------------------
[13:09:58] DEBUG::Fight Detection (X: 280 Y: 410) (R: 164 G: 57 B: 3)
[13:09:58] DEBUG::Bot Turn [10]
[13:09:59] Combat abandonné.
[13:09:59] DEBUG::Closing Popup : Abandonner combat (ok)
[13:10:00] DEBUG::Closing Popup : Fin combat [Monstre x1] (Fermer)
[13:10:01] Combat terminé. [durée: 10 tour(s)]
[13:10:01] DEBUG::Suspend Bot
----------------------------------------------------------------------------------------------------
[13:10:01] DEBUG::Cleaning Minimap
[13:11:25] Trajet : new_Trajet_25-08-16_01-01-03
[13:11:25] Combat en cours...
[13:12:44] Combat abandonné.
[13:12:46] Combat terminé. [durée: 10 tour(s)]
[13:15:17] Trajet : new_Trajet_25-08-16_01-01-03
[13:15:17] Combat en cours...
[13:35:41] Trajet : new_Trajet_25-08-16_01-01-03
[13:35:41] Combat en cours...
[13:37:43] Trajet : new_Trajet_25-08-16_01-01-03
[13:37:43] Combat en cours...
[13:38:20] Trajet : new_Trajet_25-08-16_01-01-03
[13:38:20] Combat en cours...
[13:38:33] Combat terminé. [durée: 1 tour(s)]
[13:39:00] La map ne change pas, veuillez vérifier/modifier le trajet.
